{"/home/ubuntu/Projects/school/topflow/app/layout.tsx": {"path":"/home/ubuntu/Projects/school/topflow/app/layout.tsx","statementMap":{"0":{"start":{"line":69,"column":24},"end":{"line":69,"column":35}},"1":{"start":{"line":21,"column":13},"end":{"line":21,"column":34}},"2":{"start":{"line":3,"column":34},"end":{"line":3,"column":null}},"3":{"start":{"line":4,"column":26},"end":{"line":4,"column":null}},"4":{"start":{"line":5,"column":25},"end":{"line":5,"column":null}},"5":{"start":{"line":6,"column":30},"end":{"line":6,"column":null}},"6":{"start":{"line":7,"column":29},"end":{"line":7,"column":null}},"7":{"start":{"line":8,"column":26},"end":{"line":8,"column":null}},"8":{"start":{"line":9,"column":7},"end":{"line":9,"column":null}},"9":{"start":{"line":11,"column":18},"end":{"line":14,"column":null}},"10":{"start":{"line":16,"column":18},"end":{"line":19,"column":null}},"11":{"start":{"line":21,"column":34},"end":{"line":67,"column":null}}},"fnMap":{"0":{"name":"RootLayout","decl":{"start":{"line":69,"column":24},"end":{"line":69,"column":35}},"loc":{"start":{"line":73,"column":2},"end":{"line":86,"column":null}}}},"branchMap":{},"s":{"0":0,"1":0,"2":0,"3":0,"4":0,"5":0,"6":0,"7":0,"8":0,"9":0,"10":0,"11":0},"f":{"0":0},"b":{}}
,"/home/ubuntu/Projects/school/topflow/app/opengraph-image.tsx": {"path":"/home/ubuntu/Projects/school/topflow/app/opengraph-image.tsx","statementMap":{"0":{"start":{"line":4,"column":13},"end":{"line":4,"column":19}},"1":{"start":{"line":9,"column":13},"end":{"line":9,"column":27}},"2":{"start":{"line":11,"column":30},"end":{"line":11,"column":null}},"3":{"start":{"line":3,"column":13},"end":{"line":3,"column":23}},"4":{"start":{"line":5,"column":13},"end":{"line":5,"column":20}},"5":{"start":{"line":1,"column":30},"end":{"line":1,"column":null}},"6":{"start":{"line":3,"column":23},"end":{"line":3,"column":null}},"7":{"start":{"line":4,"column":19},"end":{"line":4,"column":null}},"8":{"start":{"line":5,"column":20},"end":{"line":8,"column":null}},"9":{"start":{"line":9,"column":27},"end":{"line":9,"column":null}},"10":{"start":{"line":12,"column":2},"end":{"line":153,"column":null}}},"fnMap":{"0":{"name":"Image","decl":{"start":{"line":11,"column":30},"end":{"line":11,"column":null}},"loc":{"start":{"line":11,"column":30},"end":{"line":155,"column":null}}}},"branchMap":{},"s":{"0":0,"1":0,"2":0,"3":0,"4":0,"5":0,"6":0,"7":0,"8":0,"9":0,"10":0},"f":{"0":0},"b":{}}
,"/home/ubuntu/Projects/school/topflow/app/robots.ts": {"path":"/home/ubuntu/Projects/school/topflow/app/robots.ts","statementMap":{"0":{"start":{"line":3,"column":24},"end":{"line":3,"column":null}},"1":{"start":{"line":4,"column":2},"end":{"line":13,"column":null}}},"fnMap":{"0":{"name":"robots","decl":{"start":{"line":3,"column":24},"end":{"line":3,"column":null}},"loc":{"start":{"line":3,"column":24},"end":{"line":14,"column":null}}}},"branchMap":{},"s":{"0":0,"1":0},"f":{"0":0},"b":{}}
,"/home/ubuntu/Projects/school/topflow/app/sitemap.ts": {"path":"/home/ubuntu/Projects/school/topflow/app/sitemap.ts","statementMap":{"0":{"start":{"line":3,"column":24},"end":{"line":3,"column":null}},"1":{"start":{"line":4,"column":18},"end":{"line":4,"column":null}},"2":{"start":{"line":5,"column":23},"end":{"line":5,"column":null}},"3":{"start":{"line":7,"column":2},"end":{"line":86,"column":null}}},"fnMap":{"0":{"name":"sitemap","decl":{"start":{"line":3,"column":24},"end":{"line":3,"column":null}},"loc":{"start":{"line":3,"column":24},"end":{"line":87,"column":null}}}},"branchMap":{},"s":{"0":0,"1":0,"2":0,"3":0},"f":{"0":0},"b":{}}
,"/home/ubuntu/Projects/school/topflow/app/(marketing)/page.tsx": {"path":"/home/ubuntu/Projects/school/topflow/app/(marketing)/page.tsx","statementMap":{"0":{"start":{"line":12,"column":24},"end":{"line":12,"column":null}},"1":{"start":{"line":3,"column":28},"end":{"line":3,"column":null}},"2":{"start":{"line":4,"column":40},"end":{"line":4,"column":null}},"3":{"start":{"line":5,"column":23},"end":{"line":5,"column":null}},"4":{"start":{"line":6,"column":62},"end":{"line":6,"column":null}},"5":{"start":{"line":7,"column":17},"end":{"line":7,"column":null}},"6":{"start":{"line":8,"column":32},"end":{"line":8,"column":null}},"7":{"start":{"line":9,"column":26},"end":{"line":9,"column":null}},"8":{"start":{"line":10,"column":36},"end":{"line":10,"column":null}},"9":{"start":{"line":13,"column":17},"end":{"line":13,"column":null}},"10":{"start":{"line":14,"column":36},"end":{"line":14,"column":null}},"11":{"start":{"line":16,"column":2},"end":{"line":20,"column":null}},"12":{"start":{"line":18,"column":30},"end":{"line":18,"column":null}},"13":{"start":{"line":18,"column":73},"end":{"line":18,"column":null}},"14":{"start":{"line":19,"column":4},"end":{"line":19,"column":null}},"15":{"start":{"line":22,"column":28},"end":{"line":28,"column":null}},"16":{"start":{"line":24,"column":4},"end":{"line":27,"column":null}},"17":{"start":{"line":25,"column":6},"end":{"line":25,"column":null}},"18":{"start":{"line":26,"column":6},"end":{"line":26,"column":null}},"19":{"start":{"line":67,"column":25},"end":{"line":67,"column":null}},"20":{"start":{"line":68,"column":26},"end":{"line":68,"column":null}}},"fnMap":{"0":{"name":"HomePage","decl":{"start":{"line":12,"column":24},"end":{"line":12,"column":null}},"loc":{"start":{"line":12,"column":24},"end":{"line":200,"column":null}}},"1":{"name":"(anonymous_3)","decl":{"start":{"line":16,"column":12},"end":{"line":16,"column":null}},"loc":{"start":{"line":16,"column":12},"end":{"line":20,"column":5}}},"2":{"name":"(anonymous_4)","decl":{"start":{"line":18,"column":68},"end":{"line":18,"column":73}},"loc":{"start":{"line":18,"column":73},"end":{"line":18,"column":null}}},"3":{"name":"(anonymous_5)","decl":{"start":{"line":22,"column":28},"end":{"line":22,"column":29}},"loc":{"start":{"line":22,"column":29},"end":{"line":28,"column":null}}},"4":{"name":"(anonymous_6)","decl":{"start":{"line":67,"column":19},"end":{"line":67,"column":25}},"loc":{"start":{"line":67,"column":25},"end":{"line":67,"column":null}}},"5":{"name":"(anonymous_7)","decl":{"start":{"line":68,"column":20},"end":{"line":68,"column":26}},"loc":{"start":{"line":68,"column":26},"end":{"line":68,"column":null}}}},"branchMap":{"0":{"loc":{"start":{"line":24,"column":4},"end":{"line":27,"column":null}},"type":"if","locations":[{"start":{"line":24,"column":4},"end":{"line":27,"column":null}},{"start":{},"end":{}}]}},"s":{"0":0,"1":0,"2":0,"3":0,"4":0,"5":0,"6":0,"7":0,"8":0,"9":0,"10":0,"11":0,"12":0,"13":0,"14":0,"15":0,"16":0,"17":0,"18":0,"19":0,"20":0},"f":{"0":0,"1":0,"2":0,"3":0,"4":0,"5":0},"b":{"0":[0,0]}}
,"/home/ubuntu/Projects/school/topflow/app/about/page.tsx": {"path":"/home/ubuntu/Projects/school/topflow/app/about/page.tsx","statementMap":{"0":{"start":{"line":15,"column":24},"end":{"line":15,"column":null}},"1":{"start":{"line":9,"column":13},"end":{"line":9,"column":34}},"2":{"start":{"line":2,"column":74},"end":{"line":2,"column":null}},"3":{"start":{"line":3,"column":23},"end":{"line":3,"column":null}},"4":{"start":{"line":4,"column":22},"end":{"line":4,"column":null}},"5":{"start":{"line":5,"column":39},"end":{"line":5,"column":null}},"6":{"start":{"line":6,"column":82},"end":{"line":6,"column":null}},"7":{"start":{"line":7,"column":17},"end":{"line":7,"column":null}},"8":{"start":{"line":9,"column":34},"end":{"line":13,"column":null}}},"fnMap":{"0":{"name":"AboutPage","decl":{"start":{"line":15,"column":24},"end":{"line":15,"column":null}},"loc":{"start":{"line":15,"column":24},"end":{"line":289,"column":null}}}},"branchMap":{},"s":{"0":0,"1":0,"2":0,"3":0,"4":0,"5":0,"6":0,"7":0,"8":0},"f":{"0":0},"b":{}}
,"/home/ubuntu/Projects/school/topflow/app/api/demo-country/route.ts": {"path":"/home/ubuntu/Projects/school/topflow/app/api/demo-country/route.ts","statementMap":{"0":{"start":{"line":1,"column":22},"end":{"line":1,"column":26}},"1":{"start":{"line":2,"column":2},"end":{"line":7,"column":null}},"2":{"start":{"line":3,"column":4},"end":{"line":6,"column":null}},"3":{"start":{"line":9,"column":18},"end":{"line":9,"column":null}},"4":{"start":{"line":10,"column":2},"end":{"line":13,"column":null}}},"fnMap":{"0":{"name":"GET","decl":{"start":{"line":1,"column":22},"end":{"line":1,"column":26}},"loc":{"start":{"line":1,"column":42},"end":{"line":14,"column":null}}}},"branchMap":{"0":{"loc":{"start":{"line":2,"column":2},"end":{"line":7,"column":null}},"type":"if","locations":[{"start":{"line":2,"column":2},"end":{"line":7,"column":null}},{"start":{},"end":{}}]}},"s":{"0":0,"1":0,"2":0,"3":0,"4":0},"f":{"0":0},"b":{"0":[0,0]}}
,"/home/ubuntu/Projects/school/topflow/app/api/demo-iot-telemetry/route.ts": {"path":"/home/ubuntu/Projects/school/topflow/app/api/demo-iot-telemetry/route.ts","statementMap":{"0":{"start":{"line":19,"column":22},"end":{"line":19,"column":null}},"1":{"start":{"line":184,"column":22},"end":{"line":184,"column":null}},"2":{"start":{"line":12,"column":13},"end":{"line":12,"column":23}},"3":{"start":{"line":10,"column":29},"end":{"line":10,"column":null}},"4":{"start":{"line":12,"column":23},"end":{"line":12,"column":null}},"5":{"start":{"line":21,"column":2},"end":{"line":21,"column":null}},"6":{"start":{"line":21,"column":33},"end":{"line":21,"column":null}},"7":{"start":{"line":23,"column":2},"end":{"line":178,"column":null}},"8":{"start":{"line":185,"column":2},"end":{"line":192,"column":null}}},"fnMap":{"0":{"name":"GET","decl":{"start":{"line":19,"column":22},"end":{"line":19,"column":null}},"loc":{"start":{"line":19,"column":22},"end":{"line":179,"column":null}}},"1":{"name":"(anonymous_5)","decl":{"start":{"line":21,"column":20},"end":{"line":21,"column":21}},"loc":{"start":{"line":21,"column":33},"end":{"line":21,"column":null}}},"2":{"name":"OPTIONS","decl":{"start":{"line":184,"column":22},"end":{"line":184,"column":null}},"loc":{"start":{"line":184,"column":22},"end":{"line":193,"column":null}}}},"branchMap":{},"s":{"0":0,"1":0,"2":0,"3":0,"4":0,"5":0,"6":0,"7":0,"8":0},"f":{"0":0,"1":0,"2":0},"b":{}}
,"/home/ubuntu/Projects/school/topflow/app/api/demo-it-threat-intel/route.ts": {"path":"/home/ubuntu/Projects/school/topflow/app/api/demo-it-threat-intel/route.ts","statementMap":{"0":{"start":{"line":19,"column":22},"end":{"line":19,"column":null}},"1":{"start":{"line":109,"column":22},"end":{"line":109,"column":null}},"2":{"start":{"line":12,"column":13},"end":{"line":12,"column":23}},"3":{"start":{"line":10,"column":29},"end":{"line":10,"column":null}},"4":{"start":{"line":12,"column":23},"end":{"line":12,"column":null}},"5":{"start":{"line":21,"column":2},"end":{"line":21,"column":null}},"6":{"start":{"line":21,"column":33},"end":{"line":21,"column":null}},"7":{"start":{"line":23,"column":2},"end":{"line":103,"column":null}},"8":{"start":{"line":110,"column":2},"end":{"line":117,"column":null}}},"fnMap":{"0":{"name":"GET","decl":{"start":{"line":19,"column":22},"end":{"line":19,"column":null}},"loc":{"start":{"line":19,"column":22},"end":{"line":104,"column":null}}},"1":{"name":"(anonymous_5)","decl":{"start":{"line":21,"column":20},"end":{"line":21,"column":21}},"loc":{"start":{"line":21,"column":33},"end":{"line":21,"column":null}}},"2":{"name":"OPTIONS","decl":{"start":{"line":109,"column":22},"end":{"line":109,"column":null}},"loc":{"start":{"line":109,"column":22},"end":{"line":118,"column":null}}}},"branchMap":{},"s":{"0":0,"1":0,"2":0,"3":0,"4":0,"5":0,"6":0,"7":0,"8":0},"f":{"0":0,"1":0,"2":0},"b":{}}
,"/home/ubuntu/Projects/school/topflow/app/api/demo-ot-threat-intel/route.ts": {"path":"/home/ubuntu/Projects/school/topflow/app/api/demo-ot-threat-intel/route.ts","statementMap":{"0":{"start":{"line":19,"column":22},"end":{"line":19,"column":null}},"1":{"start":{"line":128,"column":22},"end":{"line":128,"column":null}},"2":{"start":{"line":12,"column":13},"end":{"line":12,"column":23}},"3":{"start":{"line":10,"column":29},"end":{"line":10,"column":null}},"4":{"start":{"line":12,"column":23},"end":{"line":12,"column":null}},"5":{"start":{"line":21,"column":2},"end":{"line":21,"column":null}},"6":{"start":{"line":21,"column":33},"end":{"line":21,"column":null}},"7":{"start":{"line":23,"column":2},"end":{"line":122,"column":null}},"8":{"start":{"line":129,"column":2},"end":{"line":136,"column":null}}},"fnMap":{"0":{"name":"GET","decl":{"start":{"line":19,"column":22},"end":{"line":19,"column":null}},"loc":{"start":{"line":19,"column":22},"end":{"line":123,"column":null}}},"1":{"name":"(anonymous_5)","decl":{"start":{"line":21,"column":20},"end":{"line":21,"column":21}},"loc":{"start":{"line":21,"column":33},"end":{"line":21,"column":null}}},"2":{"name":"OPTIONS","decl":{"start":{"line":128,"column":22},"end":{"line":128,"column":null}},"loc":{"start":{"line":128,"column":22},"end":{"line":137,"column":null}}}},"branchMap":{},"s":{"0":0,"1":0,"2":0,"3":0,"4":0,"5":0,"6":0,"7":0,"8":0},"f":{"0":0,"1":0,"2":0},"b":{}}
,"/home/ubuntu/Projects/school/topflow/app/api/demo-threat-intel/route.ts": {"path":"/home/ubuntu/Projects/school/topflow/app/api/demo-threat-intel/route.ts","statementMap":{"0":{"start":{"line":19,"column":22},"end":{"line":19,"column":null}},"1":{"start":{"line":167,"column":22},"end":{"line":167,"column":null}},"2":{"start":{"line":12,"column":13},"end":{"line":12,"column":23}},"3":{"start":{"line":10,"column":29},"end":{"line":10,"column":null}},"4":{"start":{"line":12,"column":23},"end":{"line":12,"column":null}},"5":{"start":{"line":21,"column":2},"end":{"line":21,"column":null}},"6":{"start":{"line":21,"column":33},"end":{"line":21,"column":null}},"7":{"start":{"line":24,"column":21},"end":{"line":24,"column":null}},"8":{"start":{"line":26,"column":2},"end":{"line":161,"column":null}},"9":{"start":{"line":28,"column":4},"end":{"line":105,"column":null}},"10":{"start":{"line":108,"column":4},"end":{"line":160,"column":null}},"11":{"start":{"line":168,"column":2},"end":{"line":175,"column":null}}},"fnMap":{"0":{"name":"GET","decl":{"start":{"line":19,"column":22},"end":{"line":19,"column":null}},"loc":{"start":{"line":19,"column":22},"end":{"line":162,"column":null}}},"1":{"name":"(anonymous_5)","decl":{"start":{"line":21,"column":20},"end":{"line":21,"column":21}},"loc":{"start":{"line":21,"column":33},"end":{"line":21,"column":null}}},"2":{"name":"OPTIONS","decl":{"start":{"line":167,"column":22},"end":{"line":167,"column":null}},"loc":{"start":{"line":167,"column":22},"end":{"line":176,"column":null}}}},"branchMap":{"0":{"loc":{"start":{"line":26,"column":2},"end":{"line":161,"column":null}},"type":"if","locations":[{"start":{"line":26,"column":2},"end":{"line":161,"column":null}},{"start":{"line":106,"column":9},"end":{"line":161,"column":null}}]}},"s":{"0":0,"1":0,"2":0,"3":0,"4":0,"5":0,"6":0,"7":0,"8":0,"9":0,"10":0,"11":0},"f":{"0":0,"1":0,"2":0},"b":{"0":[0,0]}}
,"/home/ubuntu/Projects/school/topflow/app/api/execute-workflow/route.ts": {"path":"/home/ubuntu/Projects/school/topflow/app/api/execute-workflow/route.ts","statementMap":{"0":{"start":{"line":65,"column":22},"end":{"line":65,"column":27}},"1":{"start":{"line":8,"column":13},"end":{"line":8,"column":27}},"2":{"start":{"line":2,"column":39},"end":{"line":2,"column":null}},"3":{"start":{"line":3,"column":50},"end":{"line":3,"column":null}},"4":{"start":{"line":5,"column":34},"end":{"line":5,"column":null}},"5":{"start":{"line":6,"column":51},"end":{"line":6,"column":null}},"6":{"start":{"line":8,"column":27},"end":{"line":8,"column":null}},"7":{"start":{"line":14,"column":23},"end":{"line":14,"column":null}},"8":{"start":{"line":17,"column":14},"end":{"line":17,"column":null}},"9":{"start":{"line":18,"column":16},"end":{"line":18,"column":null}},"10":{"start":{"line":20,"column":2},"end":{"line":26,"column":null}},"11":{"start":{"line":21,"column":4},"end":{"line":24,"column":null}},"12":{"start":{"line":25,"column":4},"end":{"line":25,"column":null}},"13":{"start":{"line":28,"column":2},"end":{"line":30,"column":null}},"14":{"start":{"line":29,"column":4},"end":{"line":29,"column":null}},"15":{"start":{"line":32,"column":2},"end":{"line":32,"column":null}},"16":{"start":{"line":33,"column":2},"end":{"line":33,"column":null}},"17":{"start":{"line":41,"column":2},"end":{"line":43,"column":null}},"18":{"start":{"line":42,"column":4},"end":{"line":42,"column":null}},"19":{"start":{"line":44,"column":2},"end":{"line":46,"column":null}},"20":{"start":{"line":45,"column":4},"end":{"line":45,"column":null}},"21":{"start":{"line":45,"column":31},"end":{"line":45,"column":null}},"22":{"start":{"line":47,"column":2},"end":{"line":57,"column":null}},"23":{"start":{"line":48,"column":27},"end":{"line":48,"column":null}},"24":{"start":{"line":49,"column":4},"end":{"line":55,"column":null}},"25":{"start":{"line":50,"column":6},"end":{"line":54,"column":null}},"26":{"start":{"line":51,"column":8},"end":{"line":51,"column":null}},"27":{"start":{"line":53,"column":8},"end":{"line":53,"column":null}},"28":{"start":{"line":56,"column":4},"end":{"line":56,"column":null}},"29":{"start":{"line":58,"column":2},"end":{"line":58,"column":null}},"30":{"start":{"line":67,"column":19},"end":{"line":67,"column":null}},"31":{"start":{"line":68,"column":2},"end":{"line":76,"column":null}},"32":{"start":{"line":69,"column":4},"end":{"line":74,"column":null}},"33":{"start":{"line":78,"column":18},"end":{"line":78,"column":null}},"34":{"start":{"line":79,"column":17},"end":{"line":219,"column":null}},"35":{"start":{"line":81,"column":25},"end":{"line":83,"column":null}},"36":{"start":{"line":82,"column":8},"end":{"line":82,"column":null}},"37":{"start":{"line":85,"column":6},"end":{"line":217,"column":null}},"38":{"start":{"line":96,"column":12},"end":{"line":96,"column":null}},"39":{"start":{"line":102,"column":25},"end":{"line":102,"column":null}},"40":{"start":{"line":104,"column":8},"end":{"line":138,"column":null}},"41":{"start":{"line":105,"column":29},"end":{"line":105,"column":null}},"42":{"start":{"line":107,"column":10},"end":{"line":137,"column":null}},"43":{"start":{"line":109,"column":12},"end":{"line":124,"column":null}},"44":{"start":{"line":110,"column":14},"end":{"line":113,"column":null}},"45":{"start":{"line":116,"column":31},"end":{"line":116,"column":null}},"46":{"start":{"line":117,"column":14},"end":{"line":117,"column":null}},"47":{"start":{"line":117,"column":45},"end":{"line":117,"column":null}},"48":{"start":{"line":119,"column":14},"end":{"line":123,"column":null}},"49":{"start":{"line":126,"column":12},"end":{"line":126,"column":null}},"50":{"start":{"line":127,"column":12},"end":{"line":127,"column":null}},"51":{"start":{"line":128,"column":12},"end":{"line":128,"column":null}},"52":{"start":{"line":131,"column":12},"end":{"line":134,"column":null}},"53":{"start":{"line":135,"column":12},"end":{"line":135,"column":null}},"54":{"start":{"line":136,"column":12},"end":{"line":136,"column":null}},"55":{"start":{"line":144,"column":31},"end":{"line":147,"column":null}},"56":{"start":{"line":144,"column":52},"end":{"line":147,"column":null}},"57":{"start":{"line":153,"column":33},"end":{"line":153,"column":null}},"58":{"start":{"line":154,"column":23},"end":{"line":154,"column":null}},"59":{"start":{"line":154,"column":58},"end":{"line":154,"column":null}},"60":{"start":{"line":156,"column":8},"end":{"line":163,"column":null}},"61":{"start":{"line":157,"column":10},"end":{"line":160,"column":null}},"62":{"start":{"line":161,"column":10},"end":{"line":161,"column":null}},"63":{"start":{"line":162,"column":10},"end":{"line":162,"column":null}},"64":{"start":{"line":166,"column":8},"end":{"line":178,"column":null}},"65":{"start":{"line":167,"column":31},"end":{"line":167,"column":null}},"66":{"start":{"line":168,"column":31},"end":{"line":168,"column":null}},"67":{"start":{"line":168,"column":62},"end":{"line":168,"column":null}},"68":{"start":{"line":170,"column":10},"end":{"line":177,"column":null}},"69":{"start":{"line":171,"column":12},"end":{"line":174,"column":null}},"70":{"start":{"line":175,"column":12},"end":{"line":175,"column":null}},"71":{"start":{"line":176,"column":12},"end":{"line":176,"column":null}},"72":{"start":{"line":184,"column":23},"end":{"line":184,"column":null}},"73":{"start":{"line":186,"column":23},"end":{"line":193,"column":null}},"74":{"start":{"line":196,"column":8},"end":{"line":201,"column":null}},"75":{"start":{"line":197,"column":10},"end":{"line":200,"column":null}},"76":{"start":{"line":203,"column":8},"end":{"line":203,"column":null}},"77":{"start":{"line":205,"column":8},"end":{"line":205,"column":null}},"78":{"start":{"line":206,"column":29},"end":{"line":206,"column":null}},"79":{"start":{"line":208,"column":8},"end":{"line":213,"column":null}},"80":{"start":{"line":216,"column":8},"end":{"line":216,"column":null}},"81":{"start":{"line":221,"column":2},"end":{"line":227,"column":null}}},"fnMap":{"0":{"name":"checkRateLimit","decl":{"start":{"line":16,"column":9},"end":{"line":16,"column":24}},"loc":{"start":{"line":16,"column":42},"end":{"line":34,"column":null}}},"1":{"name":"sanitizeInput","decl":{"start":{"line":40,"column":9},"end":{"line":40,"column":23}},"loc":{"start":{"line":40,"column":58},"end":{"line":59,"column":null}}},"2":{"name":"(anonymous_5)","decl":{"start":{"line":45,"column":21},"end":{"line":45,"column":22}},"loc":{"start":{"line":45,"column":31},"end":{"line":45,"column":null}}},"3":{"name":"POST","decl":{"start":{"line":65,"column":22},"end":{"line":65,"column":27}},"loc":{"start":{"line":65,"column":39},"end":{"line":228,"column":null}}},"4":{"name":"(anonymous_7)","decl":{"start":{"line":80,"column":4},"end":{"line":80,"column":10}},"loc":{"start":{"line":80,"column":26},"end":{"line":218,"column":null}}},"5":{"name":"(anonymous_8)","decl":{"start":{"line":81,"column":25},"end":{"line":81,"column":26}},"loc":{"start":{"line":81,"column":26},"end":{"line":83,"column":null}}},"6":{"name":"(anonymous_9)","decl":{"start":{"line":117,"column":32},"end":{"line":117,"column":33}},"loc":{"start":{"line":117,"column":45},"end":{"line":117,"column":null}}},"7":{"name":"(anonymous_10)","decl":{"start":{"line":144,"column":41},"end":{"line":144,"column":42}},"loc":{"start":{"line":144,"column":52},"end":{"line":147,"column":null}}},"8":{"name":"(anonymous_11)","decl":{"start":{"line":154,"column":47},"end":{"line":154,"column":48}},"loc":{"start":{"line":154,"column":58},"end":{"line":154,"column":null}}},"9":{"name":"(anonymous_12)","decl":{"start":{"line":168,"column":51},"end":{"line":168,"column":52}},"loc":{"start":{"line":168,"column":62},"end":{"line":168,"column":null}}}},"branchMap":{"0":{"loc":{"start":{"line":20,"column":2},"end":{"line":26,"column":null}},"type":"if","locations":[{"start":{"line":20,"column":2},"end":{"line":26,"column":null}},{"start":{},"end":{}}]},"1":{"loc":{"start":{"line":20,"column":6},"end":{"line":20,"column":37}},"type":"binary-expr","locations":[{"start":{"line":20,"column":6},"end":{"line":20,"column":16}},{"start":{"line":20,"column":16},"end":{"line":20,"column":37}}]},"2":{"loc":{"start":{"line":28,"column":2},"end":{"line":30,"column":null}},"type":"if","locations":[{"start":{"line":28,"column":2},"end":{"line":30,"column":null}},{"start":{},"end":{}}]},"3":{"loc":{"start":{"line":40,"column":35},"end":{"line":40,"column":58}},"type":"default-arg","locations":[{"start":{"line":40,"column":56},"end":{"line":40,"column":58}}]},"4":{"loc":{"start":{"line":41,"column":2},"end":{"line":43,"column":null}},"type":"if","locations":[{"start":{"line":41,"column":2},"end":{"line":43,"column":null}},{"start":{},"end":{}}]},"5":{"loc":{"start":{"line":44,"column":2},"end":{"line":46,"column":null}},"type":"if","locations":[{"start":{"line":44,"column":2},"end":{"line":46,"column":null}},{"start":{},"end":{}}]},"6":{"loc":{"start":{"line":47,"column":2},"end":{"line":57,"column":null}},"type":"if","locations":[{"start":{"line":47,"column":2},"end":{"line":57,"column":null}},{"start":{},"end":{}}]},"7":{"loc":{"start":{"line":47,"column":6},"end":{"line":47,"column":51}},"type":"binary-expr","locations":[{"start":{"line":47,"column":6},"end":{"line":47,"column":35}},{"start":{"line":47,"column":35},"end":{"line":47,"column":51}}]},"8":{"loc":{"start":{"line":50,"column":6},"end":{"line":54,"column":null}},"type":"if","locations":[{"start":{"line":50,"column":6},"end":{"line":54,"column":null}},{"start":{"line":52,"column":13},"end":{"line":54,"column":null}}]},"9":{"loc":{"start":{"line":67,"column":19},"end":{"line":67,"column":null}},"type":"binary-expr","locations":[{"start":{"line":67,"column":19},"end":{"line":67,"column":57}},{"start":{"line":67,"column":57},"end":{"line":67,"column":null}}]},"10":{"loc":{"start":{"line":68,"column":2},"end":{"line":76,"column":null}},"type":"if","locations":[{"start":{"line":68,"column":2},"end":{"line":76,"column":null}},{"start":{},"end":{}}]},"11":{"loc":{"start":{"line":89,"column":10},"end":{"line":89,"column":22}},"type":"default-arg","locations":[{"start":{"line":89,"column":20},"end":{"line":89,"column":22}}]},"12":{"loc":{"start":{"line":104,"column":8},"end":{"line":138,"column":null}},"type":"if","locations":[{"start":{"line":104,"column":8},"end":{"line":138,"column":null}},{"start":{},"end":{}}]},"13":{"loc":{"start":{"line":107,"column":10},"end":{"line":137,"column":null}},"type":"if","locations":[{"start":{"line":107,"column":10},"end":{"line":137,"column":null}},{"start":{"line":129,"column":17},"end":{"line":137,"column":null}}]},"14":{"loc":{"start":{"line":156,"column":8},"end":{"line":163,"column":null}},"type":"if","locations":[{"start":{"line":156,"column":8},"end":{"line":163,"column":null}},{"start":{},"end":{}}]},"15":{"loc":{"start":{"line":166,"column":8},"end":{"line":178,"column":null}},"type":"if","locations":[{"start":{"line":166,"column":8},"end":{"line":178,"column":null}},{"start":{},"end":{}}]},"16":{"loc":{"start":{"line":170,"column":10},"end":{"line":177,"column":null}},"type":"if","locations":[{"start":{"line":170,"column":10},"end":{"line":177,"column":null}},{"start":{},"end":{}}]},"17":{"loc":{"start":{"line":196,"column":8},"end":{"line":201,"column":null}},"type":"if","locations":[{"start":{"line":196,"column":8},"end":{"line":201,"column":null}},{"start":{},"end":{}}]},"18":{"loc":{"start":{"line":199,"column":19},"end":{"line":199,"column":null}},"type":"binary-expr","locations":[{"start":{"line":199,"column":19},"end":{"line":199,"column":31}},{"start":{"line":199,"column":35},"end":{"line":199,"column":null}}]},"19":{"loc":{"start":{"line":206,"column":29},"end":{"line":206,"column":null}},"type":"cond-expr","locations":[{"start":{"line":206,"column":54},"end":{"line":206,"column":67}},{"start":{"line":206,"column":70},"end":{"line":206,"column":null}}]}},"s":{"0":0,"1":0,"2":0,"3":0,"4":0,"5":0,"6":0,"7":0,"8":0,"9":0,"10":0,"11":0,"12":0,"13":0,"14":0,"15":0,"16":0,"17":0,"18":0,"19":0,"20":0,"21":0,"22":0,"23":0,"24":0,"25":0,"26":0,"27":0,"28":0,"29":0,"30":0,"31":0,"32":0,"33":0,"34":0,"35":0,"36":0,"37":0,"38":0,"39":0,"40":0,"41":0,"42":0,"43":0,"44":0,"45":0,"46":0,"47":0,"48":0,"49":0,"50":0,"51":0,"52":0,"53":0,"54":0,"55":0,"56":0,"57":0,"58":0,"59":0,"60":0,"61":0,"62":0,"63":0,"64":0,"65":0,"66":0,"67":0,"68":0,"69":0,"70":0,"71":0,"72":0,"73":0,"74":0,"75":0,"76":0,"77":0,"78":0,"79":0,"80":0,"81":0},"f":{"0":0,"1":0,"2":0,"3":0,"4":0,"5":0,"6":0,"7":0,"8":0,"9":0},"b":{"0":[0,0],"1":[0,0],"2":[0,0],"3":[0],"4":[0,0],"5":[0,0],"6":[0,0],"7":[0,0],"8":[0,0],"9":[0,0],"10":[0,0],"11":[0],"12":[0,0],"13":[0,0],"14":[0,0],"15":[0,0],"16":[0,0],"17":[0,0],"18":[0,0],"19":[0,0]}}
,"/home/ubuntu/Projects/school/topflow/app/blog/page.tsx": {"path":"/home/ubuntu/Projects/school/topflow/app/blog/page.tsx","statementMap":{"0":{"start":{"line":52,"column":24},"end":{"line":52,"column":null}},"1":{"start":{"line":6,"column":13},"end":{"line":6,"column":34}},"2":{"start":{"line":2,"column":17},"end":{"line":2,"column":null}},"3":{"start":{"line":3,"column":23},"end":{"line":3,"column":null}},"4":{"start":{"line":4,"column":43},"end":{"line":4,"column":null}},"5":{"start":{"line":6,"column":34},"end":{"line":17,"column":null}},"6":{"start":{"line":19,"column":18},"end":{"line":50,"column":null}},"7":{"start":{"line":88,"column":34},"end":{"line":88,"column":47}},"8":{"start":{"line":90,"column":18},"end":{"line":91,"column":null}}},"fnMap":{"0":{"name":"BlogPage","decl":{"start":{"line":52,"column":24},"end":{"line":52,"column":null}},"loc":{"start":{"line":52,"column":24},"end":{"line":157,"column":null}}},"1":{"name":"(anonymous_5)","decl":{"start":{"line":88,"column":24},"end":{"line":88,"column":25}},"loc":{"start":{"line":88,"column":34},"end":{"line":88,"column":47}}},"2":{"name":"(anonymous_6)","decl":{"start":{"line":89,"column":21},"end":{"line":89,"column":22}},"loc":{"start":{"line":90,"column":18},"end":{"line":91,"column":null}}}},"branchMap":{},"s":{"0":0,"1":0,"2":0,"3":0,"4":0,"5":0,"6":0,"7":0,"8":0},"f":{"0":0,"1":0,"2":0},"b":{}}
,"/home/ubuntu/Projects/school/topflow/app/blog/[slug]/page.tsx": {"path":"/home/ubuntu/Projects/school/topflow/app/blog/[slug]/page.tsx","statementMap":{"0":{"start":{"line":422,"column":24},"end":{"line":422,"column":37}},"1":{"start":{"line":395,"column":22},"end":{"line":395,"column":39}},"2":{"start":{"line":2,"column":17},"end":{"line":2,"column":null}},"3":{"start":{"line":3,"column":23},"end":{"line":3,"column":null}},"4":{"start":{"line":4,"column":49},"end":{"line":4,"column":null}},"5":{"start":{"line":5,"column":25},"end":{"line":5,"column":null}},"6":{"start":{"line":18,"column":4},"end":{"line":393,"column":null}},"7":{"start":{"line":400,"column":15},"end":{"line":400,"column":37}},"8":{"start":{"line":402,"column":2},"end":{"line":407,"column":null}},"9":{"start":{"line":403,"column":4},"end":{"line":406,"column":null}},"10":{"start":{"line":409,"column":2},"end":{"line":419,"column":null}},"11":{"start":{"line":423,"column":15},"end":{"line":423,"column":37}},"12":{"start":{"line":425,"column":2},"end":{"line":427,"column":null}},"13":{"start":{"line":426,"column":4},"end":{"line":426,"column":null}},"14":{"start":{"line":489,"column":30},"end":{"line":489,"column":43}}},"fnMap":{"0":{"name":"generateMetadata","decl":{"start":{"line":395,"column":22},"end":{"line":395,"column":39}},"loc":{"start":{"line":399,"column":1},"end":{"line":420,"column":null}}},"1":{"name":"BlogPostPage","decl":{"start":{"line":422,"column":24},"end":{"line":422,"column":37}},"loc":{"start":{"line":422,"column":77},"end":{"line":534,"column":null}}},"2":{"name":"(anonymous_6)","decl":{"start":{"line":489,"column":23},"end":{"line":489,"column":24}},"loc":{"start":{"line":489,"column":30},"end":{"line":489,"column":43}}}},"branchMap":{"0":{"loc":{"start":{"line":402,"column":2},"end":{"line":407,"column":null}},"type":"if","locations":[{"start":{"line":402,"column":2},"end":{"line":407,"column":null}},{"start":{},"end":{}}]},"1":{"loc":{"start":{"line":425,"column":2},"end":{"line":427,"column":null}},"type":"if","locations":[{"start":{"line":425,"column":2},"end":{"line":427,"column":null}},{"start":{},"end":{}}]}},"s":{"0":0,"1":0,"2":0,"3":0,"4":0,"5":0,"6":0,"7":0,"8":0,"9":0,"10":0,"11":0,"12":0,"13":0,"14":0},"f":{"0":0,"1":0,"2":0},"b":{"0":[0,0],"1":[0,0]}}
,"/home/ubuntu/Projects/school/topflow/app/builder/page.tsx": {"path":"/home/ubuntu/Projects/school/topflow/app/builder/page.tsx","statementMap":{"0":{"start":{"line":336,"column":24},"end":{"line":336,"column":null}},"1":{"start":{"line":3,"column":18},"end":{"line":3,"column":null}},"2":{"start":{"line":23,"column":7},"end":{"line":23,"column":null}},"3":{"start":{"line":24,"column":7},"end":{"line":24,"column":null}},"4":{"start":{"line":25,"column":23},"end":{"line":25,"column":null}},"5":{"start":{"line":40,"column":7},"end":{"line":40,"column":null}},"6":{"start":{"line":41,"column":17},"end":{"line":41,"column":null}},"7":{"start":{"line":42,"column":26},"end":{"line":42,"column":null}},"8":{"start":{"line":43,"column":31},"end":{"line":43,"column":null}},"9":{"start":{"line":44,"column":21},"end":{"line":44,"column":null}},"10":{"start":{"line":45,"column":33},"end":{"line":45,"column":null}},"11":{"start":{"line":46,"column":23},"end":{"line":46,"column":null}},"12":{"start":{"line":47,"column":32},"end":{"line":47,"column":null}},"13":{"start":{"line":48,"column":22},"end":{"line":48,"column":null}},"14":{"start":{"line":49,"column":27},"end":{"line":49,"column":null}},"15":{"start":{"line":50,"column":22},"end":{"line":50,"column":null}},"16":{"start":{"line":51,"column":20},"end":{"line":51,"column":null}},"17":{"start":{"line":52,"column":28},"end":{"line":52,"column":null}},"18":{"start":{"line":53,"column":28},"end":{"line":53,"column":null}},"19":{"start":{"line":55,"column":28},"end":{"line":55,"column":null}},"20":{"start":{"line":56,"column":32},"end":{"line":56,"column":null}},"21":{"start":{"line":57,"column":33},"end":{"line":57,"column":null}},"22":{"start":{"line":58,"column":31},"end":{"line":58,"column":null}},"23":{"start":{"line":59,"column":34},"end":{"line":59,"column":null}},"24":{"start":{"line":60,"column":32},"end":{"line":60,"column":null}},"25":{"start":{"line":61,"column":32},"end":{"line":61,"column":null}},"26":{"start":{"line":62,"column":32},"end":{"line":62,"column":null}},"27":{"start":{"line":63,"column":31},"end":{"line":63,"column":null}},"28":{"start":{"line":64,"column":22},"end":{"line":64,"column":null}},"29":{"start":{"line":65,"column":50},"end":{"line":65,"column":null}},"30":{"start":{"line":67,"column":25},"end":{"line":67,"column":null}},"31":{"start":{"line":68,"column":37},"end":{"line":68,"column":null}},"32":{"start":{"line":70,"column":20},"end":{"line":70,"column":null}},"33":{"start":{"line":72,"column":29},"end":{"line":85,"column":null}},"34":{"start":{"line":88,"column":29},"end":{"line":271,"column":null}},"35":{"start":{"line":273,"column":29},"end":{"line":303,"column":null}},"36":{"start":{"line":305,"column":27},"end":{"line":334,"column":null}},"37":{"start":{"line":306,"column":2},"end":{"line":333,"column":null}},"38":{"start":{"line":308,"column":6},"end":{"line":308,"column":null}},"39":{"start":{"line":310,"column":6},"end":{"line":310,"column":null}},"40":{"start":{"line":312,"column":6},"end":{"line":312,"column":null}},"41":{"start":{"line":314,"column":6},"end":{"line":314,"column":null}},"42":{"start":{"line":316,"column":6},"end":{"line":316,"column":null}},"43":{"start":{"line":318,"column":6},"end":{"line":318,"column":null}},"44":{"start":{"line":320,"column":6},"end":{"line":320,"column":null}},"45":{"start":{"line":322,"column":6},"end":{"line":322,"column":null}},"46":{"start":{"line":324,"column":6},"end":{"line":324,"column":null}},"47":{"start":{"line":326,"column":6},"end":{"line":326,"column":null}},"48":{"start":{"line":328,"column":6},"end":{"line":328,"column":null}},"49":{"start":{"line":330,"column":6},"end":{"line":330,"column":null}},"50":{"start":{"line":332,"column":6},"end":{"line":332,"column":null}},"51":{"start":{"line":337,"column":28},"end":{"line":337,"column":null}},"52":{"start":{"line":338,"column":28},"end":{"line":338,"column":null}},"53":{"start":{"line":339,"column":42},"end":{"line":339,"column":null}},"54":{"start":{"line":340,"column":52},"end":{"line":340,"column":null}},"55":{"start":{"line":341,"column":46},"end":{"line":341,"column":null}},"56":{"start":{"line":342,"column":44},"end":{"line":342,"column":null}},"57":{"start":{"line":343,"column":48},"end":{"line":343,"column":null}},"58":{"start":{"line":344,"column":46},"end":{"line":344,"column":null}},"59":{"start":{"line":345,"column":56},"end":{"line":345,"column":null}},"60":{"start":{"line":346,"column":56},"end":{"line":346,"column":null}},"61":{"start":{"line":347,"column":54},"end":{"line":347,"column":null}},"62":{"start":{"line":348,"column":48},"end":{"line":348,"column":null}},"63":{"start":{"line":349,"column":32},"end":{"line":349,"column":null}},"64":{"start":{"line":350,"column":27},"end":{"line":350,"column":null}},"65":{"start":{"line":351,"column":24},"end":{"line":351,"column":null}},"66":{"start":{"line":352,"column":23},"end":{"line":352,"column":null}},"67":{"start":{"line":353,"column":44},"end":{"line":353,"column":null}},"68":{"start":{"line":354,"column":54},"end":{"line":354,"column":null}},"69":{"start":{"line":355,"column":20},"end":{"line":355,"column":null}},"70":{"start":{"line":357,"column":2},"end":{"line":368,"column":null}},"71":{"start":{"line":358,"column":4},"end":{"line":367,"column":null}},"72":{"start":{"line":359,"column":21},"end":{"line":359,"column":null}},"73":{"start":{"line":360,"column":6},"end":{"line":366,"column":null}},"74":{"start":{"line":361,"column":8},"end":{"line":365,"column":null}},"75":{"start":{"line":362,"column":10},"end":{"line":362,"column":null}},"76":{"start":{"line":364,"column":10},"end":{"line":364,"column":null}},"77":{"start":{"line":370,"column":2},"end":{"line":375,"column":null}},"78":{"start":{"line":371,"column":18},"end":{"line":371,"column":null}},"79":{"start":{"line":372,"column":4},"end":{"line":374,"column":null}},"80":{"start":{"line":373,"column":6},"end":{"line":373,"column":null}},"81":{"start":{"line":377,"column":2},"end":{"line":379,"column":null}},"82":{"start":{"line":378,"column":4},"end":{"line":378,"column":null}},"83":{"start":{"line":381,"column":2},"end":{"line":384,"column":null}},"84":{"start":{"line":382,"column":18},"end":{"line":382,"column":null}},"85":{"start":{"line":382,"column":47},"end":{"line":382,"column":76}},"86":{"start":{"line":383,"column":4},"end":{"line":383,"column":null}},"87":{"start":{"line":386,"column":32},"end":{"line":391,"column":null}},"88":{"start":{"line":387,"column":27},"end":{"line":387,"column":null}},"89":{"start":{"line":388,"column":25},"end":{"line":388,"column":null}},"90":{"start":{"line":389,"column":22},"end":{"line":389,"column":null}},"91":{"start":{"line":390,"column":4},"end":{"line":390,"column":null}},"92":{"start":{"line":390,"column":35},"end":{"line":390,"column":55}},"93":{"start":{"line":393,"column":39},"end":{"line":393,"column":null}},"94":{"start":{"line":393,"column":64},"end":{"line":393,"column":115}},"95":{"start":{"line":393,"column":82},"end":{"line":393,"column":115}},"96":{"start":{"line":395,"column":39},"end":{"line":395,"column":null}},"97":{"start":{"line":395,"column":64},"end":{"line":395,"column":115}},"98":{"start":{"line":395,"column":82},"end":{"line":395,"column":115}},"99":{"start":{"line":397,"column":31},"end":{"line":397,"column":null}},"100":{"start":{"line":397,"column":55},"end":{"line":397,"column":96}},"101":{"start":{"line":397,"column":73},"end":{"line":397,"column":96}},"102":{"start":{"line":399,"column":22},"end":{"line":404,"column":null}},"103":{"start":{"line":400,"column":4},"end":{"line":400,"column":null}},"104":{"start":{"line":401,"column":4},"end":{"line":401,"column":null}},"105":{"start":{"line":402,"column":4},"end":{"line":402,"column":null}},"106":{"start":{"line":403,"column":4},"end":{"line":403,"column":null}},"107":{"start":{"line":406,"column":22},"end":{"line":408,"column":null}},"108":{"start":{"line":407,"column":4},"end":{"line":407,"column":null}},"109":{"start":{"line":410,"column":20},"end":{"line":426,"column":null}},"110":{"start":{"line":412,"column":6},"end":{"line":412,"column":null}},"111":{"start":{"line":412,"column":30},"end":{"line":412,"column":null}},"112":{"start":{"line":414,"column":28},"end":{"line":422,"column":null}},"113":{"start":{"line":424,"column":6},"end":{"line":424,"column":null}},"114":{"start":{"line":424,"column":24},"end":{"line":424,"column":null}},"115":{"start":{"line":429,"column":21},"end":{"line":432,"column":null}},"116":{"start":{"line":430,"column":4},"end":{"line":430,"column":null}},"117":{"start":{"line":431,"column":4},"end":{"line":431,"column":null}},"118":{"start":{"line":434,"column":17},"end":{"line":457,"column":null}},"119":{"start":{"line":436,"column":6},"end":{"line":436,"column":null}},"120":{"start":{"line":438,"column":6},"end":{"line":438,"column":null}},"121":{"start":{"line":438,"column":59},"end":{"line":438,"column":null}},"122":{"start":{"line":440,"column":19},"end":{"line":440,"column":null}},"123":{"start":{"line":441,"column":6},"end":{"line":441,"column":null}},"124":{"start":{"line":441,"column":17},"end":{"line":441,"column":null}},"125":{"start":{"line":443,"column":23},"end":{"line":446,"column":null}},"126":{"start":{"line":448,"column":28},"end":{"line":453,"column":null}},"127":{"start":{"line":455,"column":6},"end":{"line":455,"column":null}},"128":{"start":{"line":455,"column":24},"end":{"line":455,"column":null}},"129":{"start":{"line":460,"column":23},"end":{"line":463,"column":null}},"130":{"start":{"line":461,"column":4},"end":{"line":461,"column":null}},"131":{"start":{"line":461,"column":22},"end":{"line":461,"column":null}},"132":{"start":{"line":461,"column":41},"end":{"line":461,"column":null}},"133":{"start":{"line":462,"column":4},"end":{"line":462,"column":null}},"134":{"start":{"line":462,"column":31},"end":{"line":462,"column":null}},"135":{"start":{"line":465,"column":33},"end":{"line":467,"column":null}},"136":{"start":{"line":466,"column":4},"end":{"line":466,"column":null}},"137":{"start":{"line":466,"column":22},"end":{"line":466,"column":null}},"138":{"start":{"line":466,"column":41},"end":{"line":466,"column":null}},"139":{"start":{"line":469,"column":33},"end":{"line":471,"column":null}},"140":{"start":{"line":470,"column":4},"end":{"line":470,"column":null}},"141":{"start":{"line":470,"column":22},"end":{"line":470,"column":null}},"142":{"start":{"line":470,"column":41},"end":{"line":470,"column":null}},"143":{"start":{"line":473,"column":27},"end":{"line":501,"column":null}},"144":{"start":{"line":475,"column":26},"end":{"line":475,"column":null}},"145":{"start":{"line":475,"column":49},"end":{"line":475,"column":62}},"146":{"start":{"line":478,"column":4},"end":{"line":487,"column":null}},"147":{"start":{"line":479,"column":22},"end":{"line":479,"column":null}},"148":{"start":{"line":479,"column":47},"end":{"line":479,"column":51}},"149":{"start":{"line":480,"column":6},"end":{"line":480,"column":null}},"150":{"start":{"line":480,"column":24},"end":{"line":480,"column":null}},"151":{"start":{"line":480,"column":45},"end":{"line":480,"column":null}},"152":{"start":{"line":482,"column":6},"end":{"line":485,"column":null}},"153":{"start":{"line":486,"column":6},"end":{"line":486,"column":null}},"154":{"start":{"line":490,"column":4},"end":{"line":490,"column":null}},"155":{"start":{"line":490,"column":23},"end":{"line":490,"column":null}},"156":{"start":{"line":493,"column":4},"end":{"line":493,"column":null}},"157":{"start":{"line":493,"column":22},"end":{"line":493,"column":null}},"158":{"start":{"line":493,"column":43},"end":{"line":493,"column":70}},"159":{"start":{"line":494,"column":4},"end":{"line":494,"column":null}},"160":{"start":{"line":494,"column":22},"end":{"line":494,"column":null}},"161":{"start":{"line":494,"column":43},"end":{"line":494,"column":109}},"162":{"start":{"line":495,"column":4},"end":{"line":495,"column":null}},"163":{"start":{"line":497,"column":4},"end":{"line":500,"column":null}},"164":{"start":{"line":504,"column":2},"end":{"line":509,"column":null}},"165":{"start":{"line":511,"column":30},"end":{"line":524,"column":null}},"166":{"start":{"line":513,"column":6},"end":{"line":513,"column":null}},"167":{"start":{"line":513,"column":30},"end":{"line":513,"column":null}},"168":{"start":{"line":515,"column":31},"end":{"line":515,"column":null}},"169":{"start":{"line":515,"column":54},"end":{"line":515,"column":null}},"170":{"start":{"line":516,"column":6},"end":{"line":522,"column":null}},"171":{"start":{"line":517,"column":8},"end":{"line":521,"column":null}},"172":{"start":{"line":527,"column":31},"end":{"line":564,"column":null}},"173":{"start":{"line":529,"column":23},"end":{"line":541,"column":null}},"174":{"start":{"line":530,"column":24},"end":{"line":530,"column":null}},"175":{"start":{"line":533,"column":6},"end":{"line":535,"column":null}},"176":{"start":{"line":534,"column":8},"end":{"line":534,"column":null}},"177":{"start":{"line":537,"column":6},"end":{"line":540,"column":null}},"178":{"start":{"line":543,"column":21},"end":{"line":548,"column":null}},"179":{"start":{"line":550,"column":17},"end":{"line":550,"column":null}},"180":{"start":{"line":551,"column":16},"end":{"line":551,"column":null}},"181":{"start":{"line":552,"column":14},"end":{"line":552,"column":null}},"182":{"start":{"line":553,"column":4},"end":{"line":553,"column":null}},"183":{"start":{"line":554,"column":4},"end":{"line":554,"column":null}},"184":{"start":{"line":555,"column":4},"end":{"line":555,"column":null}},"185":{"start":{"line":556,"column":4},"end":{"line":556,"column":null}},"186":{"start":{"line":557,"column":4},"end":{"line":557,"column":null}},"187":{"start":{"line":558,"column":4},"end":{"line":558,"column":null}},"188":{"start":{"line":560,"column":4},"end":{"line":563,"column":null}},"189":{"start":{"line":567,"column":32},"end":{"line":614,"column":null}},"190":{"start":{"line":568,"column":4},"end":{"line":568,"column":null}},"191":{"start":{"line":568,"column":17},"end":{"line":568,"column":null}},"192":{"start":{"line":571,"column":4},"end":{"line":582,"column":null}},"193":{"start":{"line":573,"column":6},"end":{"line":575,"column":null}},"194":{"start":{"line":574,"column":8},"end":{"line":574,"column":null}},"195":{"start":{"line":577,"column":6},"end":{"line":579,"column":null}},"196":{"start":{"line":578,"column":8},"end":{"line":578,"column":null}},"197":{"start":{"line":581,"column":6},"end":{"line":581,"column":null}},"198":{"start":{"line":585,"column":4},"end":{"line":587,"column":null}},"199":{"start":{"line":586,"column":6},"end":{"line":586,"column":null}},"200":{"start":{"line":586,"column":32},"end":{"line":586,"column":null}},"201":{"start":{"line":590,"column":4},"end":{"line":610,"column":null}},"202":{"start":{"line":591,"column":27},"end":{"line":591,"column":null}},"203":{"start":{"line":592,"column":6},"end":{"line":608,"column":null}},"204":{"start":{"line":594,"column":8},"end":{"line":607,"column":null}},"205":{"start":{"line":595,"column":10},"end":{"line":595,"column":null}},"206":{"start":{"line":596,"column":15},"end":{"line":607,"column":null}},"207":{"start":{"line":597,"column":10},"end":{"line":597,"column":null}},"208":{"start":{"line":598,"column":15},"end":{"line":607,"column":null}},"209":{"start":{"line":600,"column":10},"end":{"line":603,"column":null}},"210":{"start":{"line":601,"column":12},"end":{"line":603,"column":null}},"211":{"start":{"line":606,"column":10},"end":{"line":606,"column":null}},"212":{"start":{"line":609,"column":6},"end":{"line":609,"column":null}},"213":{"start":{"line":613,"column":4},"end":{"line":613,"column":null}},"214":{"start":{"line":616,"column":31},"end":{"line":669,"column":null}},"215":{"start":{"line":618,"column":19},"end":{"line":618,"column":42}},"216":{"start":{"line":619,"column":6},"end":{"line":619,"column":null}},"217":{"start":{"line":619,"column":17},"end":{"line":619,"column":null}},"218":{"start":{"line":621,"column":21},"end":{"line":621,"column":null}},"219":{"start":{"line":622,"column":6},"end":{"line":662,"column":null}},"220":{"start":{"line":623,"column":8},"end":{"line":661,"column":null}},"221":{"start":{"line":624,"column":26},"end":{"line":624,"column":null}},"222":{"start":{"line":625,"column":27},"end":{"line":625,"column":null}},"223":{"start":{"line":628,"column":27},"end":{"line":628,"column":null}},"224":{"start":{"line":630,"column":10},"end":{"line":653,"column":null}},"225":{"start":{"line":631,"column":12},"end":{"line":631,"column":null}},"226":{"start":{"line":632,"column":12},"end":{"line":632,"column":null}},"227":{"start":{"line":634,"column":26},"end":{"line":639,"column":null}},"228":{"start":{"line":636,"column":30},"end":{"line":636,"column":null}},"229":{"start":{"line":637,"column":16},"end":{"line":637,"column":null}},"230":{"start":{"line":641,"column":12},"end":{"line":641,"column":null}},"231":{"start":{"line":643,"column":12},"end":{"line":646,"column":null}},"232":{"start":{"line":648,"column":12},"end":{"line":652,"column":null}},"233":{"start":{"line":655,"column":10},"end":{"line":655,"column":null}},"234":{"start":{"line":656,"column":10},"end":{"line":660,"column":null}},"235":{"start":{"line":663,"column":6},"end":{"line":663,"column":null}},"236":{"start":{"line":665,"column":6},"end":{"line":667,"column":null}},"237":{"start":{"line":666,"column":8},"end":{"line":666,"column":null}},"238":{"start":{"line":672,"column":20},"end":{"line":682,"column":null}},"239":{"start":{"line":673,"column":4},"end":{"line":673,"column":null}},"240":{"start":{"line":674,"column":4},"end":{"line":674,"column":null}},"241":{"start":{"line":675,"column":4},"end":{"line":675,"column":null}},"242":{"start":{"line":676,"column":4},"end":{"line":681,"column":null}},"243":{"start":{"line":677,"column":28},"end":{"line":677,"column":null}},"244":{"start":{"line":678,"column":6},"end":{"line":680,"column":null}},"245":{"start":{"line":679,"column":8},"end":{"line":679,"column":null}},"246":{"start":{"line":684,"column":33},"end":{"line":688,"column":null}},"247":{"start":{"line":685,"column":4},"end":{"line":685,"column":null}},"248":{"start":{"line":685,"column":32},"end":{"line":685,"column":null}},"249":{"start":{"line":686,"column":4},"end":{"line":686,"column":null}},"250":{"start":{"line":687,"column":4},"end":{"line":687,"column":null}},"251":{"start":{"line":690,"column":28},"end":{"line":701,"column":null}},"252":{"start":{"line":692,"column":6},"end":{"line":692,"column":null}},"253":{"start":{"line":693,"column":6},"end":{"line":693,"column":null}},"254":{"start":{"line":694,"column":6},"end":{"line":694,"column":null}},"255":{"start":{"line":696,"column":6},"end":{"line":699,"column":null}},"256":{"start":{"line":704,"column":30},"end":{"line":712,"column":null}},"257":{"start":{"line":706,"column":6},"end":{"line":706,"column":null}},"258":{"start":{"line":707,"column":6},"end":{"line":710,"column":null}},"259":{"start":{"line":715,"column":31},"end":{"line":724,"column":null}},"260":{"start":{"line":717,"column":6},"end":{"line":717,"column":null}},"261":{"start":{"line":718,"column":6},"end":{"line":718,"column":null}},"262":{"start":{"line":719,"column":6},"end":{"line":722,"column":null}},"263":{"start":{"line":727,"column":28},"end":{"line":744,"column":null}},"264":{"start":{"line":729,"column":20},"end":{"line":729,"column":null}},"265":{"start":{"line":729,"column":41},"end":{"line":729,"column":null}},"266":{"start":{"line":730,"column":4},"end":{"line":743,"column":null}},"267":{"start":{"line":731,"column":6},"end":{"line":731,"column":null}},"268":{"start":{"line":732,"column":6},"end":{"line":732,"column":null}},"269":{"start":{"line":735,"column":6},"end":{"line":742,"column":null}},"270":{"start":{"line":736,"column":8},"end":{"line":741,"column":null}},"271":{"start":{"line":759,"column":27},"end":{"line":759,"column":null}},"272":{"start":{"line":779,"column":61},"end":{"line":779,"column":null}},"273":{"start":{"line":783,"column":61},"end":{"line":783,"column":null}},"274":{"start":{"line":788,"column":63},"end":{"line":788,"column":null}},"275":{"start":{"line":801,"column":61},"end":{"line":801,"column":null}},"276":{"start":{"line":823,"column":61},"end":{"line":823,"column":null}},"277":{"start":{"line":827,"column":61},"end":{"line":827,"column":null}},"278":{"start":{"line":841,"column":25},"end":{"line":841,"column":null}},"279":{"start":{"line":851,"column":27},"end":{"line":851,"column":null}},"280":{"start":{"line":853,"column":36},"end":{"line":853,"column":null}},"281":{"start":{"line":882,"column":16},"end":{"line":909,"column":null}},"282":{"start":{"line":884,"column":20},"end":{"line":884,"column":null}},"283":{"start":{"line":886,"column":20},"end":{"line":886,"column":null}},"284":{"start":{"line":888,"column":20},"end":{"line":888,"column":null}},"285":{"start":{"line":890,"column":20},"end":{"line":890,"column":null}},"286":{"start":{"line":892,"column":20},"end":{"line":892,"column":null}},"287":{"start":{"line":894,"column":20},"end":{"line":894,"column":null}},"288":{"start":{"line":896,"column":20},"end":{"line":896,"column":null}},"289":{"start":{"line":898,"column":20},"end":{"line":898,"column":null}},"290":{"start":{"line":900,"column":20},"end":{"line":900,"column":null}},"291":{"start":{"line":902,"column":20},"end":{"line":902,"column":null}},"292":{"start":{"line":904,"column":20},"end":{"line":904,"column":null}},"293":{"start":{"line":906,"column":20},"end":{"line":906,"column":null}},"294":{"start":{"line":908,"column":20},"end":{"line":908,"column":null}},"295":{"start":{"line":920,"column":27},"end":{"line":920,"column":null}},"296":{"start":{"line":929,"column":27},"end":{"line":929,"column":null}},"297":{"start":{"line":939,"column":27},"end":{"line":939,"column":null}}},"fnMap":{"0":{"name":"(anonymous_5)","decl":{"start":{"line":305,"column":27},"end":{"line":305,"column":28}},"loc":{"start":{"line":305,"column":28},"end":{"line":334,"column":null}}},"1":{"name":"AgentBuilder","decl":{"start":{"line":336,"column":24},"end":{"line":336,"column":null}},"loc":{"start":{"line":336,"column":24},"end":{"line":971,"column":null}}},"2":{"name":"(anonymous_7)","decl":{"start":{"line":357,"column":12},"end":{"line":357,"column":null}},"loc":{"start":{"line":357,"column":12},"end":{"line":368,"column":5}}},"3":{"name":"(anonymous_8)","decl":{"start":{"line":370,"column":12},"end":{"line":370,"column":null}},"loc":{"start":{"line":370,"column":12},"end":{"line":375,"column":5}}},"4":{"name":"(anonymous_9)","decl":{"start":{"line":377,"column":12},"end":{"line":377,"column":null}},"loc":{"start":{"line":377,"column":12},"end":{"line":379,"column":5}}},"5":{"name":"(anonymous_10)","decl":{"start":{"line":381,"column":12},"end":{"line":381,"column":null}},"loc":{"start":{"line":381,"column":12},"end":{"line":384,"column":5}}},"6":{"name":"(anonymous_11)","decl":{"start":{"line":382,"column":40},"end":{"line":382,"column":41}},"loc":{"start":{"line":382,"column":47},"end":{"line":382,"column":76}}},"7":{"name":"(anonymous_12)","decl":{"start":{"line":386,"column":46},"end":{"line":386,"column":null}},"loc":{"start":{"line":386,"column":46},"end":{"line":391,"column":5}}},"8":{"name":"(anonymous_13)","decl":{"start":{"line":390,"column":28},"end":{"line":390,"column":29}},"loc":{"start":{"line":390,"column":35},"end":{"line":390,"column":55}}},"9":{"name":"(anonymous_14)","decl":{"start":{"line":393,"column":51},"end":{"line":393,"column":52}},"loc":{"start":{"line":393,"column":64},"end":{"line":393,"column":115}}},"10":{"name":"(anonymous_15)","decl":{"start":{"line":393,"column":73},"end":{"line":393,"column":74}},"loc":{"start":{"line":393,"column":82},"end":{"line":393,"column":115}}},"11":{"name":"(anonymous_16)","decl":{"start":{"line":395,"column":51},"end":{"line":395,"column":52}},"loc":{"start":{"line":395,"column":64},"end":{"line":395,"column":115}}},"12":{"name":"(anonymous_17)","decl":{"start":{"line":395,"column":73},"end":{"line":395,"column":74}},"loc":{"start":{"line":395,"column":82},"end":{"line":395,"column":115}}},"13":{"name":"(anonymous_18)","decl":{"start":{"line":397,"column":43},"end":{"line":397,"column":44}},"loc":{"start":{"line":397,"column":55},"end":{"line":397,"column":96}}},"14":{"name":"(anonymous_19)","decl":{"start":{"line":397,"column":64},"end":{"line":397,"column":65}},"loc":{"start":{"line":397,"column":73},"end":{"line":397,"column":96}}},"15":{"name":"(anonymous_20)","decl":{"start":{"line":399,"column":34},"end":{"line":399,"column":35}},"loc":{"start":{"line":399,"column":56},"end":{"line":404,"column":5}}},"16":{"name":"(anonymous_21)","decl":{"start":{"line":406,"column":34},"end":{"line":406,"column":null}},"loc":{"start":{"line":406,"column":34},"end":{"line":408,"column":5}}},"17":{"name":"(anonymous_22)","decl":{"start":{"line":411,"column":4},"end":{"line":411,"column":5}},"loc":{"start":{"line":411,"column":5},"end":{"line":425,"column":null}}},"18":{"name":"(anonymous_23)","decl":{"start":{"line":424,"column":15},"end":{"line":424,"column":16}},"loc":{"start":{"line":424,"column":24},"end":{"line":424,"column":null}}},"19":{"name":"(anonymous_24)","decl":{"start":{"line":429,"column":33},"end":{"line":429,"column":34}},"loc":{"start":{"line":429,"column":34},"end":{"line":432,"column":5}}},"20":{"name":"(anonymous_25)","decl":{"start":{"line":435,"column":4},"end":{"line":435,"column":5}},"loc":{"start":{"line":435,"column":5},"end":{"line":456,"column":null}}},"21":{"name":"(anonymous_26)","decl":{"start":{"line":455,"column":15},"end":{"line":455,"column":16}},"loc":{"start":{"line":455,"column":24},"end":{"line":455,"column":null}}},"22":{"name":"(anonymous_27)","decl":{"start":{"line":460,"column":35},"end":{"line":460,"column":36}},"loc":{"start":{"line":460,"column":52},"end":{"line":463,"column":5}}},"23":{"name":"(anonymous_28)","decl":{"start":{"line":461,"column":13},"end":{"line":461,"column":14}},"loc":{"start":{"line":461,"column":22},"end":{"line":461,"column":null}}},"24":{"name":"(anonymous_29)","decl":{"start":{"line":461,"column":30},"end":{"line":461,"column":31}},"loc":{"start":{"line":461,"column":41},"end":{"line":461,"column":null}}},"25":{"name":"(anonymous_30)","decl":{"start":{"line":462,"column":20},"end":{"line":462,"column":21}},"loc":{"start":{"line":462,"column":31},"end":{"line":462,"column":null}}},"26":{"name":"(anonymous_31)","decl":{"start":{"line":465,"column":45},"end":{"line":465,"column":46}},"loc":{"start":{"line":465,"column":62},"end":{"line":467,"column":5}}},"27":{"name":"(anonymous_32)","decl":{"start":{"line":466,"column":13},"end":{"line":466,"column":14}},"loc":{"start":{"line":466,"column":22},"end":{"line":466,"column":null}}},"28":{"name":"(anonymous_33)","decl":{"start":{"line":466,"column":30},"end":{"line":466,"column":31}},"loc":{"start":{"line":466,"column":41},"end":{"line":466,"column":null}}},"29":{"name":"(anonymous_34)","decl":{"start":{"line":469,"column":45},"end":{"line":469,"column":46}},"loc":{"start":{"line":469,"column":62},"end":{"line":471,"column":5}}},"30":{"name":"(anonymous_35)","decl":{"start":{"line":470,"column":13},"end":{"line":470,"column":14}},"loc":{"start":{"line":470,"column":22},"end":{"line":470,"column":null}}},"31":{"name":"(anonymous_36)","decl":{"start":{"line":470,"column":30},"end":{"line":470,"column":31}},"loc":{"start":{"line":470,"column":41},"end":{"line":470,"column":null}}},"32":{"name":"(anonymous_37)","decl":{"start":{"line":473,"column":39},"end":{"line":473,"column":null}},"loc":{"start":{"line":473,"column":39},"end":{"line":501,"column":5}}},"33":{"name":"(anonymous_38)","decl":{"start":{"line":475,"column":39},"end":{"line":475,"column":40}},"loc":{"start":{"line":475,"column":49},"end":{"line":475,"column":62}}},"34":{"name":"(anonymous_39)","decl":{"start":{"line":479,"column":40},"end":{"line":479,"column":41}},"loc":{"start":{"line":479,"column":47},"end":{"line":479,"column":51}}},"35":{"name":"(anonymous_40)","decl":{"start":{"line":480,"column":15},"end":{"line":480,"column":16}},"loc":{"start":{"line":480,"column":24},"end":{"line":480,"column":null}}},"36":{"name":"(anonymous_41)","decl":{"start":{"line":480,"column":35},"end":{"line":480,"column":36}},"loc":{"start":{"line":480,"column":45},"end":{"line":480,"column":null}}},"37":{"name":"(anonymous_42)","decl":{"start":{"line":493,"column":13},"end":{"line":493,"column":14}},"loc":{"start":{"line":493,"column":22},"end":{"line":493,"column":null}}},"38":{"name":"(anonymous_43)","decl":{"start":{"line":493,"column":33},"end":{"line":493,"column":34}},"loc":{"start":{"line":493,"column":43},"end":{"line":493,"column":70}}},"39":{"name":"(anonymous_44)","decl":{"start":{"line":494,"column":13},"end":{"line":494,"column":14}},"loc":{"start":{"line":494,"column":22},"end":{"line":494,"column":null}}},"40":{"name":"(anonymous_45)","decl":{"start":{"line":494,"column":33},"end":{"line":494,"column":34}},"loc":{"start":{"line":494,"column":43},"end":{"line":494,"column":109}}},"41":{"name":"(anonymous_46)","decl":{"start":{"line":512,"column":4},"end":{"line":512,"column":5}},"loc":{"start":{"line":512,"column":5},"end":{"line":523,"column":null}}},"42":{"name":"(anonymous_47)","decl":{"start":{"line":515,"column":44},"end":{"line":515,"column":45}},"loc":{"start":{"line":515,"column":54},"end":{"line":515,"column":null}}},"43":{"name":"(anonymous_48)","decl":{"start":{"line":527,"column":43},"end":{"line":527,"column":null}},"loc":{"start":{"line":527,"column":43},"end":{"line":564,"column":5}}},"44":{"name":"(anonymous_49)","decl":{"start":{"line":529,"column":33},"end":{"line":529,"column":null}},"loc":{"start":{"line":529,"column":33},"end":{"line":541,"column":null}}},"45":{"name":"(anonymous_50)","decl":{"start":{"line":567,"column":32},"end":{"line":567,"column":33}},"loc":{"start":{"line":567,"column":33},"end":{"line":614,"column":null}}},"46":{"name":"(anonymous_51)","decl":{"start":{"line":586,"column":24},"end":{"line":586,"column":32}},"loc":{"start":{"line":586,"column":32},"end":{"line":586,"column":null}}},"47":{"name":"(anonymous_52)","decl":{"start":{"line":600,"column":35},"end":{"line":600,"column":null}},"loc":{"start":{"line":601,"column":12},"end":{"line":603,"column":null}}},"48":{"name":"(anonymous_53)","decl":{"start":{"line":617,"column":4},"end":{"line":617,"column":5}},"loc":{"start":{"line":617,"column":5},"end":{"line":668,"column":null}}},"49":{"name":"(anonymous_54)","decl":{"start":{"line":622,"column":22},"end":{"line":622,"column":23}},"loc":{"start":{"line":622,"column":23},"end":{"line":662,"column":null}}},"50":{"name":"(anonymous_55)","decl":{"start":{"line":635,"column":36},"end":{"line":635,"column":37}},"loc":{"start":{"line":635,"column":37},"end":{"line":638,"column":null}}},"51":{"name":"(anonymous_56)","decl":{"start":{"line":672,"column":32},"end":{"line":672,"column":null}},"loc":{"start":{"line":672,"column":32},"end":{"line":682,"column":5}}},"52":{"name":"(anonymous_57)","decl":{"start":{"line":676,"column":15},"end":{"line":676,"column":null}},"loc":{"start":{"line":676,"column":15},"end":{"line":681,"column":7}}},"53":{"name":"(anonymous_58)","decl":{"start":{"line":684,"column":45},"end":{"line":684,"column":null}},"loc":{"start":{"line":684,"column":45},"end":{"line":688,"column":5}}},"54":{"name":"(anonymous_59)","decl":{"start":{"line":685,"column":22},"end":{"line":685,"column":23}},"loc":{"start":{"line":685,"column":32},"end":{"line":685,"column":null}}},"55":{"name":"(anonymous_60)","decl":{"start":{"line":691,"column":4},"end":{"line":691,"column":5}},"loc":{"start":{"line":691,"column":5},"end":{"line":700,"column":null}}},"56":{"name":"(anonymous_61)","decl":{"start":{"line":705,"column":4},"end":{"line":705,"column":5}},"loc":{"start":{"line":705,"column":5},"end":{"line":711,"column":null}}},"57":{"name":"(anonymous_62)","decl":{"start":{"line":716,"column":4},"end":{"line":716,"column":5}},"loc":{"start":{"line":716,"column":26},"end":{"line":723,"column":null}}},"58":{"name":"(anonymous_63)","decl":{"start":{"line":727,"column":40},"end":{"line":727,"column":null}},"loc":{"start":{"line":727,"column":40},"end":{"line":744,"column":5}}},"59":{"name":"(anonymous_64)","decl":{"start":{"line":729,"column":31},"end":{"line":729,"column":32}},"loc":{"start":{"line":729,"column":41},"end":{"line":729,"column":null}}},"60":{"name":"(anonymous_65)","decl":{"start":{"line":759,"column":21},"end":{"line":759,"column":27}},"loc":{"start":{"line":759,"column":27},"end":{"line":759,"column":null}}},"61":{"name":"(anonymous_66)","decl":{"start":{"line":779,"column":55},"end":{"line":779,"column":61}},"loc":{"start":{"line":779,"column":61},"end":{"line":779,"column":null}}},"62":{"name":"(anonymous_67)","decl":{"start":{"line":783,"column":55},"end":{"line":783,"column":61}},"loc":{"start":{"line":783,"column":61},"end":{"line":783,"column":null}}},"63":{"name":"(anonymous_68)","decl":{"start":{"line":788,"column":57},"end":{"line":788,"column":63}},"loc":{"start":{"line":788,"column":63},"end":{"line":788,"column":null}}},"64":{"name":"(anonymous_69)","decl":{"start":{"line":801,"column":55},"end":{"line":801,"column":61}},"loc":{"start":{"line":801,"column":61},"end":{"line":801,"column":null}}},"65":{"name":"(anonymous_70)","decl":{"start":{"line":823,"column":55},"end":{"line":823,"column":61}},"loc":{"start":{"line":823,"column":61},"end":{"line":823,"column":null}}},"66":{"name":"(anonymous_71)","decl":{"start":{"line":827,"column":55},"end":{"line":827,"column":61}},"loc":{"start":{"line":827,"column":61},"end":{"line":827,"column":null}}},"67":{"name":"(anonymous_72)","decl":{"start":{"line":841,"column":19},"end":{"line":841,"column":25}},"loc":{"start":{"line":841,"column":25},"end":{"line":841,"column":null}}},"68":{"name":"(anonymous_73)","decl":{"start":{"line":851,"column":21},"end":{"line":851,"column":27}},"loc":{"start":{"line":851,"column":27},"end":{"line":851,"column":null}}},"69":{"name":"(anonymous_74)","decl":{"start":{"line":853,"column":30},"end":{"line":853,"column":36}},"loc":{"start":{"line":853,"column":36},"end":{"line":853,"column":null}}},"70":{"name":"(anonymous_75)","decl":{"start":{"line":881,"column":25},"end":{"line":881,"column":26}},"loc":{"start":{"line":881,"column":26},"end":{"line":910,"column":null}}},"71":{"name":"(anonymous_76)","decl":{"start":{"line":920,"column":21},"end":{"line":920,"column":27}},"loc":{"start":{"line":920,"column":27},"end":{"line":920,"column":null}}},"72":{"name":"(anonymous_77)","decl":{"start":{"line":929,"column":21},"end":{"line":929,"column":27}},"loc":{"start":{"line":929,"column":27},"end":{"line":929,"column":null}}},"73":{"name":"(anonymous_78)","decl":{"start":{"line":939,"column":21},"end":{"line":939,"column":27}},"loc":{"start":{"line":939,"column":27},"end":{"line":939,"column":null}}}},"branchMap":{"0":{"loc":{"start":{"line":306,"column":2},"end":{"line":333,"column":null}},"type":"switch","locations":[{"start":{"line":307,"column":4},"end":{"line":308,"column":null}},{"start":{"line":309,"column":4},"end":{"line":310,"column":null}},{"start":{"line":311,"column":4},"end":{"line":312,"column":null}},{"start":{"line":313,"column":4},"end":{"line":314,"column":null}},{"start":{"line":315,"column":4},"end":{"line":316,"column":null}},{"start":{"line":317,"column":4},"end":{"line":318,"column":null}},{"start":{"line":319,"column":4},"end":{"line":320,"column":null}},{"start":{"line":321,"column":4},"end":{"line":322,"column":null}},{"start":{"line":323,"column":4},"end":{"line":324,"column":null}},{"start":{"line":325,"column":4},"end":{"line":326,"column":null}},{"start":{"line":327,"column":4},"end":{"line":328,"column":null}},{"start":{"line":329,"column":4},"end":{"line":330,"column":null}},{"start":{"line":331,"column":4},"end":{"line":332,"column":null}}]},"1":{"loc":{"start":{"line":358,"column":4},"end":{"line":367,"column":null}},"type":"if","locations":[{"start":{"line":358,"column":4},"end":{"line":367,"column":null}},{"start":{},"end":{}}]},"2":{"loc":{"start":{"line":360,"column":6},"end":{"line":366,"column":null}},"type":"if","locations":[{"start":{"line":360,"column":6},"end":{"line":366,"column":null}},{"start":{},"end":{}}]},"3":{"loc":{"start":{"line":372,"column":4},"end":{"line":374,"column":null}},"type":"if","locations":[{"start":{"line":372,"column":4},"end":{"line":374,"column":null}},{"start":{},"end":{}}]},"4":{"loc":{"start":{"line":382,"column":47},"end":{"line":382,"column":76}},"type":"binary-expr","locations":[{"start":{"line":382,"column":47},"end":{"line":382,"column":72}},{"start":{"line":382,"column":72},"end":{"line":382,"column":76}}]},"5":{"loc":{"start":{"line":412,"column":6},"end":{"line":412,"column":null}},"type":"if","locations":[{"start":{"line":412,"column":6},"end":{"line":412,"column":null}},{"start":{},"end":{}}]},"6":{"loc":{"start":{"line":438,"column":6},"end":{"line":438,"column":null}},"type":"if","locations":[{"start":{"line":438,"column":6},"end":{"line":438,"column":null}},{"start":{},"end":{}}]},"7":{"loc":{"start":{"line":438,"column":10},"end":{"line":438,"column":59}},"type":"binary-expr","locations":[{"start":{"line":438,"column":10},"end":{"line":438,"column":35}},{"start":{"line":438,"column":39},"end":{"line":438,"column":59}}]},"8":{"loc":{"start":{"line":441,"column":6},"end":{"line":441,"column":null}},"type":"if","locations":[{"start":{"line":441,"column":6},"end":{"line":441,"column":null}},{"start":{},"end":{}}]},"9":{"loc":{"start":{"line":461,"column":41},"end":{"line":461,"column":null}},"type":"cond-expr","locations":[{"start":{"line":461,"column":62},"end":{"line":461,"column":82}},{"start":{"line":461,"column":82},"end":{"line":461,"column":null}}]},"10":{"loc":{"start":{"line":462,"column":31},"end":{"line":462,"column":null}},"type":"cond-expr","locations":[{"start":{"line":462,"column":53},"end":{"line":462,"column":73}},{"start":{"line":462,"column":73},"end":{"line":462,"column":null}}]},"11":{"loc":{"start":{"line":466,"column":41},"end":{"line":466,"column":null}},"type":"cond-expr","locations":[{"start":{"line":466,"column":62},"end":{"line":466,"column":108}},{"start":{"line":466,"column":108},"end":{"line":466,"column":null}}]},"12":{"loc":{"start":{"line":470,"column":41},"end":{"line":470,"column":null}},"type":"cond-expr","locations":[{"start":{"line":470,"column":62},"end":{"line":470,"column":108}},{"start":{"line":470,"column":108},"end":{"line":470,"column":null}}]},"13":{"loc":{"start":{"line":478,"column":4},"end":{"line":487,"column":null}},"type":"if","locations":[{"start":{"line":478,"column":4},"end":{"line":487,"column":null}},{"start":{},"end":{}}]},"14":{"loc":{"start":{"line":484,"column":58},"end":{"line":484,"column":94}},"type":"cond-expr","locations":[{"start":{"line":484,"column":85},"end":{"line":484,"column":91}},{"start":{"line":484,"column":91},"end":{"line":484,"column":94}}]},"15":{"loc":{"start":{"line":490,"column":4},"end":{"line":490,"column":null}},"type":"if","locations":[{"start":{"line":490,"column":4},"end":{"line":490,"column":null}},{"start":{},"end":{}}]},"16":{"loc":{"start":{"line":494,"column":43},"end":{"line":494,"column":109}},"type":"binary-expr","locations":[{"start":{"line":494,"column":43},"end":{"line":494,"column":74}},{"start":{"line":494,"column":78},"end":{"line":494,"column":109}}]},"17":{"loc":{"start":{"line":513,"column":6},"end":{"line":513,"column":null}},"type":"if","locations":[{"start":{"line":513,"column":6},"end":{"line":513,"column":null}},{"start":{},"end":{}}]},"18":{"loc":{"start":{"line":516,"column":6},"end":{"line":522,"column":null}},"type":"if","locations":[{"start":{"line":516,"column":6},"end":{"line":522,"column":null}},{"start":{},"end":{}}]},"19":{"loc":{"start":{"line":533,"column":6},"end":{"line":535,"column":null}},"type":"if","locations":[{"start":{"line":533,"column":6},"end":{"line":535,"column":null}},{"start":{},"end":{}}]},"20":{"loc":{"start":{"line":568,"column":4},"end":{"line":568,"column":null}},"type":"if","locations":[{"start":{"line":568,"column":4},"end":{"line":568,"column":null}},{"start":{},"end":{}}]},"21":{"loc":{"start":{"line":571,"column":4},"end":{"line":582,"column":null}},"type":"if","locations":[{"start":{"line":571,"column":4},"end":{"line":582,"column":null}},{"start":{},"end":{}}]},"22":{"loc":{"start":{"line":573,"column":6},"end":{"line":575,"column":null}},"type":"if","locations":[{"start":{"line":573,"column":6},"end":{"line":575,"column":null}},{"start":{},"end":{}}]},"23":{"loc":{"start":{"line":577,"column":6},"end":{"line":579,"column":null}},"type":"if","locations":[{"start":{"line":577,"column":6},"end":{"line":579,"column":null}},{"start":{},"end":{}}]},"24":{"loc":{"start":{"line":585,"column":4},"end":{"line":587,"column":null}},"type":"if","locations":[{"start":{"line":585,"column":4},"end":{"line":587,"column":null}},{"start":{},"end":{}}]},"25":{"loc":{"start":{"line":590,"column":4},"end":{"line":610,"column":null}},"type":"if","locations":[{"start":{"line":590,"column":4},"end":{"line":610,"column":null}},{"start":{},"end":{}}]},"26":{"loc":{"start":{"line":594,"column":8},"end":{"line":607,"column":null}},"type":"if","locations":[{"start":{"line":594,"column":8},"end":{"line":607,"column":null}},{"start":{"line":596,"column":15},"end":{"line":607,"column":null}}]},"27":{"loc":{"start":{"line":594,"column":12},"end":{"line":594,"column":91}},"type":"binary-expr","locations":[{"start":{"line":594,"column":12},"end":{"line":594,"column":29}},{"start":{"line":594,"column":29},"end":{"line":594,"column":58}},{"start":{"line":594,"column":58},"end":{"line":594,"column":91}}]},"28":{"loc":{"start":{"line":596,"column":15},"end":{"line":607,"column":null}},"type":"if","locations":[{"start":{"line":596,"column":15},"end":{"line":607,"column":null}},{"start":{"line":598,"column":15},"end":{"line":607,"column":null}}]},"29":{"loc":{"start":{"line":596,"column":19},"end":{"line":596,"column":98}},"type":"binary-expr","locations":[{"start":{"line":596,"column":19},"end":{"line":596,"column":36}},{"start":{"line":596,"column":36},"end":{"line":596,"column":65}},{"start":{"line":596,"column":65},"end":{"line":596,"column":98}}]},"30":{"loc":{"start":{"line":598,"column":15},"end":{"line":607,"column":null}},"type":"if","locations":[{"start":{"line":598,"column":15},"end":{"line":607,"column":null}},{"start":{"line":605,"column":15},"end":{"line":607,"column":null}}]},"31":{"loc":{"start":{"line":598,"column":19},"end":{"line":598,"column":61}},"type":"binary-expr","locations":[{"start":{"line":598,"column":19},"end":{"line":598,"column":39}},{"start":{"line":598,"column":39},"end":{"line":598,"column":61}}]},"32":{"loc":{"start":{"line":601,"column":12},"end":{"line":603,"column":null}},"type":"cond-expr","locations":[{"start":{"line":602,"column":16},"end":{"line":602,"column":null}},{"start":{"line":603,"column":16},"end":{"line":603,"column":null}}]},"33":{"loc":{"start":{"line":601,"column":12},"end":{"line":601,"column":null}},"type":"binary-expr","locations":[{"start":{"line":601,"column":12},"end":{"line":601,"column":39}},{"start":{"line":601,"column":39},"end":{"line":601,"column":null}}]},"34":{"loc":{"start":{"line":619,"column":6},"end":{"line":619,"column":null}},"type":"if","locations":[{"start":{"line":619,"column":6},"end":{"line":619,"column":null}},{"start":{},"end":{}}]},"35":{"loc":{"start":{"line":628,"column":27},"end":{"line":628,"column":null}},"type":"cond-expr","locations":[{"start":{"line":628,"column":52},"end":{"line":628,"column":63}},{"start":{"line":628,"column":63},"end":{"line":628,"column":null}}]},"36":{"loc":{"start":{"line":630,"column":10},"end":{"line":653,"column":null}},"type":"if","locations":[{"start":{"line":630,"column":10},"end":{"line":653,"column":null}},{"start":{"line":647,"column":17},"end":{"line":653,"column":null}}]},"37":{"loc":{"start":{"line":630,"column":14},"end":{"line":630,"column":46}},"type":"binary-expr","locations":[{"start":{"line":630,"column":14},"end":{"line":630,"column":28}},{"start":{"line":630,"column":32},"end":{"line":630,"column":46}}]},"38":{"loc":{"start":{"line":637,"column":23},"end":{"line":637,"column":null}},"type":"binary-expr","locations":[{"start":{"line":637,"column":23},"end":{"line":637,"column":67}},{"start":{"line":637,"column":67},"end":{"line":637,"column":null}}]},"39":{"loc":{"start":{"line":665,"column":6},"end":{"line":667,"column":null}},"type":"if","locations":[{"start":{"line":665,"column":6},"end":{"line":667,"column":null}},{"start":{},"end":{}}]},"40":{"loc":{"start":{"line":678,"column":6},"end":{"line":680,"column":null}},"type":"if","locations":[{"start":{"line":678,"column":6},"end":{"line":680,"column":null}},{"start":{},"end":{}}]},"41":{"loc":{"start":{"line":730,"column":4},"end":{"line":743,"column":null}},"type":"if","locations":[{"start":{"line":730,"column":4},"end":{"line":743,"column":null}},{"start":{},"end":{}}]},"42":{"loc":{"start":{"line":735,"column":6},"end":{"line":742,"column":null}},"type":"if","locations":[{"start":{"line":735,"column":6},"end":{"line":742,"column":null}},{"start":{},"end":{}}]},"43":{"loc":{"start":{"line":762,"column":29},"end":{"line":762,"column":58}},"type":"cond-expr","locations":[{"start":{"line":762,"column":29},"end":{"line":762,"column":58}}]},"44":{"loc":{"start":{"line":769,"column":15},"end":{"line":769,"column":null}},"type":"cond-expr","locations":[{"start":{"line":769,"column":33},"end":{"line":769,"column":53}},{"start":{"line":769,"column":56},"end":{"line":769,"column":null}}]},"45":{"loc":{"start":{"line":772,"column":15},"end":{"line":774,"column":null}},"type":"cond-expr","locations":[{"start":{"line":773,"column":18},"end":{"line":773,"column":77}},{"start":{"line":774,"column":18},"end":{"line":774,"column":null}}]},"46":{"loc":{"start":{"line":787,"column":11},"end":{"line":787,"column":null}},"type":"binary-expr","locations":[{"start":{"line":787,"column":11},"end":{"line":787,"column":null}}]},"47":{"loc":{"start":{"line":810,"column":21},"end":{"line":810,"column":null}},"type":"cond-expr","locations":[{"start":{"line":810,"column":49},"end":{"line":810,"column":65}},{"start":{"line":810,"column":65},"end":{"line":810,"column":null}}]},"48":{"loc":{"start":{"line":817,"column":13},"end":{"line":817,"column":null}},"type":"binary-expr","locations":[{"start":{"line":817,"column":13},"end":{"line":817,"column":null}}]},"49":{"loc":{"start":{"line":840,"column":24},"end":{"line":840,"column":95}},"type":"cond-expr","locations":[{"start":{"line":840,"column":40},"end":{"line":840,"column":85}},{"start":{"line":840,"column":85},"end":{"line":840,"column":95}}]},"50":{"loc":{"start":{"line":845,"column":24},"end":{"line":845,"column":103}},"type":"cond-expr","locations":[{"start":{"line":845,"column":40},"end":{"line":845,"column":94}},{"start":{"line":845,"column":94},"end":{"line":845,"column":103}}]},"51":{"loc":{"start":{"line":846,"column":12},"end":{"line":846,"column":null}},"type":"cond-expr","locations":[{"start":{"line":846,"column":27},"end":{"line":846,"column":40}},{"start":{"line":846,"column":40},"end":{"line":846,"column":null}}]},"52":{"loc":{"start":{"line":882,"column":16},"end":{"line":909,"column":null}},"type":"switch","locations":[{"start":{"line":883,"column":18},"end":{"line":884,"column":null}},{"start":{"line":885,"column":18},"end":{"line":886,"column":null}},{"start":{"line":887,"column":18},"end":{"line":888,"column":null}},{"start":{"line":889,"column":18},"end":{"line":890,"column":null}},{"start":{"line":891,"column":18},"end":{"line":892,"column":null}},{"start":{"line":893,"column":18},"end":{"line":894,"column":null}},{"start":{"line":895,"column":18},"end":{"line":896,"column":null}},{"start":{"line":897,"column":18},"end":{"line":898,"column":null}},{"start":{"line":899,"column":18},"end":{"line":900,"column":null}},{"start":{"line":901,"column":18},"end":{"line":902,"column":null}},{"start":{"line":903,"column":18},"end":{"line":904,"column":null}},{"start":{"line":905,"column":18},"end":{"line":906,"column":null}},{"start":{"line":907,"column":18},"end":{"line":908,"column":null}}]},"53":{"loc":{"start":{"line":915,"column":9},"end":{"line":915,"column":null}},"type":"binary-expr","locations":[{"start":{"line":915,"column":9},"end":{"line":915,"column":null}}]},"54":{"loc":{"start":{"line":926,"column":9},"end":{"line":926,"column":25}},"type":"binary-expr","locations":[{"start":{"line":926,"column":9},"end":{"line":926,"col
[...]
"50":{"start":{"line":233,"column":4},"end":{"line":246,"column":null}},"51":{"start":{"line":234,"column":18},"end":{"line":234,"column":null}},"52":{"start":{"line":235,"column":24},"end":{"line":235,"column":null}},"53":{"start":{"line":236,"column":6},"end":{"line":245,"column":null}},"54":{"start":{"line":237,"column":8},"end":{"line":237,"column":null}},"55":{"start":{"line":238,"column":8},"end":{"line":238,"column":null}},"56":{"start":{"line":239,"column":8},"end":{"line":244,"column":null}},"57":{"start":{"line":240,"column":10},"end":{"line":240,"column":null}},"58":{"start":{"line":241,"column":10},"end":{"line":241,"column":null}},"59":{"start":{"line":243,"column":10},"end":{"line":243,"column":null}},"60":{"start":{"line":249,"column":4},"end":{"line":260,"column":null}},"61":{"start":{"line":250,"column":22},"end":{"line":250,"column":null}},"62":{"start":{"line":251,"column":24},"end":{"line":251,"column":null}},"63":{"start":{"line":252,"column":6},"end":{"line":259,"column":null}},"64":{"start":{"line":253,"column":8},"end":{"line":257,"column":null}},"65":{"start":{"line":254,"column":10},"end":{"line":254,"column":null}},"66":{"start":{"line":255,"column":10},"end":{"line":255,"column":null}},"67":{"start":{"line":256,"column":10},"end":{"line":256,"column":null}},"68":{"start":{"line":258,"column":8},"end":{"line":258,"column":null}},"69":{"start":{"line":263,"column":4},"end":{"line":277,"column":null}},"70":{"start":{"line":264,"column":24},"end":{"line":264,"column":null}},"71":{"start":{"line":265,"column":6},"end":{"line":276,"column":null}},"72":{"start":{"line":266,"column":8},"end":{"line":275,"column":null}},"73":{"start":{"line":281,"column":2},"end":{"line":287,"column":null}},"74":{"start":{"line":289,"column":2},"end":{"line":295,"column":null}},"75":{"start":{"line":297,"column":2},"end":{"line":303,"column":null}},"76":{"start":{"line":305,"column":2},"end":{"line":311,"column":null}},"77":{"start":{"line":308,"column":33},"end":{"line":308,"column":62}},"78":{"start":{"line":314,"column":23},"end":{"line":314,"column":76}},"79":{"start":{"line":314,"column":56},"end":{"line":314,"column":68}},"80":{"start":{"line":315,"column":22},"end":{"line":315,"column":43}},"81":{"start":{"line":316,"column":25},"end":{"line":316,"column":59}},"82":{"start":{"line":317,"column":21},"end":{"line":317,"column":80}},"83":{"start":{"line":318,"column":23},"end":{"line":318,"column":null}},"84":{"start":{"line":320,"column":2},"end":{"line":326,"column":null}},"85":{"start":{"line":331,"column":16},"end":{"line":331,"column":null}},"86":{"start":{"line":334,"column":2},"end":{"line":334,"column":null}},"87":{"start":{"line":334,"column":26},"end":{"line":334,"column":null}},"88":{"start":{"line":335,"column":2},"end":{"line":339,"column":null}},"89":{"start":{"line":336,"column":22},"end":{"line":336,"column":50}},"90":{"start":{"line":337,"column":4},"end":{"line":337,"column":null}},"91":{"start":{"line":338,"column":4},"end":{"line":338,"column":null}},"92":{"start":{"line":341,"column":18},"end":{"line":341,"column":null}},"93":{"start":{"line":342,"column":25},"end":{"line":342,"column":null}},"94":{"start":{"line":345,"column":4},"end":{"line":345,"column":null}},"95":{"start":{"line":346,"column":4},"end":{"line":346,"column":null}},"96":{"start":{"line":348,"column":22},"end":{"line":348,"column":45}},"97":{"start":{"line":349,"column":4},"end":{"line":355,"column":null}},"98":{"start":{"line":350,"column":6},"end":{"line":354,"column":null}},"99":{"start":{"line":351,"column":8},"end":{"line":351,"column":null}},"100":{"start":{"line":351,"column":27},"end":{"line":351,"column":null}},"101":{"start":{"line":352,"column":13},"end":{"line":354,"column":null}},"102":{"start":{"line":357,"column":4},"end":{"line":357,"column":null}},"103":{"start":{"line":358,"column":4},"end":{"line":358,"column":null}},"104":{"start":{"line":361,"column":2},"end":{"line":365,"column":null}},"105":{"start":{"line":362,"column":4},"end":{"line":364,"column":null}},"106":{"start":{"line":363,"column":6},"end":{"line":363,"column":null}},"107":{"start":{"line":363,"column":24},"end":{"line":363,"column":null}},"108":{"start":{"line":367,"column":2},"end":{"line":367,"column":null}},"109":{"start":{"line":372,"column":36},"end":{"line":372,"column":38}},"110":{"start":{"line":374,"column":25},"end":{"line":378,"column":null}},"111":{"start":{"line":376,"column":6},"end":{"line":378,"column":null}},"112":{"start":{"line":381,"column":28},"end":{"line":381,"column":null}},"113":{"start":{"line":381,"column":49},"end":{"line":381,"column":null}},"114":{"start":{"line":383,"column":25},"end":{"line":386,"column":null}},"115":{"start":{"line":385,"column":6},"end":{"line":386,"column":null}},"116":{"start":{"line":389,"column":2},"end":{"line":398,"column":null}},"117":{"start":{"line":390,"column":4},"end":{"line":397,"column":null}},"118":{"start":{"line":400,"column":2},"end":{"line":409,"column":null}},"119":{"start":{"line":401,"column":4},"end":{"line":408,"column":null}},"120":{"start":{"line":411,"column":2},"end":{"line":420,"column":null}},"121":{"start":{"line":412,"column":4},"end":{"line":419,"column":null}},"122":{"start":{"line":422,"column":2},"end":{"line":422,"column":null}}},"fnMap":{"0":{"name":"checkSSRF","decl":{"start":{"line":77,"column":9},"end":{"line":77,"column":19}},"loc":{"start":{"line":77,"column":30},"end":{"line":129,"column":null}}},"1":{"name":"(anonymous_4)","decl":{"start":{"line":83,"column":27},"end":{"line":83,"column":28}},"loc":{"start":{"line":83,"column":40},"end":{"line":83,"column":93}}},"2":{"name":"(anonymous_5)","decl":{"start":{"line":95,"column":31},"end":{"line":95,"column":32}},"loc":{"start":{"line":95,"column":42},"end":{"line":95,"column":65}}},"3":{"name":"checkPII","decl":{"start":{"line":132,"column":9},"end":{"line":132,"column":18}},"loc":{"start":{"line":132,"column":50},"end":{"line":150,"column":null}}},"4":{"name":"validateWorkflow","decl":{"start":{"line":153,"column":16},"end":{"line":153,"column":33}},"loc":{"start":{"line":153,"column":59},"end":{"line":327,"column":null}}},"5":{"name":"(anonymous_8)","decl":{"start":{"line":159,"column":34},"end":{"line":159,"column":35}},"loc":{"start":{"line":159,"column":44},"end":{"line":159,"column":null}}},"6":{"name":"(anonymous_9)","decl":{"start":{"line":181,"column":32},"end":{"line":181,"column":33}},"loc":{"start":{"line":181,"column":42},"end":{"line":181,"column":null}}},"7":{"name":"(anonymous_10)","decl":{"start":{"line":195,"column":16},"end":{"line":195,"column":17}},"loc":{"start":{"line":195,"column":17},"end":{"line":198,"column":null}}},"8":{"name":"(anonymous_11)","decl":{"start":{"line":200,"column":16},"end":{"line":200,"column":17}},"loc":{"start":{"line":200,"column":17},"end":{"line":213,"column":null}}},"9":{"name":"(anonymous_12)","decl":{"start":{"line":232,"column":16},"end":{"line":232,"column":17}},"loc":{"start":{"line":232,"column":17},"end":{"line":278,"column":null}}},"10":{"name":"(anonymous_13)","decl":{"start":{"line":253,"column":26},"end":{"line":253,"column":27}},"loc":{"start":{"line":253,"column":27},"end":{"line":257,"column":null}}},"11":{"name":"(anonymous_14)","decl":{"start":{"line":308,"column":26},"end":{"line":308,"column":27}},"loc":{"start":{"line":308,"column":33},"end":{"line":308,"column":62}}},"12":{"name":"(anonymous_15)","decl":{"start":{"line":314,"column":45},"end":{"line":314,"column":46}},"loc":{"start":{"line":314,"column":56},"end":{"line":314,"column":68}}},"13":{"name":"detectCycles","decl":{"start":{"line":330,"column":9},"end":{"line":330,"column":22}},"loc":{"start":{"line":330,"column":48},"end":{"line":368,"column":null}}},"14":{"name":"(anonymous_17)","decl":{"start":{"line":334,"column":16},"end":{"line":334,"column":17}},"loc":{"start":{"line":334,"column":26},"end":{"line":334,"column":null}}},"15":{"name":"(anonymous_18)","decl":{"start":{"line":335,"column":16},"end":{"line":335,"column":17}},"loc":{"start":{"line":335,"column":17},"end":{"line":339,"column":null}}},"16":{"name":"dfs","decl":{"start":{"line":344,"column":11},"end":{"line":344,"column":15}},"loc":{"start":{"line":344,"column":29},"end":{"line":359,"column":null}}},"17":{"name":"validateApiKeys","decl":{"start":{"line":371,"column":16},"end":{"line":371,"column":32}},"loc":{"start":{"line":371,"column":77},"end":{"line":423,"column":null}}},"18":{"name":"(anonymous_21)","decl":{"start":{"line":375,"column":4},"end":{"line":375,"column":5}},"loc":{"start":{"line":376,"column":6},"end":{"line":378,"column":null}}},"19":{"name":"(anonymous_22)","decl":{"start":{"line":381,"column":39},"end":{"line":381,"column":40}},"loc":{"start":{"line":381,"column":49},"end":{"line":381,"column":null}}},"20":{"name":"(anonymous_23)","decl":{"start":{"line":384,"column":4},"end":{"line":384,"column":5}},"loc":{"start":{"line":385,"column":6},"end":{"line":386,"column":null}}}},"branchMap":{"0":{"loc":{"start":{"line":83,"column":4},"end":{"line":92,"column":null}},"type":"if","locations":[{"start":{"line":83,"column":4},"end":{"line":92,"column":null}},{"start":{},"end":{}}]},"1":{"loc":{"start":{"line":83,"column":40},"end":{"line":83,"column":93}},"type":"binary-expr","locations":[{"start":{"line":83,"column":40},"end":{"line":83,"column":64}},{"start":{"line":83,"column":64},"end":{"line":83,"column":93}}]},"2":{"loc":{"start":{"line":95,"column":4},"end":{"line":104,"column":null}},"type":"if","locations":[{"start":{"line":95,"column":4},"end":{"line":104,"column":null}},{"start":{},"end":{}}]},"3":{"loc":{"start":{"line":107,"column":4},"end":{"line":116,"column":null}},"type":"if","locations":[{"start":{"line":107,"column":4},"end":{"line":116,"column":null}},{"start":{},"end":{}}]},"4":{"loc":{"start":{"line":137,"column":4},"end":{"line":146,"column":null}},"type":"if","locations":[{"start":{"line":137,"column":4},"end":{"line":146,"column":null}},{"start":{},"end":{}}]},"5":{"loc":{"start":{"line":137,"column":8},"end":{"line":137,"column":39}},"type":"binary-expr","locations":[{"start":{"line":137,"column":8},"end":{"line":137,"column":19}},{"start":{"line":137,"column":19},"end":{"line":137,"column":39}}]},"6":{"loc":{"start":{"line":160,"column":2},"end":{"line":178,"column":null}},"type":"if","locations":[{"start":{"line":160,"column":2},"end":{"line":178,"column":null}},{"start":{"line":169,"column":9},"end":{"line":178,"column":null}}]},"7":{"loc":{"start":{"line":169,"column":9},"end":{"line":178,"column":null}},"type":"if","locations":[{"start":{"line":169,"column":9},"end":{"line":178,"column":null}},{"start":{},"end":{}}]},"8":{"loc":{"start":{"line":182,"column":2},"end":{"line":191,"column":null}},"type":"if","locations":[{"start":{"line":182,"column":2},"end":{"line":191,"column":null}},{"start":{},"end":{}}]},"9":{"loc":{"start":{"line":201,"column":4},"end":{"line":212,"column":null}},"type":"if","locations":[{"start":{"line":201,"column":4},"end":{"line":212,"column":null}},{"start":{},"end":{}}]},"10":{"loc":{"start":{"line":201,"column":8},"end":{"line":201,"column":60}},"type":"binary-expr","locations":[{"start":{"line":201,"column":8},"end":{"line":201,"column":42}},{"start":{"line":201,"column":42},"end":{"line":201,"column":60}}]},"11":{"loc":{"start":{"line":207,"column":30},"end":{"line":207,"column":73}},"type":"binary-expr","locations":[{"start":{"line":207,"column":30},"end":{"line":207,"column":50}},{"start":{"line":207,"column":50},"end":{"line":207,"column":59}},{"start":{"line":207,"column":63},"end":{"line":207,"column":73}}]},"12":{"loc":{"start":{"line":209,"column":18},"end":{"line":209,"column":47}},"type":"binary-expr","locations":[{"start":{"line":209,"column":18},"end":{"line":209,"column":38}},{"start":{"line":209,"column":38},"end":{"line":209,"column":47}}]},"13":{"loc":{"start":{"line":217,"column":2},"end":{"line":226,"column":null}},"type":"if","locations":[{"start":{"line":217,"column":2},"end":{"line":226,"column":null}},{"start":{},"end":{}}]},"14":{"loc":{"start":{"line":233,"column":4},"end":{"line":246,"column":null}},"type":"if","locations":[{"start":{"line":233,"column":4},"end":{"line":246,"column":null}},{"start":{},"end":{}}]},"15":{"loc":{"start":{"line":234,"column":18},"end":{"line":234,"column":null}},"type":"binary-expr","locations":[{"start":{"line":234,"column":18},"end":{"line":234,"column":36}},{"start":{"line":234,"column":36},"end":{"line":234,"column":null}}]},"16":{"loc":{"start":{"line":236,"column":6},"end":{"line":245,"column":null}},"type":"if","locations":[{"start":{"line":236,"column":6},"end":{"line":245,"column":null}},{"start":{},"end":{}}]},"17":{"loc":{"start":{"line":239,"column":8},"end":{"line":244,"column":null}},"type":"if","locations":[{"start":{"line":239,"column":8},"end":{"line":244,"column":null}},{"start":{"line":242,"column":15},"end":{"line":244,"column":null}}]},"18":{"loc":{"start":{"line":249,"column":4},"end":{"line":260,"column":null}},"type":"if","locations":[{"start":{"line":249,"column":4},"end":{"line":260,"column":null}},{"start":{},"end":{}}]},"19":{"loc":{"start":{"line":249,"column":8},"end":{"line":249,"column":61}},"type":"binary-expr","locations":[{"start":{"line":249,"column":8},"end":{"line":249,"column":34}},{"start":{"line":249,"column":34},"end":{"line":249,"column":61}}]},"20":{"loc":{"start":{"line":250,"column":22},"end":{"line":250,"column":null}},"type":"binary-expr","locations":[{"start":{"line":250,"column":22},"end":{"line":250,"column":44}},{"start":{"line":250,"column":44},"end":{"line":250,"column":71}},{"start":{"line":250,"column":71},"end":{"line":250,"column":null}}]},"21":{"loc":{"start":{"line":252,"column":6},"end":{"line":259,"column":null}},"type":"if","locations":[{"start":{"line":252,"column":6},"end":{"line":259,"column":null}},{"start":{},"end":{}}]},"22":{"loc":{"start":{"line":263,"column":4},"end":{"line":277,"column":null}},"type":"if","locations":[{"start":{"line":263,"column":4},"end":{"line":277,"column":null}},{"start":{},"end":{}}]},"23":{"loc":{"start":{"line":264,"column":24},"end":{"line":264,"column":null}},"type":"binary-expr","locations":[{"start":{"line":264,"column":24},"end":{"line":264,"column":48}},{"start":{"line":264,"column":48},"end":{"line":264,"column":null}}]},"24":{"loc":{"start":{"line":265,"column":6},"end":{"line":276,"column":null}},"type":"if","locations":[{"start":{"line":265,"column":6},"end":{"line":276,"column":null}},{"start":{},"end":{}}]},"25":{"loc":{"start":{"line":336,"column":22},"end":{"line":336,"column":50}},"type":"binary-expr","locations":[{"start":{"line":336,"column":22},"end":{"line":336,"column":48}},{"start":{"line":336,"column":48},"end":{"line":336,"column":50}}]},"26":{"loc":{"start":{"line":348,"column":22},"end":{"line":348,"column":45}},"type":"binary-expr","locations":[{"start":{"line":348,"column":22},"end":{"line":348,"column":43}},{"start":{"line":348,"column":43},"end":{"line":348,"column":45}}]},"27":{"loc":{"start":{"line":350,"column":6},"end":{"line":354,"column":null}},"type":"if","locations":[{"start":{"line":350,"column":6},"end":{"line":354,"column":null}},{"start":{"line":352,"column":13},"end":{"line":354,"column":null}}]},"28":{"loc":{"start":{"line":351,"column":8},"end":{"line":351,"column":null}},"type":"if","locations":[{"start":{"line":351,"column":8},"end":{"line":351,"column":null}},{"start":{},"end":{}}]},"29":{"loc":{"start":{"line":352,"column":13},"end":{"line":354,"column":null}},"type":"if","locations":[{"start":{"line":352,"column":13},"end":{"line":354,"column":null}},{"start":{},"end":{}}]},"30":{"loc":{"start":{"line":362,"column":4},"end":{"line":364,"column":null}},"type":"if","locations":[{"start":{"line":362,"column":4},"end":{"line":364,"column":null}},{"start":{},"end":{}}]},"31":{"loc":{"start":{"line":363,"column":6},"end":{"line":363,"column":null}},"type":"if","locations":[{"start":{"line":363,"column":6},"end":{"line":363,"column":null}},{"start":{},"end":{}}]},"32":{"loc":{"start":{"line":376,"column":6},"end":{"line":378,"column":null}},"type":"binary-expr","locations":[{"start":{"line":376,"column":6},"end":{"line":376,"column":36}},{"start":{"line":376,"column":36},"end":{"line":376,"column":null}},{"start":{"line":377,"column":7},"end":{"line":377,"column":42}},{"start":{"line":377,"column":42},"end":{"line":377,"column":null}},{"start":{"line":378,"column":7},"end":{"line":378,"column":32}},{"start":{"line":378,"column":32},"end":{"line":378,"column":null}}]},"33":{"loc":{"start":{"line":381,"column":49},"end":{"line":381,"column":null}},"type":"binary-expr","locations":[{"start":{"line":381,"column":49},"end":{"line":381,"column":78}},{"start":{"line":381,"column":78},"end":{"line":381,"column":null}}]},"34":{"loc":{"start":{"line":385,"column":6},"end":{"line":386,"column":null}},"type":"binary-expr","locations":[{"start":{"line":385,"column":6},"end":{"line":385,"column":36}},{"start":{"line":385,"column":36},"end":{"line":385,"column":null}},{"start":{"line":386,"column":7},"end":{"line":386,"column":42}},{"start":{"line":386,"column":42},"end":{"line":386,"column":null}}]},"35":{"loc":{"start":{"line":389,"column":2},"end":{"line":398,"column":null}},"type":"if","locations":[{"start":{"line":389,"column":2},"end":{"line":398,"column":null}},{"start":{},"end":{}}]},"36":{"loc":{"start":{"line":389,"column":6},"end":{"line":389,"column":39}},"type":"binary-expr","locations":[{"start":{"line":389,"column":6},"end":{"line":389,"column":24}},{"start":{"line":389,"column":24},"end":{"line":389,"column":39}}]},"37":{"loc":{"start":{"line":400,"column":2},"end":{"line":409,"column":null}},"type":"if","locations":[{"start":{"line":400,"column":2},"end":{"line":409,"column":null}},{"start":{},"end":{}}]},"38":{"loc":{"start":{"line":400,"column":6},"end":{"line":400,"column":45}},"type":"binary-expr","locations":[{"start":{"line":400,"column":6},"end":{"line":400,"column":27}},{"start":{"line":400,"column":27},"end":{"line":400,"column":45}}]},"39":{"loc":{"start":{"line":411,"column":2},"end":{"line":420,"column":null}},"type":"if","locations":[{"start":{"line":411,"column":2},"end":{"line":420,"column":null}},{"start":{},"end":{}}]},"40":{"loc":{"start":{"line":411,"column":6},"end":{"line":411,"column":39}},"type":"binary-expr","locations":[{"start":{"line":411,"column":6},"end":{"line":411,"column":24}},{"start":{"line":411,"column":24},"end":{"line":411,"column":39}}]}},"s":{"0":0,"1":0,"2":0,"3":0,"4":0,"5":0,"6":0,"7":0,"8":0,"9":0,"10":0,"11":0,"12":0,"13":0,"14":0,"15":0,"16":0,"17":0,"18":0,"19":0,"20":0,"21":0,"22":0,"23":0,"24":0,"25":0,"26":0,"27":0,"28":0,"29":0,"30":0,"31":0,"32":0,"33":0,"34":0,"35":0,"36":0,"37":0,"38":0,"39":0,"40":0,"41":0,"42":0,"43":0,"44":0,"45":0,"46":0,"47":0,"48":0,"49":0,"50":0,"51":0,"52":0,"53":0,"54":0,"55":0,"56":0,"57":0,"58":0,"59":0,"60":0,"61":0,"62":0,"63":0,"64":0,"65":0,"66":0,"67":0,"68":0,"69":0,"70":0,"71":0,"72":0,"73":0,"74":0,"75":0,"76":0,"77":0,"78":0,"79":0,"80":0,"81":0,"82":0,"83":0,"84":0,"85":0,"86":0,"87":0,"88":0,"89":0,"90":0,"91":0,"92":0,"93":0,"94":0,"95":0,"96":0,"97":0,"98":0,"99":0,"100":0,"101":0,"102":0,"103":0,"104":0,"105":0,"106":0,"107":0,"108":0,"109":0,"110":0,"111":0,"112":0,"113":0,"114":0,"115":0,"116":0,"117":0,"118":0,"119":0,"120":0,"121":0,"122":0},"f":{"0":0,"1":0,"2":0,"3":0,"4":0,"5":0,"6":0,"7":0,"8":0,"9":0,"10":0,"11":0,"12":0,"13":0,"14":0,"15":0,"16":0,"17":0,"18":0,"19":0,"20":0},"b":{"0":[0,0],"1":[0,0],"2":[0,0],"3":[0,0],"4":[0,0],"5":[0,0],"6":[0,0],"7":[0,0],"8":[0,0],"9":[0,0],"10":[0,0],"11":[0,0,0],"12":[0,0],"13":[0,0],"14":[0,0],"15":[0,0],"16":[0,0],"17":[0,0],"18":[0,0],"19":[0,0],"20":[0,0,0],"21":[0,0],"22":[0,0],"23":[0,0],"24":[0,0],"25":[0,0],"26":[0,0],"27":[0,0],"28":[0,0],"29":[0,0],"30":[0,0],"31":[0,0],"32":[0,0,0,0,0,0],"33":[0,0],"34":[0,0,0,0],"35":[0,0],"36":[0,0],"37":[0,0],"38":[0,0],"39":[0,0],"40":[0,0]}}
}
