TN:
SF:app/layout.tsx
FN:69,RootLayout
FNF:1
FNH:0
FNDA:0,RootLayout
DA:3,0
DA:4,0
DA:5,0
DA:6,0
DA:7,0
DA:8,0
DA:9,0
DA:11,0
DA:16,0
DA:21,0
DA:69,0
LF:11
LH:0
BRF:0
BRH:0
end_of_record
TN:
SF:app/opengraph-image.tsx
FN:11,Image
FNF:1
FNH:0
FNDA:0,Image
DA:1,0
DA:3,0
DA:4,0
DA:5,0
DA:9,0
DA:11,0
DA:12,0
LF:7
LH:0
BRF:0
BRH:0
end_of_record
TN:
SF:app/robots.ts
FN:3,robots
FNF:1
FNH:0
FNDA:0,robots
DA:3,0
DA:4,0
LF:2
LH:0
BRF:0
BRH:0
end_of_record
TN:
SF:app/sitemap.ts
FN:3,sitemap
FNF:1
FNH:0
FNDA:0,sitemap
DA:3,0
DA:4,0
DA:5,0
DA:7,0
LF:4
LH:0
BRF:0
BRH:0
end_of_record
TN:
SF:app/(marketing)/page.tsx
FN:12,HomePage
FN:16,(anonymous_3)
FN:18,(anonymous_4)
FN:22,(anonymous_5)
FN:67,(anonymous_6)
FN:68,(anonymous_7)
FNF:6
FNH:0
FNDA:0,HomePage
FNDA:0,(anonymous_3)
FNDA:0,(anonymous_4)
FNDA:0,(anonymous_5)
FNDA:0,(anonymous_6)
FNDA:0,(anonymous_7)
DA:3,0
DA:4,0
DA:5,0
DA:6,0
DA:7,0
DA:8,0
DA:9,0
DA:10,0
DA:12,0
DA:13,0
DA:14,0
DA:16,0
DA:18,0
DA:19,0
DA:22,0
DA:24,0
DA:25,0
DA:26,0
DA:67,0
DA:68,0
LF:20
LH:0
BRDA:24,0,0,0
BRDA:24,0,1,0
BRF:2
BRH:0
end_of_record
TN:
SF:app/about/page.tsx
FN:15,AboutPage
FNF:1
FNH:0
FNDA:0,AboutPage
DA:2,0
DA:3,0
DA:4,0
DA:5,0
DA:6,0
DA:7,0
DA:9,0
DA:15,0
LF:8
LH:0
BRF:0
BRH:0
end_of_record
TN:
SF:app/api/demo-country/route.ts
FN:1,GET
FNF:1
FNH:0
FNDA:0,GET
DA:1,0
DA:2,0
DA:3,0
DA:9,0
DA:10,0
LF:5
LH:0
BRDA:2,0,0,0
BRDA:2,0,1,0
BRF:2
BRH:0
end_of_record
TN:
SF:app/api/demo-iot-telemetry/route.ts
FN:19,GET
FN:21,(anonymous_5)
FN:184,OPTIONS
FNF:3
FNH:0
FNDA:0,GET
FNDA:0,(anonymous_5)
FNDA:0,OPTIONS
DA:10,0
DA:12,0
DA:19,0
DA:21,0
DA:23,0
DA:184,0
DA:185,0
LF:7
LH:0
BRF:0
BRH:0
end_of_record
TN:
SF:app/api/demo-it-threat-intel/route.ts
FN:19,GET
FN:21,(anonymous_5)
FN:109,OPTIONS
FNF:3
FNH:0
FNDA:0,GET
FNDA:0,(anonymous_5)
FNDA:0,OPTIONS
DA:10,0
DA:12,0
DA:19,0
DA:21,0
DA:23,0
DA:109,0
DA:110,0
LF:7
LH:0
BRF:0
BRH:0
end_of_record
TN:
SF:app/api/demo-ot-threat-intel/route.ts
FN:19,GET
FN:21,(anonymous_5)
FN:128,OPTIONS
FNF:3
FNH:0
FNDA:0,GET
FNDA:0,(anonymous_5)
FNDA:0,OPTIONS
DA:10,0
DA:12,0
DA:19,0
DA:21,0
DA:23,0
DA:128,0
DA:129,0
LF:7
LH:0
BRF:0
BRH:0
end_of_record
TN:
SF:app/api/demo-threat-intel/route.ts
FN:19,GET
FN:21,(anonymous_5)
FN:167,OPTIONS
FNF:3
FNH:0
FNDA:0,GET
FNDA:0,(anonymous_5)
FNDA:0,OPTIONS
DA:10,0
DA:12,0
DA:19,0
DA:21,0
DA:24,0
DA:26,0
DA:28,0
DA:108,0
DA:167,0
DA:168,0
LF:10
LH:0
BRDA:26,0,0,0
BRDA:26,0,1,0
BRF:2
BRH:0
end_of_record
TN:
SF:app/api/execute-workflow/route.ts
FN:16,checkRateLimit
FN:40,sanitizeInput
FN:45,(anonymous_5)
FN:65,POST
FN:80,(anonymous_7)
FN:81,(anonymous_8)
FN:117,(anonymous_9)
FN:144,(anonymous_10)
FN:154,(anonymous_11)
FN:168,(anonymous_12)
FNF:10
FNH:0
FNDA:0,checkRateLimit
FNDA:0,sanitizeInput
FNDA:0,(anonymous_5)
FNDA:0,POST
FNDA:0,(anonymous_7)
FNDA:0,(anonymous_8)
FNDA:0,(anonymous_9)
FNDA:0,(anonymous_10)
FNDA:0,(anonymous_11)
FNDA:0,(anonymous_12)
DA:2,0
DA:3,0
DA:5,0
DA:6,0
DA:8,0
DA:14,0
DA:17,0
DA:18,0
DA:20,0
DA:21,0
DA:25,0
DA:28,0
DA:29,0
DA:32,0
DA:33,0
DA:41,0
DA:42,0
DA:44,0
DA:45,0
DA:47,0
DA:48,0
DA:49,0
DA:50,0
DA:51,0
DA:53,0
DA:56,0
DA:58,0
DA:65,0
DA:67,0
DA:68,0
DA:69,0
DA:78,0
DA:79,0
DA:81,0
DA:82,0
DA:85,0
DA:96,0
DA:102,0
DA:104,0
DA:105,0
DA:107,0
DA:109,0
DA:110,0
DA:116,0
DA:117,0
DA:119,0
DA:126,0
DA:127,0
DA:128,0
DA:131,0
DA:135,0
DA:136,0
DA:144,0
DA:153,0
DA:154,0
DA:156,0
DA:157,0
DA:161,0
DA:162,0
DA:166,0
DA:167,0
DA:168,0
DA:170,0
DA:171,0
DA:175,0
DA:176,0
DA:184,0
DA:186,0
DA:196,0
DA:197,0
DA:203,0
DA:205,0
DA:206,0
DA:208,0
DA:216,0
DA:221,0
LF:76
LH:0
BRDA:20,0,0,0
BRDA:20,0,1,0
BRDA:20,1,0,0
BRDA:20,1,1,0
BRDA:28,2,0,0
BRDA:28,2,1,0
BRDA:40,3,0,0
BRDA:41,4,0,0
BRDA:41,4,1,0
BRDA:44,5,0,0
BRDA:44,5,1,0
BRDA:47,6,0,0
BRDA:47,6,1,0
BRDA:47,7,0,0
BRDA:47,7,1,0
BRDA:50,8,0,0
BRDA:50,8,1,0
BRDA:67,9,0,0
BRDA:67,9,1,0
BRDA:68,10,0,0
BRDA:68,10,1,0
BRDA:89,11,0,0
BRDA:104,12,0,0
BRDA:104,12,1,0
BRDA:107,13,0,0
BRDA:107,13,1,0
BRDA:156,14,0,0
BRDA:156,14,1,0
BRDA:166,15,0,0
BRDA:166,15,1,0
BRDA:170,16,0,0
BRDA:170,16,1,0
BRDA:196,17,0,0
BRDA:196,17,1,0
BRDA:199,18,0,0
BRDA:199,18,1,0
BRDA:206,19,0,0
BRDA:206,19,1,0
BRF:38
BRH:0
end_of_record
TN:
SF:app/blog/page.tsx
FN:52,BlogPage
FN:88,(anonymous_5)
FN:89,(anonymous_6)
FNF:3
FNH:0
FNDA:0,BlogPage
FNDA:0,(anonymous_5)
FNDA:0,(anonymous_6)
DA:2,0
DA:3,0
DA:4,0
DA:6,0
DA:19,0
DA:52,0
DA:88,0
DA:90,0
LF:8
LH:0
BRF:0
BRH:0
end_of_record
TN:
SF:app/blog/[slug]/page.tsx
FN:395,generateMetadata
FN:422,BlogPostPage
FN:489,(anonymous_6)
FNF:3
FNH:0
FNDA:0,generateMetadata
FNDA:0,BlogPostPage
FNDA:0,(anonymous_6)
DA:2,0
DA:3,0
DA:4,0
DA:5,0
DA:18,0
DA:395,0
DA:400,0
DA:402,0
DA:403,0
DA:409,0
DA:422,0
DA:423,0
DA:425,0
DA:426,0
DA:489,0
LF:15
LH:0
BRDA:402,0,0,0
BRDA:402,0,1,0
BRDA:425,1,0,0
BRDA:425,1,1,0
BRF:4
BRH:0
end_of_record
TN:
SF:app/builder/page.tsx
FN:305,(anonymous_5)
FN:336,AgentBuilder
FN:357,(anonymous_7)
FN:370,(anonymous_8)
FN:377,(anonymous_9)
FN:381,(anonymous_10)
FN:382,(anonymous_11)
FN:386,(anonymous_12)
FN:390,(anonymous_13)
FN:393,(anonymous_14)
FN:393,(anonymous_15)
FN:395,(anonymous_16)
FN:395,(anonymous_17)
FN:397,(anonymous_18)
FN:397,(anonymous_19)
FN:399,(anonymous_20)
FN:406,(anonymous_21)
FN:411,(anonymous_22)
FN:424,(anonymous_23)
FN:429,(anonymous_24)
FN:435,(anonymous_25)
FN:455,(anonymous_26)
FN:460,(anonymous_27)
FN:461,(anonymous_28)
FN:461,(anonymous_29)
FN:462,(anonymous_30)
FN:465,(anonymous_31)
FN:466,(anonymous_32)
FN:466,(anonymous_33)
FN:469,(anonymous_34)
FN:470,(anonymous_35)
FN:470,(anonymous_36)
FN:473,(anonymous_37)
FN:475,(anonymous_38)
FN:479,(anonymous_39)
FN:480,(anonymous_40)
FN:480,(anonymous_41)
FN:493,(anonymous_42)
FN:493,(anonymous_43)
FN:494,(anonymous_44)
FN:494,(anonymous_45)
FN:512,(anonymous_46)
FN:515,(anonymous_47)
FN:527,(anonymous_48)
FN:529,(anonymous_49)
FN:567,(anonymous_50)
FN:586,(anonymous_51)
FN:600,(anonymous_52)
FN:617,(anonymous_53)
FN:622,(anonymous_54)
FN:635,(anonymous_55)
FN:672,(anonymous_56)
FN:676,(anonymous_57)
FN:684,(anonymous_58)
FN:685,(anonymous_59)
FN:691,(anonymous_60)
FN:705,(anonymous_61)
FN:716,(anonymous_62)
FN:727,(anonymous_63)
FN:729,(anonymous_64)
FN:759,(anonymous_65)
FN:779,(anonymous_66)
FN:783,(anonymous_67)
FN:788,(anonymous_68)
FN:801,(anonymous_69)
FN:823,(anonymous_70)
FN:827,(anonymous_71)
FN:841,(anonymous_72)
FN:851,(anonymous_73)
FN:853,(anonymous_74)
FN:881,(anonymous_75)
FN:920,(anonymous_76)
FN:929,(anonymous_77)
FN:939,(anonymous_78)
FNF:74
FNH:0
FNDA:0,(anonymous_5)
FNDA:0,AgentBuilder
FNDA:0,(anonymous_7)
FNDA:0,(anonymous_8)
FNDA:0,(anonymous_9)
FNDA:0,(anonymous_10)
FNDA:0,(anonymous_11)
FNDA:0,(anonymous_12)
FNDA:0,(anonymous_13)
FNDA:0,(anonymous_14)
FNDA:0,(anonymous_15)
FNDA:0,(anonymous_16)
FNDA:0,(anonymous_17)
FNDA:0,(anonymous_18)
FNDA:0,(anonymous_19)
FNDA:0,(anonymous_20)
FNDA:0,(anonymous_21)
FNDA:0,(anonymous_22)
FNDA:0,(anonymous_23)
FNDA:0,(anonymous_24)
FNDA:0,(anonymous_25)
FNDA:0,(anonymous_26)
FNDA:0,(anonymous_27)
FNDA:0,(anonymous_28)
FNDA:0,(anonymous_29)
FNDA:0,(anonymous_30)
FNDA:0,(anonymous_31)
FNDA:0,(anonymous_32)
FNDA:0,(anonymous_33)
FNDA:0,(anonymous_34)
FNDA:0,(anonymous_35)
FNDA:0,(anonymous_36)
FNDA:0,(anonymous_37)
FNDA:0,(anonymous_38)
FNDA:0,(anonymous_39)
FNDA:0,(anonymous_40)
FNDA:0,(anonymous_41)
FNDA:0,(anonymous_42)
FNDA:0,(anonymous_43)
FNDA:0,(anonymous_44)
FNDA:0,(anonymous_45)
FNDA:0,(anonymous_46)
FNDA:0,(anonymous_47)
FNDA:0,(anonymous_48)
FNDA:0,(anonymous_49)
FNDA:0,(anonymous_50)
FNDA:0,(anonymous_51)
FNDA:0,(anonymous_52)
FNDA:0,(anonymous_53)
FNDA:0,(anonymous_54)
FNDA:0,(anonymous_55)
FNDA:0,(anonymous_56)
FNDA:0,(anonymous_57)
FNDA:0,(anonymous_58)
FNDA:0,(anonymous_59)
FNDA:0,(anonymous_60)
FNDA:0,(anonymous_61)
FNDA:0,(anonymous_62)
FNDA:0,(anonymous_63)
FNDA:0,(anonymous_64)
FNDA:0,(anonymous_65)
FNDA:0,(anonymous_66)
FNDA:0,(anonymous_67)
FNDA:0,(anonymous_68)
FNDA:0,(anonymous_69)
FNDA:0,(anonymous_70)
FNDA:0,(anonymous_71)
FNDA:0,(anonymous_72)
FNDA:0,(anonymous_73)
FNDA:0,(anonymous_74)
FNDA:0,(anonymous_75)
FNDA:0,(anonymous_76)
FNDA:0,(anonymous_77)
FNDA:0,(anonymous_78)
DA:3,0
DA:23,0
DA:24,0
DA:25,0
DA:40,0
DA:41,0
DA:42,0
DA:43,0
DA:44,0
DA:45,0
DA:46,0
DA:47,0
DA:48,0
DA:49,0
DA:50,0
DA:51,0
DA:52,0
DA:53,0
DA:55,0
DA:56,0
DA:57,0
DA:58,0
DA:59,0
DA:60,0
DA:61,0
DA:62,0
DA:63,0
DA:64,0
DA:65,0
DA:67,0
DA:68,0
DA:70,0
DA:72,0
DA:88,0
DA:273,0
DA:305,0
DA:306,0
DA:308,0
DA:310,0
DA:312,0
DA:314,0
DA:316,0
DA:318,0
DA:320,0
DA:322,0
DA:324,0
DA:326,0
DA:328,0
DA:330,0
DA:332,0
DA:336,0
DA:337,0
DA:338,0
DA:339,0
DA:340,0
DA:341,0
DA:342,0
DA:343,0
DA:344,0
DA:345,0
DA:346,0
DA:347,0
DA:348,0
DA:349,0
DA:350,0
DA:351,0
DA:352,0
DA:353,0
DA:354,0
DA:355,0
DA:357,0
DA:358,0
DA:359,0
DA:360,0
DA:361,0
DA:362,0
DA:364,0
DA:370,0
DA:371,0
DA:372,0
DA:373,0
DA:377,0
DA:378,0
DA:381,0
DA:382,0
DA:383,0
DA:386,0
DA:387,0
DA:388,0
DA:389,0
DA:390,0
DA:393,0
DA:395,0
DA:397,0
DA:399,0
DA:400,0
DA:401,0
DA:402,0
DA:403,0
DA:406,0
DA:407,0
DA:410,0
DA:412,0
DA:414,0
DA:424,0
DA:429,0
DA:430,0
DA:431,0
DA:434,0
DA:436,0
DA:438,0
DA:440,0
DA:441,0
DA:443,0
DA:448,0
DA:455,0
DA:460,0
DA:461,0
DA:462,0
DA:465,0
DA:466,0
DA:469,0
DA:470,0
DA:473,0
DA:475,0
DA:478,0
DA:479,0
DA:480,0
DA:482,0
DA:486,0
DA:490,0
DA:493,0
DA:494,0
DA:495,0
DA:497,0
DA:504,0
DA:511,0
DA:513,0
DA:515,0
DA:516,0
DA:517,0
DA:527,0
DA:529,0
DA:530,0
DA:533,0
DA:534,0
DA:537,0
DA:543,0
DA:550,0
DA:551,0
DA:552,0
DA:553,0
DA:554,0
DA:555,0
DA:556,0
DA:557,0
DA:558,0
DA:560,0
DA:567,0
DA:568,0
DA:571,0
DA:573,0
DA:574,0
DA:577,0
DA:578,0
DA:581,0
DA:585,0
DA:586,0
DA:590,0
DA:591,0
DA:592,0
DA:594,0
DA:595,0
DA:596,0
DA:597,0
DA:598,0
DA:600,0
DA:601,0
DA:606,0
DA:609,0
DA:613,0
DA:616,0
DA:618,0
DA:619,0
DA:621,0
DA:622,0
DA:623,0
DA:624,0
DA:625,0
DA:628,0
DA:630,0
DA:631,0
DA:632,0
DA:634,0
DA:636,0
DA:637,0
DA:641,0
DA:643,0
DA:648,0
DA:655,0
DA:656,0
DA:663,0
DA:665,0
DA:666,0
DA:672,0
DA:673,0
DA:674,0
DA:675,0
DA:676,0
DA:677,0
DA:678,0
DA:679,0
DA:684,0
DA:685,0
DA:686,0
DA:687,0
DA:690,0
DA:692,0
DA:693,0
DA:694,0
DA:696,0
DA:704,0
DA:706,0
DA:707,0
DA:715,0
DA:717,0
DA:718,0
DA:719,0
DA:727,0
DA:729,0
DA:730,0
DA:731,0
DA:732,0
DA:735,0
DA:736,0
DA:759,0
DA:779,0
DA:783,0
DA:788,0
DA:801,0
DA:823,0
DA:827,0
DA:841,0
DA:851,0
DA:853,0
DA:882,0
DA:884,0
DA:886,0
DA:888,0
DA:890,0
DA:892,0
DA:894,0
DA:896,0
DA:898,0
DA:900,0
DA:902,0
DA:904,0
DA:906,0
DA:908,0
DA:920,0
DA:929,0
DA:939,0
LF:262
LH:0
BRDA:306,0,0,0
BRDA:306,0,1,0
BRDA:306,0,2,0
BRDA:306,0,3,0
BRDA:306,0,4,0
BRDA:306,0,5,0
BRDA:306,0,6,0
BRDA:306,0,7,0
BRDA:306,0,8,0
BRDA:306,0,9,0
BRDA:306,0,10,0
BRDA:306,0,11,0
BRDA:306,0,12,0
BRDA:358,1,0,0
BRDA:358,1,1,0
BRDA:360,2,0,0
BRDA:360,2,1,0
BRDA:372,3,0,0
BRDA:372,3,1,0
BRDA:382,4,0,0
BRDA:382,4,1,0
BRDA:412,5,0,0
BRDA:412,5,1,0
BRDA:438,6,0,0
BRDA:438,6,1,0
BRDA:438,7,0,0
BRDA:438,7,1,0
BRDA:441,8,0,0
BRDA:441,8,1,0
BRDA:461,9,0,0
BRDA:461,9,1,0
BRDA:462,10,0,0
BRDA:462,10,1,0
BRDA:466,11,0,0
BRDA:466,11,1,0
BRDA:470,12,0,0
BRDA:470,12,1,0
BRDA:478,13,0,0
BRDA:478,13,1,0
BRDA:484,14,0,0
BRDA:484,14,1,0
BRDA:490,15,0,0
BRDA:490,15,1,0
BRDA:494,16,0,0
BRDA:494,16,1,0
BRDA:513,17,0,0
BRDA:513,17,1,0
BRDA:516,18,0,0
BRDA:516,18,1,0
BRDA:533,19,0,0
BRDA:533,19,1,0
BRDA:568,20,0,0
BRDA:568,20,1,0
BRDA:571,21,0,0
BRDA:571,21,1,0
BRDA:573,22,0,0
BRDA:573,22,1,0
BRDA:577,23,0,0
BRDA:577,23,1,0
BRDA:585,24,0,0
BRDA:585,24,1,0
BRDA:590,25,0,0
BRDA:590,25,1,0
BRDA:594,26,0,0
BRDA:594,26,1,0
BRDA:594,27,0,0
BRDA:594,27,1,0
BRDA:594,27,2,0
BRDA:596,28,0,0
BRDA:596,28,1,0
BRDA:596,29,0,0
BRDA:596,29,1,0
BRDA:596,29,2,0
BRDA:598,30,0,0
BRDA:598,30,1,0
BRDA:598,31,0,0
BRDA:598,31,1,0
BRDA:601,32,0,0
BRDA:601,32,1,0
BRDA:601,33,0,0
BRDA:601,33,1,0
BRDA:619,34,0,0
BRDA:619,34,1,0
BRDA:628,35,0,0
BRDA:628,35,1,0
BRDA:630,36,0,0
BRDA:630,36,1,0
BRDA:630,37,0,0
BRDA:630,37,1,0
BRDA:637,38,0,0
BRDA:637,38,1,0
BRDA:665,39,0,0
BRDA:665,39,1,0
BRDA:678,40,0,0
BRDA:678,40,1,0
BRDA:730,41,0,0
BRDA:730,41,1,0
BRDA:735,42,0,0
BRDA:735,42,1,0
BRDA:762,43,0,0
BRDA:769,44,0,0
BRDA:769,44,1,0
BRDA:772,45,0,0
BRDA:772,45,1,0
BRDA:787,46,0,0
BRDA:810,47,0,0
BRDA:810,47,1,0
BRDA:817,48,0,0
BRDA:840,49,0,0
BRDA:840,49,1,0
BRDA:845,50,0,0
BRDA:845,50,1,0
BRDA:846,51,0,0
BRDA:846,51,1,0
BRDA:882,52,0,0
BRDA:882,52,1,0
BRDA:882,52,2,0
BRDA:882,52,3,0
BRDA:882,52,4,0
BRDA:882,52,5,0
BRDA:882,52,6,0
BRDA:882,52,7,0
BRDA:882,52,8,0
BRDA:882,52,9,0
BRDA:882,52,10,0
BRDA:882,52,11,0
BRDA:882,52,12,0
BRDA:915,53,0,0
BRDA:926,54,0,0
BRDA:926,54,1,0
BRDA:926,54,2,0
BRDA:935,55,0,0
BRDA:935,55,1,0
BRDA:943,56,0,0
BRDA:943,56,1,0
BRDA:966,57,0,0
BRDA:966,57,1,0
BRF:137
BRH:0
end_of_record
TN:
SF:app/docs/layout.tsx
FN:5,DocsLayout
FNF:1
FNH:0
FNDA:0,DocsLayout
DA:2,0
DA:3,0
DA:5,0
LF:3
LH:0
BRF:0
BRH:0
end_of_record
TN:
SF:app/docs/loading.tsx
FN:1,Loading
FNF:1
FNH:0
FNDA:0,Loading
DA:1,0
DA:2,0
LF:2
LH:0
BRF:0
BRH:0
end_of_record
TN:
SF:app/docs/page.tsx
FN:9,DocsHomePage
FN:11,(anonymous_3)
FN:27,(anonymous_4)
FN:52,(anonymous_5)
FNF:4
FNH:0
FNDA:0,DocsHomePage
FNDA:0,(anonymous_3)
FNDA:0,(anonymous_4)
FNDA:0,(anonymous_5)
DA:3,0
DA:4,0
DA:5,0
DA:6,0
DA:7,0
DA:9,0
DA:11,0
DA:12,0
DA:13,0
DA:14,0
DA:16,0
DA:17,0
DA:20,0
DA:21,0
DA:22,0
DA:23,0
DA:24,0
DA:27,0
DA:28,0
DA:29,0
DA:30,0
DA:31,0
DA:32,0
DA:33,0
DA:34,0
DA:53,0
DA:54,0
LF:27
LH:0
BRDA:16,0,0,0
BRDA:16,0,1,0
BRDA:17,1,0,0
BRDA:17,1,1,0
BRDA:20,2,0,0
BRDA:20,2,1,0
BRDA:28,3,0,0
BRDA:28,3,1,0
BRDA:29,4,0,0
BRDA:29,4,1,0
BRDA:30,5,0,0
BRDA:30,5,1,0
BRF:12
BRH:0
end_of_record
TN:
SF:app/docs/build/page.tsx
FN:14,BuildOverviewPage
FNF:1
FNH:0
FNDA:0,BuildOverviewPage
DA:1,0
DA:2,0
DA:3,0
DA:4,0
DA:5,0
DA:6,0
DA:7,0
DA:9,0
DA:14,0
LF:9
LH:0
BRF:0
BRH:0
end_of_record
TN:
SF:app/docs/build/api/page.tsx
FN:54,ApiReferencePage
FNF:1
FNH:0
FNDA:0,ApiReferencePage
DA:2,0
DA:3,0
DA:4,0
DA:5,0
DA:6,0
DA:7,0
DA:8,0
DA:9,0
DA:11,0
DA:34,0
DA:41,0
DA:54,0
LF:12
LH:0
BRF:0
BRH:0
end_of_record
TN:
SF:app/docs/build/nodes/page.tsx
FN:115,NodesReferencePage
FN:147,(anonymous_3)
FNF:2
FNH:0
FNDA:0,NodesReferencePage
FNDA:0,(anonymous_3)
DA:1,0
DA:2,0
DA:3,0
DA:4,0
DA:5,0
DA:6,0
DA:7,0
DA:19,0
DA:20,0
DA:22,0
DA:115,0
DA:116,0
DA:148,0
DA:149,0
DA:162,0
LF:15
LH:0
BRDA:178,0,0,0
BRDA:178,0,1,0
BRDA:181,1,0,0
BRDA:181,1,1,0
BRF:4
BRH:0
end_of_record
TN:
SF:app/docs/build/nodes/conditional/page.tsx
FN:54,ConditionalNodePage
FNF:1
FNH:0
FNDA:0,ConditionalNodePage
DA:2,0
DA:3,0
DA:4,0
DA:5,0
DA:6,0
DA:7,0
DA:8,0
DA:9,0
DA:11,0
DA:35,0
DA:42,0
DA:54,0
LF:12
LH:0
BRF:0
BRH:0
end_of_record
TN:
SF:app/docs/build/nodes/end/page.tsx
FN:50,EndNodePage
FNF:1
FNH:0
FNDA:0,EndNodePage
DA:2,0
DA:3,0
DA:4,0
DA:5,0
DA:6,0
DA:7,0
DA:8,0
DA:9,0
DA:11,0
DA:32,0
DA:39,0
DA:50,0
LF:12
LH:0
BRF:0
BRH:0
end_of_record
TN:
SF:app/docs/build/nodes/http-request/page.tsx
FN:60,HttpRequestNodePage
FNF:1
FNH:0
FNDA:0,HttpRequestNodePage
DA:2,0
DA:3,0
DA:4,0
DA:5,0
DA:6,0
DA:7,0
DA:8,0
DA:9,0
DA:11,0
DA:40,0
DA:47,0
DA:60,0
LF:12
LH:0
BRF:0
BRH:0
end_of_record
TN:
SF:app/docs/build/nodes/javascript/page.tsx
FN:56,JavaScriptNodePage
FNF:1
FNH:0
FNDA:0,JavaScriptNodePage
DA:2,0
DA:3,0
DA:4,0
DA:5,0
DA:6,0
DA:7,0
DA:8,0
DA:9,0
DA:11,0
DA:36,0
DA:43,0
DA:56,0
LF:12
LH:0
BRF:0
BRH:0
end_of_record
TN:
SF:app/docs/build/nodes/start/page.tsx
FN:34,StartNodePage
FNF:1
FNH:0
FNDA:0,StartNodePage
DA:2,0
DA:3,0
DA:4,0
DA:5,0
DA:6,0
DA:7,0
DA:8,0
DA:9,0
DA:11,0
DA:18,0
DA:25,0
DA:34,0
LF:12
LH:0
BRF:0
BRH:0
end_of_record
TN:
SF:app/docs/build/nodes/text-model/page.tsx
FN:36,TextModelNodePage
FNF:1
FNH:0
FNDA:0,TextModelNodePage
DA:2,0
DA:3,0
DA:4,0
DA:5,0
DA:6,0
DA:7,0
DA:8,0
DA:9,0
DA:11,0
DA:18,0
DA:25,0
DA:36,0
LF:12
LH:0
BRF:0
BRH:0
end_of_record
TN:
SF:app/docs/learn/page.tsx
FN:14,LearnOverviewPage
FNF:1
FNH:0
FNDA:0,LearnOverviewPage
DA:1,0
DA:2,0
DA:3,0
DA:4,0
DA:5,0
DA:6,0
DA:7,0
DA:9,0
DA:14,0
LF:9
LH:0
BRF:0
BRH:0
end_of_record
TN:
SF:app/docs/learn/best-practices/page.tsx
FN:28,BestPracticesPage
FNF:1
FNH:0
FNDA:0,BestPracticesPage
DA:1,0
DA:2,0
DA:3,0
DA:4,0
DA:5,0
DA:6,0
DA:7,0
DA:8,0
DA:20,0
DA:21,0
DA:23,0
DA:28,0
DA:29,0
LF:13
LH:0
BRF:0
BRH:0
end_of_record
TN:
SF:app/docs/learn/core-concepts/page.tsx
FN:17,CoreConceptsPage
FNF:1
FNH:0
FNDA:0,CoreConceptsPage
DA:1,0
DA:2,0
DA:3,0
DA:4,0
DA:5,0
DA:6,0
DA:7,0
DA:8,0
DA:9,0
DA:10,0
DA:12,0
DA:17,0
DA:18,0
LF:13
LH:0
BRF:0
BRH:0
end_of_record
TN:
SF:app/docs/learn/faq/page.tsx
FN:45,FAQPage
FNF:1
FNH:0
FNDA:0,FAQPage
DA:2,0
DA:3,0
DA:4,0
DA:5,0
DA:11,0
DA:12,0
DA:13,0
DA:14,0
DA:15,0
DA:17,0
DA:29,0
DA:36,0
DA:45,0
LF:13
LH:0
BRF:0
BRH:0
end_of_record
TN:
SF:app/docs/learn/quick-start/page.tsx
FN:17,QuickStartPage
FNF:1
FNH:0
FNDA:0,QuickStartPage
DA:1,0
DA:2,0
DA:3,0
DA:4,0
DA:5,0
DA:6,0
DA:7,0
DA:8,0
DA:9,0
DA:10,0
DA:12,0
DA:17,0
DA:18,0
LF:13
LH:0
BRF:0
BRH:0
end_of_record
TN:
SF:app/docs/learn/tutorials/page.tsx
FN:27,TutorialsPage
FNF:1
FNH:0
FNDA:0,TutorialsPage
DA:1,0
DA:2,0
DA:3,0
DA:4,0
DA:5,0
DA:6,0
DA:7,0
DA:8,0
DA:19,0
DA:20,0
DA:22,0
DA:27,0
DA:28,0
LF:13
LH:0
BRF:0
BRH:0
end_of_record
TN:
SF:app/docs/learn/workflows-101/page.tsx
FN:40,Workflows101Page
FNF:1
FNH:0
FNDA:0,Workflows101Page
DA:2,0
DA:3,0
DA:4,0
DA:5,0
DA:6,0
DA:7,0
DA:8,0
DA:9,0
DA:11,0
DA:23,0
DA:30,0
DA:40,0
LF:12
LH:0
BRF:0
BRH:0
end_of_record
TN:
SF:app/docs/security/page.tsx
FN:15,SecurityOverviewPage
FNF:1
FNH:0
FNDA:0,SecurityOverviewPage
DA:1,0
DA:2,0
DA:3,0
DA:4,0
DA:5,0
DA:6,0
DA:7,0
DA:8,0
DA:10,0
DA:15,0
LF:10
LH:0
BRF:0
BRH:0
end_of_record
TN:
SF:app/docs/security/validations/page.tsx
FN:138,SecurityValidationsPage
FN:167,(anonymous_2)
FN:212,(anonymous_3)
FNF:3
FNH:0
FNDA:0,SecurityValidationsPage
FNDA:0,(anonymous_2)
FNDA:0,(anonymous_3)
DA:1,0
DA:2,0
DA:3,0
DA:4,0
DA:5,0
DA:6,0
DA:7,0
DA:21,0
DA:23,0
DA:138,0
DA:168,0
DA:169,0
DA:175,0
DA:213,0
LF:14
LH:0
BRDA:193,0,0,0
BRDA:193,0,1,0
BRDA:195,1,0,0
BRDA:195,1,1,0
BRF:4
BRH:0
end_of_record
TN:
SF:app/privacy/page.tsx
FN:14,PrivacyPage
FNF:1
FNH:0
FNDA:0,PrivacyPage
DA:2,0
DA:3,0
DA:4,0
DA:5,0
DA:6,0
DA:8,0
DA:14,0
LF:7
LH:0
BRF:0
BRH:0
end_of_record
TN:
SF:app/reports/layout.tsx
FN:6,ReportsLayout
FNF:1
FNH:0
FNDA:0,ReportsLayout
DA:2,0
DA:3,0
DA:4,0
DA:6,0
LF:4
LH:0
BRF:0
BRH:0
end_of_record
TN:
SF:app/reports/page.tsx
FN:12,ReportsIndexPage
FN:15,(anonymous_3)
FN:17,(anonymous_4)
FN:39,(anonymous_5)
FN:56,(anonymous_6)
FNF:5
FNH:0
FNDA:0,ReportsIndexPage
FNDA:0,(anonymous_3)
FNDA:0,(anonymous_4)
FNDA:0,(anonymous_5)
FNDA:0,(anonymous_6)
DA:3,0
DA:4,0
DA:5,0
DA:6,0
DA:7,0
DA:8,0
DA:9,0
DA:10,0
DA:12,0
DA:13,0
DA:15,0
DA:16,0
DA:17,0
DA:18,0
DA:20,0
DA:40,0
DA:57,0
LF:17
LH:0
BRDA:34,0,0,0
BRDA:61,1,0,0
BRDA:61,1,1,0
BRF:3
BRH:0
end_of_record
TN:
SF:app/reports/[templateId]/page.tsx
FN:17,ReportPage
FN:38,OTCriticalInfraReport
FN:404,GenericReport
FN:459,generateMetadata
FNF:4
FNH:0
FNDA:0,ReportPage
FNDA:0,OTCriticalInfraReport
FNDA:0,GenericReport
FNDA:0,generateMetadata
DA:1,0
DA:2,0
DA:3,0
DA:4,0
DA:5,0
DA:6,0
DA:7,0
DA:8,0
DA:9,0
DA:17,0
DA:18,0
DA:21,0
DA:22,0
DA:26,0
DA:29,0
DA:39,0
DA:40,0
DA:41,0
DA:42,0
DA:43,0
DA:459,0
DA:460,0
DA:462,0
DA:463,0
DA:476,0
LF:25
LH:0
BRDA:21,0,0,0
BRDA:21,0,1,0
BRDA:29,1,0,0
BRDA:29,1,1,0
BRDA:39,2,0,0
BRDA:39,2,1,0
BRDA:40,3,0,0
BRDA:40,3,1,0
BRDA:41,4,0,0
BRDA:41,4,1,0
BRDA:42,5,0,0
BRDA:42,5,1,0
BRDA:43,6,0,0
BRDA:43,6,1,0
BRDA:462,7,0,0
BRDA:462,7,1,0
BRF:16
BRH:0
end_of_record
TN:
SF:components/api-settings-dialog.tsx
FN:31,validateApiKey
FN:48,ApiSettingsDialog
FN:52,(anonymous_3)
FN:60,(anonymous_4)
FN:67,(anonymous_5)
FN:76,(anonymous_6)
FN:81,(anonymous_7)
FN:145,(anonymous_8)
FN:170,(anonymous_9)
FN:195,(anonymous_10)
FN:220,(anonymous_11)
FN:234,(anonymous_12)
FNF:12
FNH:0
FNDA:0,validateApiKey
FNDA:0,ApiSettingsDialog
FNDA:0,(anonymous_3)
FNDA:0,(anonymous_4)
FNDA:0,(anonymous_5)
FNDA:0,(anonymous_6)
FNDA:0,(anonymous_7)
FNDA:0,(anonymous_8)
FNDA:0,(anonymous_9)
FNDA:0,(anonymous_10)
FNDA:0,(anonymous_11)
FNDA:0,(anonymous_12)
DA:3,0
DA:11,0
DA:12,0
DA:13,0
DA:14,0
DA:15,0
DA:16,0
DA:17,0
DA:32,0
DA:34,0
DA:36,0
DA:38,0
DA:42,0
DA:44,0
DA:48,0
DA:49,0
DA:50,0
DA:52,0
DA:53,0
DA:54,0
DA:55,0
DA:56,0
DA:59,0
DA:60,0
DA:61,0
DA:63,0
DA:67,0
DA:68,0
DA:69,0
DA:71,0
DA:72,0
DA:73,0
DA:76,0
DA:77,0
DA:78,0
DA:81,0
DA:82,0
DA:83,0
DA:85,0
DA:145,0
DA:170,0
DA:195,0
DA:220,0
DA:234,0
LF:44
LH:0
BRDA:32,0,0,0
BRDA:32,0,1,0
BRDA:32,1,0,0
BRDA:32,1,1,0
BRDA:34,2,0,0
BRDA:34,2,1,0
BRDA:34,2,2,0
BRDA:34,2,3,0
BRDA:53,3,0,0
BRDA:53,3,1,0
BRDA:55,4,0,0
BRDA:55,4,1,0
BRDA:85,5,0,0
BRDA:85,5,1,0
BRDA:90,6,0,0
BRDA:121,7,0,0
BRDA:125,8,0,0
BRDA:129,9,0,0
BRDA:133,10,0,0
BRDA:144,11,0,0
BRDA:144,11,1,0
BRDA:169,12,0,0
BRDA:169,12,1,0
BRDA:194,13,0,0
BRDA:194,13,1,0
BRDA:219,14,0,0
BRDA:219,14,1,0
BRF:27
BRH:0
end_of_record
TN:
SF:components/auto-save-indicator.tsx
FN:7,AutoSaveIndicator
FN:10,(anonymous_2)
FN:23,(anonymous_3)
FNF:3
FNH:0
FNDA:0,AutoSaveIndicator
FNDA:0,(anonymous_2)
FNDA:0,(anonymous_3)
DA:2,0
DA:3,0
DA:4,0
DA:5,0
DA:7,0
DA:8,0
DA:10,0
DA:11,0
DA:23,0
DA:24,0
DA:26,0
DA:28,0
DA:30,0
DA:32,0
LF:14
LH:0
BRDA:24,0,0,0
BRDA:24,0,1,0
BRDA:24,0,2,0
BRDA:24,0,3,0
BRDA:28,1,0,0
BRDA:28,1,1,0
BRDA:47,2,0,0
BRF:7
BRH:0
end_of_record
TN:
SF:components/code-export-dialog.tsx
FN:18,CodeExportDialog
FN:24,(anonymous_2)
FN:27,(anonymous_3)
FN:30,(anonymous_4)
FN:58,(anonymous_5)
FN:62,(anonymous_6)
FN:77,(anonymous_7)
FN:81,(anonymous_8)
FNF:8
FNH:0
FNDA:0,CodeExportDialog
FNDA:0,(anonymous_2)
FNDA:0,(anonymous_3)
FNDA:0,(anonymous_4)
FNDA:0,(anonymous_5)
FNDA:0,(anonymous_6)
FNDA:0,(anonymous_7)
FNDA:0,(anonymous_8)
DA:3,0
DA:5,0
DA:6,0
DA:7,0
DA:8,0
DA:9,0
DA:18,0
DA:19,0
DA:21,0
DA:22,0
DA:24,0
DA:25,0
DA:26,0
DA:27,0
DA:30,0
DA:31,0
DA:32,0
DA:33,0
DA:34,0
DA:35,0
DA:36,0
DA:37,0
DA:58,0
DA:62,0
DA:77,0
DA:81,0
LF:26
LH:0
BRDA:59,0,0,0
BRDA:60,1,0,0
BRDA:60,1,1,0
BRDA:78,2,0,0
BRDA:79,3,0,0
BRDA:79,3,1,0
BRF:6
BRH:0
end_of_record
TN:
SF:components/command-palette.tsx
FN:41,CommandPalette
FN:46,(anonymous_5)
FN:48,(anonymous_6)
FN:79,(anonymous_7)
FN:92,(anonymous_8)
FN:95,(anonymous_9)
FN:95,(anonymous_10)
FN:110,(anonymous_11)
FN:113,(anonymous_12)
FN:113,(anonymous_13)
FNF:10
FNH:0
FNDA:0,CommandPalette
FNDA:0,(anonymous_5)
FNDA:0,(anonymous_6)
FNDA:0,(anonymous_7)
FNDA:0,(anonymous_8)
FNDA:0,(anonymous_9)
FNDA:0,(anonymous_10)
FNDA:0,(anonymous_11)
FNDA:0,(anonymous_12)
FNDA:0,(anonymous_13)
DA:3,0
DA:4,0
DA:13,0
DA:33,0
DA:34,0
DA:41,0
DA:42,0
DA:44,0
DA:47,0
DA:48,0
DA:53,0
DA:68,0
DA:79,0
DA:80,0
DA:82,0
DA:93,0
DA:95,0
DA:111,0
DA:113,0
LF:19
LH:0
BRDA:118,0,0,0
BRF:1
BRH:0
end_of_record
TN:
SF:components/cookie-notice.tsx
FN:8,CookieNotice
FN:11,(anonymous_3)
FN:16,(anonymous_4)
FN:19,(anonymous_5)
FN:23,(anonymous_6)
FNF:5
FNH:0
FNDA:0,CookieNotice
FNDA:0,(anonymous_3)
FNDA:0,(anonymous_4)
FNDA:0,(anonymous_5)
FNDA:0,(anonymous_6)
DA:3,0
DA:4,0
DA:5,0
DA:6,0
DA:8,0
DA:9,0
DA:11,0
DA:13,0
DA:14,0
DA:16,0
DA:17,0
DA:19,0
DA:23,0
DA:24,0
DA:25,0
DA:28,0
LF:16
LH:0
BRDA:14,0,0,0
BRDA:14,0,1,0
BRDA:28,1,0,0
BRDA:28,1,1,0
BRF:4
BRH:0
end_of_record
TN:
SF:components/demo-badge.tsx
FN:11,DemoBadge
FNF:1
FNH:0
FNDA:0,DemoBadge
DA:3,0
DA:4,0
DA:11,0
DA:12,0
LF:4
LH:0
BRDA:11,0,0,0
BRDA:11,1,0,0
BRDA:12,2,0,0
BRDA:12,2,1,0
BRF:4
BRH:0
end_of_record
TN:
SF:components/demo-completion-cta.tsx
FN:12,DemoCompletionCTA
FNF:1
FNH:0
FNDA:0,DemoCompletionCTA
DA:3,0
DA:4,0
DA:5,0
DA:12,0
LF:4
LH:0
BRDA:57,0,0,0
BRF:1
BRH:0
end_of_record
TN:
SF:components/demo-mode-banner.tsx
FN:12,DemoModeBanner
FN:41,(anonymous_2)
FNF:2
FNH:0
FNDA:0,DemoModeBanner
FNDA:0,(anonymous_2)
DA:3,0
DA:4,0
DA:5,0
DA:6,0
DA:12,0
DA:13,0
DA:15,0
DA:41,0
LF:8
LH:0
BRDA:15,0,0,0
BRDA:15,0,1,0
BRF:2
BRH:0
end_of_record
TN:
SF:components/error-boundary.tsx
FN:19,(anonymous_2)
FN:24,(anonymous_3)
FN:28,(anonymous_4)
FN:32,(anonymous_5)
FN:50,(anonymous_6)
FNF:5
FNH:0
FNDA:0,(anonymous_2)
FNDA:0,(anonymous_3)
FNDA:0,(anonymous_4)
FNDA:0,(anonymous_5)
FNDA:0,(anonymous_6)
DA:3,0
DA:4,0
DA:5,0
DA:6,0
DA:18,0
DA:20,0
DA:21,0
DA:25,0
DA:29,0
DA:33,0
DA:34,0
DA:35,0
DA:51,0
DA:52,0
DA:62,0
LF:15
LH:0
BRDA:33,0,0,0
BRDA:33,0,1,0
BRDA:34,1,0,0
BRDA:34,1,1,0
BRDA:45,2,0,0
BRDA:45,2,1,0
BRF:6
BRH:0
end_of_record
TN:
SF:components/execution-panel.tsx
FN:28,ExecutionPanel
FN:44,(anonymous_2)
FN:52,(anonymous_3)
FN:69,(anonymous_4)
FN:73,(anonymous_5)
FN:76,(anonymous_6)
FN:83,(anonymous_7)
FN:90,(anonymous_8)
FN:149,(anonymous_9)
FN:150,(anonymous_10)
FN:166,(anonymous_11)
FN:167,(anonymous_12)
FN:200,(anonymous_13)
FN:201,(anonymous_14)
FN:316,(anonymous_15)
FN:344,(anonymous_16)
FN:353,(anonymous_17)
FN:361,(anonymous_18)
FN:379,(anonymous_19)
FN:393,(anonymous_20)
FN:471,(anonymous_21)
FNF:21
FNH:0
FNDA:0,ExecutionPanel
FNDA:0,(anonymous_2)
FNDA:0,(anonymous_3)
FNDA:0,(anonymous_4)
FNDA:0,(anonymous_5)
FNDA:0,(anonymous_6)
FNDA:0,(anonymous_7)
FNDA:0,(anonymous_8)
FNDA:0,(anonymous_9)
FNDA:0,(anonymous_10)
FNDA:0,(anonymous_11)
FNDA:0,(anonymous_12)
FNDA:0,(anonymous_13)
FNDA:0,(anonymous_14)
FNDA:0,(anonymous_15)
FNDA:0,(anonymous_16)
FNDA:0,(anonymous_17)
FNDA:0,(anonymous_18)
FNDA:0,(anonymous_19)
FNDA:0,(anonymous_20)
FNDA:0,(anonymous_21)
DA:3,0
DA:5,0
DA:6,0
DA:7,0
DA:8,0
DA:9,0
DA:28,0
DA:37,0
DA:38,0
DA:39,0
DA:40,0
DA:41,0
DA:42,0
DA:44,0
DA:45,0
DA:46,0
DA:48,0
DA:52,0
DA:53,0
DA:56,0
DA:58,0
DA:60,0
DA:62,0
DA:66,0
DA:67,0
DA:69,0
DA:70,0
DA:71,0
DA:72,0
DA:73,0
DA:76,0
DA:77,0
DA:78,0
DA:79,0
DA:83,0
DA:84,0
DA:85,0
DA:86,0
DA:87,0
DA:88,0
DA:90,0
DA:91,0
DA:92,0
DA:95,0
DA:96,0
DA:97,0
DA:99,0
DA:110,0
DA:111,0
DA:114,0
DA:115,0
DA:116,0
DA:118,0
DA:119,0
DA:121,0
DA:123,0
DA:124,0
DA:125,0
DA:127,0
DA:128,0
DA:130,0
DA:131,0
DA:133,0
DA:135,0
DA:136,0
DA:137,0
DA:139,0
DA:142,0
DA:143,0
DA:144,0
DA:146,0
DA:147,0
DA:149,0
DA:150,0
DA:158,0
DA:160,0
DA:163,0
DA:164,0
DA:166,0
DA:167,0
DA:176,0
DA:177,0
DA:180,0
DA:181,0
DA:182,0
DA:185,0
DA:186,0
DA:189,0
DA:194,0
DA:196,0
DA:200,0
DA:201,0
DA:202,0
DA:204,0
DA:206,0
DA:208,0
DA:210,0
DA:212,0
DA:214,0
DA:216,0
DA:218,0
DA:220,0
DA:222,0
DA:317,0
DA:318,0
DA:319,0
DA:321,0
DA:344,0
DA:353,0
DA:362,0
DA:365,0
DA:366,0
DA:367,0
DA:368,0
DA:369,0
DA:370,0
DA:380,0
DA:393,0
DA:413,0
DA:414,0
DA:415,0
DA:416,0
DA:417,0
DA:418,0
DA:419,0
DA:472,0
LF:126
LH:0
BRDA:44,0,0,0
BRDA:44,0,1,0
BRDA:45,1,0,0
BRDA:45,1,1,0
BRDA:48,2,0,0
BRDA:48,2,1,0
BRDA:48,3,0,0
BRDA:48,3,1,0
BRDA:48,3,2,0
BRDA:53,4,0,0
BRDA:53,4,1,0
BRDA:53,4,2,0
BRDA:53,4,3,0
BRDA:53,4,4,0
BRDA:66,5,0,0
BRDA:66,5,1,0
BRDA:66,6,0,0
BRDA:66,6,1,0
BRDA:67,7,0,0
BRDA:67,7,1,0
BRDA:70,8,0,0
BRDA:70,8,1,0
BRDA:70,9,0,0
BRDA:70,9,1,0
BRDA:70,9,2,0
BRDA:78,10,0,0
BRDA:78,10,1,0
BRDA:91,11,0,0
BRDA:91,11,1,0
BRDA:92,12,0,0
BRDA:92,12,1,0
BRDA:96,13,0,0
BRDA:96,13,1,0
BRDA:97,14,0,0
BRDA:97,14,1,0
BRDA:106,15,0,0
BRDA:106,15,1,0
BRDA:110,16,0,0
BRDA:110,16,1,0
BRDA:121,17,0,0
BRDA:121,17,1,0
BRDA:125,18,0,0
BRDA:125,18,1,0
BRDA:128,19,0,0
BRDA:128,19,1,0
BRDA:133,20,0,0
BRDA:133,20,1,0
BRDA:133,20,2,0
BRDA:133,20,3,0
BRDA:133,20,4,0
BRDA:135,21,0,0
BRDA:135,21,1,0
BRDA:135,22,0,0
BRDA:135,22,1,0
BRDA:142,23,0,0
BRDA:142,23,1,0
BRDA:143,24,0,0
BRDA:143,24,1,0
BRDA:146,25,0,0
BRDA:146,25,1,0
BRDA:154,26,0,0
BRDA:154,26,1,0
BRDA:163,27,0,0
BRDA:163,27,1,0
BRDA:163,28,0,0
BRDA:163,28,1,0
BRDA:170,29,0,0
BRDA:170,29,1,0
BRDA:171,30,0,0
BRDA:171,30,1,0
BRDA:185,31,0,0
BRDA:185,31,1,0
BRDA:194,32,0,0
BRDA:194,32,1,0
BRDA:202,33,0,0
BRDA:202,33,1,0
BRDA:204,34,0,0
BRDA:204,34,1,0
BRDA:204,34,2,0
BRDA:204,34,3,0
BRDA:204,34,4,0
BRDA:204,34,5,0
BRDA:204,34,6,0
BRDA:204,34,7,0
BRDA:204,34,8,0
BRDA:222,35,0,0
BRDA:222,35,1,0
BRDA:237,36,0,0
BRDA:236,37,0,0
BRDA:236,37,1,0
BRDA:253,38,0,0
BRDA:253,38,1,0
BRDA:257,39,0,0
BRDA:270,40,0,0
BRDA:270,40,1,0
BRDA:270,40,2,0
BRDA:276,41,0,0
BRDA:276,41,1,0
BRDA:278,42,0,0
BRDA:282,43,0,0
BRDA:290,44,0,0
BRDA:293,45,0,0
BRDA:293,45,1,0
BRDA:297,46,0,0
BRDA:297,46,1,0
BRDA:299,47,0,0
BRDA:299,47,1,0
BRDA:305,48,0,0
BRDA:305,48,1,0
BRDA:305,49,0,0
BRDA:305,49,1,0
BRDA:311,50,0,0
BRDA:311,50,1,0
BRDA:313,51,0,0
BRDA:321,52,0,0
BRDA:321,52,1,0
BRDA:323,53,0,0
BRDA:323,53,1,0
BRDA:330,54,0,0
BRDA:330,54,1,0
BRDA:340,55,0,0
BRDA:340,55,1,0
BRDA:347,56,0,0
BRDA:347,56,1,0
BRDA:356,57,0,0
BRDA:356,57,1,0
BRDA:368,58,0,0
BRDA:368,58,1,0
BRDA:384,59,0,0
BRDA:384,59,1,0
BRDA:385,60,0,0
BRDA:385,60,1,0
BRDA:386,61,0,0
BRDA:386,61,1,0
BRDA:387,62,0,0
BRDA:387,62,1,0
BRDA:390,63,0,0
BRDA:390,63,1,0
BRDA:393,64,0,0
BRDA:393,64,1,0
BRDA:395,65,0,0
BRDA:395,65,1,0
BRDA:396,66,0,0
BRDA:396,66,1,0
BRDA:400,67,0,0
BRDA:400,67,1,0
BRDA:404,68,0,0
BRDA:404,68,1,0
BRDA:407,69,0,0
BRDA:407,69,1,0
BRDA:417,70,0,0
BRDA:417,70,1,0
BRDA:425,71,0,0
BRDA:437,72,0,0
BRDA:437,72,1,0
BRDA:443,73,0,0
BRDA:455,74,0,0
BRDA:460,75,0,0
BRDA:475,76,0,0
BRDA:475,76,1,0
BRDA:480,77,0,0
BRDA:487,78,0,0
BRDA:491,79,0,0
BRDA:491,79,1,0
BRDA:506,80,0,0
BRDA:506,80,1,0
BRDA:521,81,0,0
BRDA:521,81,1,0
BRDA:521,81,2,0
BRDA:521,81,3,0
BRF:170
BRH:0
end_of_record
TN:
SF:components/hero-section.tsx
FN:13,HeroSection
FNF:1
FNH:0
FNDA:0,HeroSection
DA:3,0
DA:4,0
DA:5,0
DA:6,0
DA:13,0
LF:5
LH:0
BRF:0
BRH:0
end_of_record
TN:
SF:components/keyboard-shortcuts-dialog.tsx
FN:60,KeyboardShortcutsDialog
FN:65,(anonymous_5)
FN:72,(anonymous_6)
FN:76,(anonymous_7)
FN:79,(anonymous_8)
FN:81,(anonymous_9)
FN:84,(anonymous_10)
FN:100,(anonymous_11)
FN:106,(anonymous_12)
FN:110,(anonymous_13)
FN:117,(anonymous_14)
FNF:11
FNH:0
FNDA:0,KeyboardShortcutsDialog
FNDA:0,(anonymous_5)
FNDA:0,(anonymous_6)
FNDA:0,(anonymous_7)
FNDA:0,(anonymous_8)
FNDA:0,(anonymous_9)
FNDA:0,(anonymous_10)
FNDA:0,(anonymous_11)
FNDA:0,(anonymous_12)
FNDA:0,(anonymous_13)
FNDA:0,(anonymous_14)
DA:3,0
DA:4,0
DA:5,0
DA:6,0
DA:7,0
DA:8,0
DA:18,0
DA:60,0
DA:61,0
DA:63,0
DA:66,0
DA:67,0
DA:72,0
DA:73,0
DA:75,0
DA:76,0
DA:80,0
DA:81,0
DA:84,0
DA:100,0
DA:107,0
DA:111,0
DA:118,0
LF:23
LH:0
BRDA:73,0,0,0
BRDA:73,0,1,0
BRDA:80,1,0,0
BRDA:80,1,1,0
BRDA:126,2,0,0
BRF:5
BRH:0
end_of_record
TN:
SF:components/node-config-panel.tsx
FN:25,NodeConfigPanel
FN:29,(anonymous_3)
FN:33,(anonymous_4)
FN:38,(anonymous_5)
FN:40,(anonymous_6)
FN:44,(anonymous_7)
FN:63,(anonymous_8)
FN:120,(anonymous_9)
FN:184,(anonymous_10)
FN:187,(anonymous_11)
FN:214,(anonymous_12)
FN:221,(anonymous_13)
FN:224,(anonymous_14)
FN:241,(anonymous_15)
FN:252,(anonymous_16)
FN:255,(anonymous_17)
FN:279,(anonymous_18)
FN:287,(anonymous_19)
FN:317,(anonymous_20)
FN:330,(anonymous_21)
FN:344,(anonymous_22)
FN:373,(anonymous_23)
FN:383,(anonymous_24)
FN:393,(anonymous_25)
FN:409,(anonymous_26)
FN:416,(anonymous_27)
FN:430,(anonymous_28)
FN:448,(anonymous_29)
FN:461,(anonymous_30)
FN:478,(anonymous_31)
FN:496,(anonymous_32)
FN:516,(anonymous_33)
FN:529,(anonymous_34)
FN:552,(anonymous_35)
FN:566,(anonymous_36)
FN:576,(anonymous_37)
FN:587,(anonymous_38)
FN:605,(anonymous_39)
FN:612,(anonymous_40)
FN:623,(anonymous_41)
FN:630,(anonymous_42)
FN:642,(anonymous_43)
FN:659,(anonymous_44)
FNF:43
FNH:0
FNDA:0,NodeConfigPanel
FNDA:0,(anonymous_3)
FNDA:0,(anonymous_4)
FNDA:0,(anonymous_5)
FNDA:0,(anonymous_6)
FNDA:0,(anonymous_7)
FNDA:0,(anonymous_8)
FNDA:0,(anonymous_9)
FNDA:0,(anonymous_10)
FNDA:0,(anonymous_11)
FNDA:0,(anonymous_12)
FNDA:0,(anonymous_13)
FNDA:0,(anonymous_14)
FNDA:0,(anonymous_15)
FNDA:0,(anonymous_16)
FNDA:0,(anonymous_17)
FNDA:0,(anonymous_18)
FNDA:0,(anonymous_19)
FNDA:0,(anonymous_20)
FNDA:0,(anonymous_21)
FNDA:0,(anonymous_22)
FNDA:0,(anonymous_23)
FNDA:0,(anonymous_24)
FNDA:0,(anonymous_25)
FNDA:0,(anonymous_26)
FNDA:0,(anonymous_27)
FNDA:0,(anonymous_28)
FNDA:0,(anonymous_29)
FNDA:0,(anonymous_30)
FNDA:0,(anonymous_31)
FNDA:0,(anonymous_32)
FNDA:0,(anonymous_33)
FNDA:0,(anonymous_34)
FNDA:0,(anonymous_35)
FNDA:0,(anonymous_36)
FNDA:0,(anonymous_37)
FNDA:0,(anonymous_38)
FNDA:0,(anonymous_39)
FNDA:0,(anonymous_40)
FNDA:0,(anonymous_41)
FNDA:0,(anonymous_42)
FNDA:0,(anonymous_43)
FNDA:0,(anonymous_44)
DA:3,0
DA:5,0
DA:6,0
DA:7,0
DA:8,0
DA:9,0
DA:10,0
DA:11,0
DA:12,0
DA:13,0
DA:14,0
DA:15,0
DA:16,0
DA:25,0
DA:26,0
DA:27,0
DA:29,0
DA:30,0
DA:33,0
DA:34,0
DA:35,0
DA:36,0
DA:37,0
DA:38,0
DA:39,0
DA:40,0
DA:44,0
DA:45,0
DA:47,0
DA:50,0
DA:51,0
DA:52,0
DA:53,0
DA:54,0
DA:56,0
DA:57,0
DA:59,0
DA:60,0
DA:62,0
DA:63,0
DA:65,0
DA:68,0
DA:70,0
DA:72,0
DA:73,0
DA:74,0
DA:75,0
DA:78,0
DA:79,0
DA:80,0
DA:82,0
DA:83,0
DA:86,0
DA:87,0
DA:90,0
DA:91,0
DA:92,0
DA:93,0
DA:94,0
DA:95,0
DA:96,0
DA:99,0
DA:102,0
DA:103,0
DA:104,0
DA:107,0
DA:108,0
DA:109,0
DA:110,0
DA:111,0
DA:112,0
DA:113,0
DA:116,0
DA:120,0
DA:121,0
DA:123,0
DA:126,0
DA:127,0
DA:128,0
DA:129,0
DA:132,0
DA:134,0
DA:136,0
DA:137,0
DA:138,0
DA:139,0
DA:142,0
DA:143,0
DA:144,0
DA:146,0
DA:147,0
DA:150,0
DA:151,0
DA:154,0
DA:155,0
DA:156,0
DA:157,0
DA:158,0
DA:159,0
DA:160,0
DA:163,0
DA:166,0
DA:167,0
DA:168,0
DA:171,0
DA:172,0
DA:173,0
DA:174,0
DA:175,0
DA:176,0
DA:177,0
DA:180,0
DA:184,0
DA:185,0
DA:187,0
DA:188,0
DA:192,0
DA:193,0
DA:197,0
DA:198,0
DA:202,0
DA:203,0
DA:207,0
DA:208,0
DA:212,0
DA:213,0
DA:214,0
DA:218,0
DA:221,0
DA:222,0
DA:224,0
DA:225,0
DA:229,0
DA:230,0
DA:234,0
DA:235,0
DA:238,0
DA:241,0
DA:242,0
DA:245,0
DA:252,0
DA:253,0
DA:255,0
DA:256,0
DA:259,0
DA:260,0
DA:263,0
DA:264,0
DA:268,0
DA:269,0
DA:273,0
DA:274,0
DA:277,0
DA:278,0
DA:279,0
DA:281,0
DA:284,0
DA:287,0
DA:288,0
DA:317,0
DA:331,0
DA:344,0
DA:373,0
DA:383,0
DA:393,0
DA:409,0
DA:416,0
DA:430,0
DA:448,0
DA:461,0
DA:478,0
DA:496,0
DA:516,0
DA:529,0
DA:552,0
DA:566,0
DA:576,0
DA:587,0
DA:605,0
DA:612,0
DA:623,0
DA:630,0
DA:642,0
DA:659,0
DA:660,0
DA:661,0
DA:665,0
DA:666,0
DA:667,0
LF:189
LH:0
BRDA:27,0,0,0
BRDA:27,0,1,0
BRDA:34,1,0,0
BRDA:34,1,1,0
BRDA:34,2,0,0
BRDA:34,2,1,0
BRDA:36,3,0,0
BRDA:36,3,1,0
BRDA:36,4,0,0
BRDA:36,4,1,0
BRDA:37,5,0,0
BRDA:37,5,1,0
BRDA:45,6,0,0
BRDA:45,6,1,0
BRDA:45,7,0,0
BRDA:45,7,1,0
BRDA:50,8,0,0
BRDA:50,8,1,0
BRDA:52,9,0,0
BRDA:52,9,1,0
BRDA:54,10,0,0
BRDA:54,10,1,0
BRDA:57,11,0,0
BRDA:57,11,1,0
BRDA:57,12,0,0
BRDA:57,12,1,0
BRDA:60,13,0,0
BRDA:60,13,1,0
BRDA:63,14,0,0
BRDA:63,14,1,0
BRDA:63,14,2,0
BRDA:65,15,0,0
BRDA:65,15,1,0
BRDA:68,16,0,0
BRDA:68,16,1,0
BRDA:72,17,0,0
BRDA:72,17,1,0
BRDA:74,18,0,0
BRDA:74,18,1,0
BRDA:75,19,0,0
BRDA:75,19,1,0
BRDA:99,20,0,0
BRDA:99,20,1,0
BRDA:121,21,0,0
BRDA:121,21,1,0
BRDA:121,22,0,0
BRDA:121,22,1,0
BRDA:126,23,0,0
BRDA:126,23,1,0
BRDA:128,24,0,0
BRDA:128,24,1,0
BRDA:132,25,0,0
BRDA:132,25,1,0
BRDA:136,26,0,0
BRDA:136,26,1,0
BRDA:138,27,0,0
BRDA:138,27,1,0
BRDA:139,28,0,0
BRDA:139,28,1,0
BRDA:163,29,0,0
BRDA:163,29,1,0
BRDA:185,30,0,0
BRDA:185,30,1,0
BRDA:185,31,0,0
BRDA:185,31,1,0
BRDA:188,32,0,0
BRDA:188,32,1,0
BRDA:192,33,0,0
BRDA:192,33,1,0
BRDA:192,34,0,0
BRDA:192,34,1,0
BRDA:197,35,0,0
BRDA:197,35,1,0
BRDA:197,36,0,0
BRDA:197,36,1,0
BRDA:202,37,0,0
BRDA:202,37,1,0
BRDA:202,38,0,0
BRDA:202,38,1,0
BRDA:207,39,0,0
BRDA:207,39,1,0
BRDA:207,40,0,0
BRDA:207,40,1,0
BRDA:207,40,2,0
BRDA:212,41,0,0
BRDA:212,41,1,0
BRDA:214,42,0,0
BRDA:214,42,1,0
BRDA:222,43,0,0
BRDA:222,43,1,0
BRDA:222,44,0,0
BRDA:222,44,1,0
BRDA:225,45,0,0
BRDA:225,45,1,0
BRDA:229,46,0,0
BRDA:229,46,1,0
BRDA:229,47,0,0
BRDA:229,47,1,0
BRDA:234,48,0,0
BRDA:234,48,1,0
BRDA:234,49,0,0
BRDA:234,49,1,0
BRDA:242,50,0,0
BRDA:242,50,1,0
BRDA:242,51,0,0
BRDA:242,51,1,0
BRDA:246,52,0,0
BRDA:246,52,1,0
BRDA:246,52,2,0
BRDA:253,53,0,0
BRDA:253,53,1,0
BRDA:256,54,0,0
BRDA:256,54,1,0
BRDA:259,55,0,0
BRDA:259,55,1,0
BRDA:259,56,0,0
BRDA:259,56,1,0
BRDA:263,57,0,0
BRDA:263,57,1,0
BRDA:263,58,0,0
BRDA:263,58,1,0
BRDA:268,59,0,0
BRDA:268,59,1,0
BRDA:268,60,0,0
BRDA:268,60,1,0
BRDA:273,61,0,0
BRDA:273,61,1,0
BRDA:273,62,0,0
BRDA:273,62,1,0
BRDA:273,62,2,0
BRDA:277,63,0,0
BRDA:277,63,1,0
BRDA:279,64,0,0
BRDA:279,64,1,0
BRDA:281,65,0,0
BRDA:281,65,1,0
BRDA:304,66,0,0
BRDA:316,67,0,0
BRDA:316,67,1,0
BRDA:326,68,0,0
BRDA:326,68,1,0
BRDA:327,69,0,0
BRDA:327,69,1,0
BRDA:343,70,0,0
BRDA:343,70,1,0
BRDA:366,71,0,0
BRDA:366,71,1,0
BRDA:372,72,0,0
BRDA:372,72,1,0
BRDA:382,73,0,0
BRDA:382,73,1,0
BRDA:392,74,0,0
BRDA:392,74,1,0
BRDA:402,75,0,0
BRDA:408,76,0,0
BRDA:408,76,1,0
BRDA:416,77,0,0
BRDA:416,77,1,0
BRDA:429,78,0,0
BRDA:429,78,1,0
BRDA:447,79,0,0
BRDA:447,79,1,0
BRDA:460,80,0,0
BRDA:460,80,1,0
BRDA:477,81,0,0
BRDA:477,81,1,0
BRDA:495,82,0,0
BRDA:495,82,1,0
BRDA:516,83,0,0
BRDA:516,83,1,0
BRDA:529,84,0,0
BRDA:529,84,1,0
BRDA:545,85,0,0
BRDA:545,85,1,0
BRDA:551,86,0,0
BRDA:551,86,1,0
BRDA:565,87,0,0
BRDA:565,87,1,0
BRDA:575,88,0,0
BRDA:575,88,1,0
BRDA:586,89,0,0
BRDA:586,89,1,0
BRDA:604,90,0,0
BRDA:604,90,1,0
BRDA:612,91,0,0
BRDA:612,91,1,0
BRDA:623,92,0,0
BRDA:623,92,1,0
BRDA:630,93,0,0
BRDA:630,93,1,0
BRDA:641,94,0,0
BRDA:641,94,1,0
BRDA:660,95,0,0
BRDA:660,95,1,0
BRDA:660,96,0,0
BRDA:660,96,1,0
BRDA:660,96,2,0
BRDA:676,97,0,0
BRDA:682,98,0,0
BRDA:688,99,0,0
BRDA:697,100,0,0
BRDA:698,101,0,0
BRDA:698,101,1,0
BRDA:704,102,0,0
BRDA:704,102,1,0
BRDA:713,103,0,0
BRDA:727,104,0,0
BRDA:727,104,1,0
BRDA:735,105,0,0
BRDA:739,106,0,0
BRDA:739,106,1,0
BRDA:751,107,0,0
BRDA:751,107,1,0
BRDA:753,108,0,0
BRDA:753,108,1,0
BRDA:767,109,0,0
BRF:216
BRH:0
end_of_record
TN:
SF:components/node-palette.tsx
FN:124,NodePalette
FN:125,(anonymous_2)
FN:130,(anonymous_3)
FN:157,(anonymous_4)
FN:161,(anonymous_5)
FN:162,(anonymous_6)
FNF:6
FNH:0
FNDA:0,NodePalette
FNDA:0,(anonymous_2)
FNDA:0,(anonymous_3)
FNDA:0,(anonymous_4)
FNDA:0,(anonymous_5)
FNDA:0,(anonymous_6)
DA:18,0
DA:19,0
DA:20,0
DA:30,0
DA:124,0
DA:125,0
DA:126,0
DA:127,0
DA:130,0
DA:131,0
DA:132,0
DA:158,0
DA:161,0
DA:162,0
LF:14
LH:0
BRDA:124,0,0,0
BRDA:138,1,0,0
BRDA:138,1,1,0
BRDA:139,2,0,0
BRDA:139,2,1,0
BRDA:141,3,0,0
BRDA:145,4,0,0
BRDA:145,4,1,0
BRDA:147,5,0,0
BRDA:147,5,1,0
BRDA:153,6,0,0
BRF:11
BRH:0
end_of_record
TN:
SF:components/schema-org.tsx
FN:3,SchemaOrg
FNF:1
FNH:0
FNDA:0,SchemaOrg
DA:3,0
DA:4,0
DA:29,0
DA:48,0
LF:4
LH:0
BRF:0
BRH:0
end_of_record
TN:
SF:components/security-template-gallery.tsx
FN:19,SecurityTemplateGallery
FN:24,(anonymous_2)
FN:25,(anonymous_3)
FN:30,(anonymous_4)
FN:31,(anonymous_5)
FN:35,(anonymous_6)
FN:44,(anonymous_7)
FN:50,(anonymous_8)
FN:58,(anonymous_9)
FN:62,(anonymous_10)
FN:153,(anonymous_11)
FN:166,(anonymous_12)
FN:182,(anonymous_13)
FN:210,(anonymous_14)
FN:221,(anonymous_15)
FN:252,(anonymous_16)
FNF:16
FNH:0
FNDA:0,SecurityTemplateGallery
FNDA:0,(anonymous_2)
FNDA:0,(anonymous_3)
FNDA:0,(anonymous_4)
FNDA:0,(anonymous_5)
FNDA:0,(anonymous_6)
FNDA:0,(anonymous_7)
FNDA:0,(anonymous_8)
FNDA:0,(anonymous_9)
FNDA:0,(anonymous_10)
FNDA:0,(anonymous_11)
FNDA:0,(anonymous_12)
FNDA:0,(anonymous_13)
FNDA:0,(anonymous_14)
FNDA:0,(anonymous_15)
FNDA:0,(anonymous_16)
DA:3,0
DA:4,0
DA:5,0
DA:6,0
DA:7,0
DA:8,0
DA:9,0
DA:10,0
DA:19,0
DA:20,0
DA:21,0
DA:24,0
DA:25,0
DA:26,0
DA:30,0
DA:31,0
DA:33,0
DA:35,0
DA:37,0
DA:39,0
DA:44,0
DA:46,0
DA:50,0
DA:51,0
DA:52,0
DA:53,0
DA:54,0
DA:58,0
DA:59,0
DA:60,0
DA:61,0
DA:62,0
DA:64,0
DA:71,0
DA:73,0
DA:80,0
DA:82,0
DA:90,0
DA:92,0
DA:99,0
DA:101,0
DA:109,0
DA:111,0
DA:122,0
DA:124,0
DA:130,0
DA:132,0
DA:137,0
DA:140,0
DA:153,0
DA:167,0
DA:183,0
DA:184,0
DA:186,0
DA:211,0
DA:222,0
DA:252,0
LF:57
LH:0
BRDA:33,0,0,0
BRDA:33,0,1,0
BRDA:33,0,2,0
BRDA:37,1,0,0
BRDA:37,1,1,0
BRDA:39,2,0,0
BRDA:39,2,1,0
BRDA:46,3,0,0
BRDA:46,3,1,0
BRDA:51,4,0,0
BRDA:51,4,1,0
BRDA:52,5,0,0
BRDA:52,5,1,0
BRDA:53,6,0,0
BRDA:53,6,1,0
BRDA:64,7,0,0
BRDA:64,7,1,0
BRDA:65,8,0,0
BRDA:65,8,1,0
BRDA:65,8,2,0
BRDA:65,8,3,0
BRDA:65,8,4,0
BRDA:73,9,0,0
BRDA:73,9,1,0
BRDA:74,10,0,0
BRDA:74,10,1,0
BRDA:74,10,2,0
BRDA:74,10,3,0
BRDA:74,10,4,0
BRDA:82,11,0,0
BRDA:82,11,1,0
BRDA:83,12,0,0
BRDA:83,12,1,0
BRDA:83,12,2,0
BRDA:83,12,3,0
BRDA:83,12,4,0
BRDA:83,12,5,0
BRDA:92,13,0,0
BRDA:92,13,1,0
BRDA:93,14,0,0
BRDA:93,14,1,0
BRDA:93,14,2,0
BRDA:93,14,3,0
BRDA:93,14,4,0
BRDA:101,15,0,0
BRDA:101,15,1,0
BRDA:102,16,0,0
BRDA:102,16,1,0
BRDA:102,16,2,0
BRDA:102,16,3,0
BRDA:102,16,4,0
BRDA:102,16,5,0
BRDA:111,17,0,0
BRDA:111,17,1,0
BRDA:112,18,0,0
BRDA:112,18,1,0
BRDA:112,18,2,0
BRDA:112,18,3,0
BRDA:112,18,4,0
BRDA:112,18,5,0
BRDA:112,18,6,0
BRDA:112,18,7,0
BRDA:112,18,8,0
BRDA:124,19,0,0
BRDA:124,19,1,0
BRDA:125,20,0,0
BRDA:125,20,1,0
BRDA:125,20,2,0
BRDA:125,20,3,0
BRDA:132,21,0,0
BRDA:132,21,1,0
BRDA:133,22,0,0
BRDA:133,22,1,0
BRDA:133,22,2,0
BRDA:174,23,0,0
BRDA:174,23,1,0
BRDA:208,24,0,0
BRDA:226,25,0,0
BRDA:263,26,0,0
BRF:79
BRH:0
end_of_record
TN:
SF:components/template-gallery.tsx
FN:19,TemplateGallery
FN:23,(anonymous_2)
FN:24,(anonymous_3)
FN:26,(anonymous_4)
FN:27,(anonymous_5)
FN:31,(anonymous_6)
FN:32,(anonymous_7)
FN:36,(anonymous_8)
FN:44,(anonymous_9)
FN:45,(anonymous_10)
FN:53,(anonymous_11)
FN:89,(anonymous_12)
FN:102,(anonymous_13)
FN:107,(anonymous_14)
FN:117,(anonymous_15)
FN:139,(anonymous_16)
FN:158,(anonymous_17)
FN:180,(anonymous_18)
FN:193,(anonymous_19)
FN:213,(anonymous_20)
FNF:20
FNH:0
FNDA:0,TemplateGallery
FNDA:0,(anonymous_2)
FNDA:0,(anonymous_3)
FNDA:0,(anonymous_4)
FNDA:0,(anonymous_5)
FNDA:0,(anonymous_6)
FNDA:0,(anonymous_7)
FNDA:0,(anonymous_8)
FNDA:0,(anonymous_9)
FNDA:0,(anonymous_10)
FNDA:0,(anonymous_11)
FNDA:0,(anonymous_12)
FNDA:0,(anonymous_13)
FNDA:0,(anonymous_14)
FNDA:0,(anonymous_15)
FNDA:0,(anonymous_16)
FNDA:0,(anonymous_17)
FNDA:0,(anonymous_18)
FNDA:0,(anonymous_19)
FNDA:0,(anonymous_20)
DA:3,0
DA:4,0
DA:5,0
DA:6,0
DA:7,0
DA:8,0
DA:9,0
DA:10,0
DA:11,0
DA:19,0
DA:20,0
DA:21,0
DA:23,0
DA:24,0
DA:26,0
DA:27,0
DA:28,0
DA:31,0
DA:32,0
DA:34,0
DA:36,0
DA:38,0
DA:40,0
DA:44,0
DA:45,0
DA:46,0
DA:53,0
DA:55,0
DA:58,0
DA:68,0
DA:69,0
DA:89,0
DA:103,0
DA:107,0
DA:118,0
DA:140,0
DA:158,0
DA:181,0
DA:194,0
DA:213,0
LF:40
LH:0
BRDA:34,0,0,0
BRDA:34,0,1,0
BRDA:34,0,2,0
BRDA:38,1,0,0
BRDA:38,1,1,0
BRDA:40,2,0,0
BRDA:40,2,1,0
BRDA:47,3,0,0
BRDA:47,3,1,0
BRDA:55,4,0,0
BRDA:55,4,1,0
BRDA:60,5,0,0
BRDA:60,5,1,0
BRDA:61,6,0,0
BRDA:61,6,1,0
BRDA:64,7,0,0
BRDA:64,7,1,0
BRDA:105,8,0,0
BRDA:105,8,1,0
BRDA:123,9,0,0
BRDA:144,10,0,0
BRDA:167,11,0,0
BRDA:199,12,0,0
BRDA:222,13,0,0
BRF:24
BRH:0
end_of_record
TN:
SF:components/theme-provider.tsx
FN:9,ThemeProvider
FNF:1
FNH:0
FNDA:0,ThemeProvider
DA:3,0
DA:7,0
DA:9,0
LF:3
LH:0
BRF:0
BRH:0
end_of_record
TN:
SF:components/undo-redo-toolbar.tsx
FN:16,UndoRedoToolbar
FN:20,(anonymous_2)
FN:26,(anonymous_3)
FN:49,(anonymous_4)
FNF:4
FNH:0
FNDA:0,UndoRedoToolbar
FNDA:0,(anonymous_2)
FNDA:0,(anonymous_3)
FNDA:0,(anonymous_4)
DA:3,0
DA:4,0
DA:5,0
DA:13,0
DA:14,0
DA:16,0
DA:17,0
DA:18,0
DA:20,0
DA:21,0
DA:22,0
DA:26,0
DA:27,0
DA:28,0
DA:33,0
DA:50,0
LF:16
LH:0
BRDA:21,0,0,0
BRDA:21,0,1,0
BRDA:27,1,0,0
BRDA:27,1,1,0
BRDA:49,2,0,0
BRF:5
BRH:0
end_of_record
TN:
SF:components/validation-panel.tsx
FN:34,ValidationPanel
FN:37,(anonymous_2)
FN:40,(anonymous_3)
FN:44,(anonymous_4)
FN:49,(anonymous_5)
FN:53,(anonymous_6)
FN:63,(anonymous_7)
FN:66,(anonymous_8)
FN:67,(anonymous_9)
FN:68,(anonymous_10)
FN:71,(anonymous_11)
FN:72,(anonymous_12)
FN:86,(anonymous_13)
FN:87,(anonymous_14)
FN:87,(anonymous_15)
FN:91,(anonymous_16)
FN:94,(anonymous_17)
FN:110,(anonymous_18)
FN:111,(anonymous_19)
FN:112,(anonymous_20)
FN:122,(anonymous_21)
FN:137,(anonymous_22)
FN:143,(anonymous_23)
FN:149,(anonymous_24)
FN:154,(anonymous_25)
FN:158,(anonymous_26)
FN:183,(anonymous_27)
FN:184,(anonymous_28)
FN:186,(anonymous_29)
FN:187,(anonymous_30)
FN:215,(anonymous_31)
FN:226,(anonymous_32)
FN:247,(anonymous_33)
FN:466,(anonymous_34)
FNF:34
FNH:0
FNDA:0,ValidationPanel
FNDA:0,(anonymous_2)
FNDA:0,(anonymous_3)
FNDA:0,(anonymous_4)
FNDA:0,(anonymous_5)
FNDA:0,(anonymous_6)
FNDA:0,(anonymous_7)
FNDA:0,(anonymous_8)
FNDA:0,(anonymous_9)
FNDA:0,(anonymous_10)
FNDA:0,(anonymous_11)
FNDA:0,(anonymous_12)
FNDA:0,(anonymous_13)
FNDA:0,(anonymous_14)
FNDA:0,(anonymous_15)
FNDA:0,(anonymous_16)
FNDA:0,(anonymous_17)
FNDA:0,(anonymous_18)
FNDA:0,(anonymous_19)
FNDA:0,(anonymous_20)
FNDA:0,(anonymous_21)
FNDA:0,(anonymous_22)
FNDA:0,(anonymous_23)
FNDA:0,(anonymous_24)
FNDA:0,(anonymous_25)
FNDA:0,(anonymous_26)
FNDA:0,(anonymous_27)
FNDA:0,(anonymous_28)
FNDA:0,(anonymous_29)
FNDA:0,(anonymous_30)
FNDA:0,(anonymous_31)
FNDA:0,(anonymous_32)
FNDA:0,(anonymous_33)
FNDA:0,(anonymous_34)
DA:5,0
DA:7,0
DA:8,0
DA:9,0
DA:10,0
DA:11,0
DA:12,0
DA:13,0
DA:20,0
DA:21,0
DA:22,0
DA:34,0
DA:35,0
DA:37,0
DA:40,0
DA:41,0
DA:44,0
DA:45,0
DA:49,0
DA:50,0
DA:52,0
DA:53,0
DA:60,0
DA:63,0
DA:66,0
DA:67,0
DA:68,0
DA:71,0
DA:72,0
DA:74,0
DA:81,0
DA:86,0
DA:87,0
DA:91,0
DA:92,0
DA:94,0
DA:95,0
DA:96,0
DA:98,0
DA:99,0
DA:100,0
DA:101,0
DA:102,0
DA:103,0
DA:106,0
DA:110,0
DA:111,0
DA:112,0
DA:114,0
DA:115,0
DA:116,0
DA:119,0
DA:120,0
DA:122,0
DA:123,0
DA:125,0
DA:127,0
DA:129,0
DA:131,0
DA:133,0
DA:137,0
DA:138,0
DA:139,0
DA:140,0
DA:143,0
DA:144,0
DA:145,0
DA:149,0
DA:150,0
DA:155,0
DA:158,0
DA:183,0
DA:184,0
DA:185,0
DA:186,0
DA:187,0
DA:215,0
DA:226,0
DA:248,0
DA:466,0
LF:80
LH:0
BRDA:45,0,0,0
BRDA:45,0,1,0
BRDA:50,1,0,0
BRDA:50,1,1,0
BRDA:50,2,0,0
BRDA:50,2,1,0
BRDA:74,3,0,0
BRDA:74,3,1,0
BRDA:74,3,2,0
BRDA:74,3,3,0
BRDA:74,3,4,0
BRDA:74,3,5,0
BRDA:74,3,6,0
BRDA:95,4,0,0
BRDA:95,4,1,0
BRDA:96,5,0,0
BRDA:96,5,1,0
BRDA:98,6,0,0
BRDA:98,6,1,0
BRDA:98,7,0,0
BRDA:98,7,1,0
BRDA:99,8,0,0
BRDA:99,8,1,0
BRDA:99,9,0,0
BRDA:99,9,1,0
BRDA:100,10,0,0
BRDA:100,10,1,0
BRDA:100,11,0,0
BRDA:100,11,1,0
BRDA:101,12,0,0
BRDA:101,12,1,0
BRDA:101,13,0,0
BRDA:101,13,1,0
BRDA:102,14,0,0
BRDA:102,14,1,0
BRDA:102,15,0,0
BRDA:102,15,1,0
BRDA:103,16,0,0
BRDA:103,16,1,0
BRDA:103,17,0,0
BRDA:103,17,1,0
BRDA:114,18,0,0
BRDA:114,18,1,0
BRDA:115,19,0,0
BRDA:115,19,1,0
BRDA:123,20,0,0
BRDA:123,20,1,0
BRDA:123,20,2,0
BRDA:123,20,3,0
BRDA:123,20,4,0
BRDA:138,21,0,0
BRDA:138,21,1,0
BRDA:139,22,0,0
BRDA:139,22,1,0
BRDA:144,23,0,0
BRDA:144,23,1,0
BRDA:144,24,0,0
BRDA:144,24,1,0
BRDA:150,25,0,0
BRDA:150,25,1,0
BRDA:165,26,0,0
BRDA:172,27,0,0
BRDA:186,28,0,0
BRDA:186,28,1,0
BRDA:186,28,2,0
BRDA:187,29,0,0
BRDA:187,29,1,0
BRDA:204,30,0,0
BRDA:204,30,1,0
BRDA:215,31,0,0
BRDA:215,31,1,0
BRDA:226,32,0,0
BRDA:226,32,1,0
BRDA:237,33,0,0
BRDA:237,33,1,0
BRDA:243,34,0,0
BRDA:300,35,0,0
BRDA:329,36,0,0
BRDA:338,37,0,0
BRDA:346,38,0,0
BRDA:357,39,0,0
BRDA:363,40,0,0
BRDA:363,40,1,0
BRDA:364,41,0,0
BRDA:382,42,0,0
BRDA:400,43,0,0
BRDA:430,44,0,0
BRDA:430,44,1,0
BRDA:430,45,0,0
BRDA:430,45,1,0
BRDA:437,46,0,0
BRDA:460,47,0,0
BRDA:466,48,0,0
BRDA:466,48,1,0
BRF:94
BRH:0
end_of_record
TN:
SF:components/version-history.tsx
FN:19,VersionHistory
FN:20,(anonymous_2)
FN:25,(anonymous_3)
FN:30,(anonymous_4)
FN:35,(anonymous_5)
FN:39,(anonymous_6)
FN:61,(anonymous_7)
FN:90,(anonymous_8)
FN:123,(anonymous_9)
FN:130,(anonymous_10)
FNF:10
FNH:0
FNDA:0,VersionHistory
FNDA:0,(anonymous_2)
FNDA:0,(anonymous_3)
FNDA:0,(anonymous_4)
FNDA:0,(anonymous_5)
FNDA:0,(anonymous_6)
FNDA:0,(anonymous_7)
FNDA:0,(anonymous_8)
FNDA:0,(anonymous_9)
FNDA:0,(anonymous_10)
DA:3,0
DA:4,0
DA:5,0
DA:6,0
DA:7,0
DA:8,0
DA:9,0
DA:10,0
DA:19,0
DA:20,0
DA:21,0
DA:22,0
DA:25,0
DA:26,0
DA:27,0
DA:30,0
DA:31,0
DA:32,0
DA:33,0
DA:35,0
DA:39,0
DA:40,0
DA:42,0
DA:43,0
DA:45,0
DA:46,0
DA:48,0
DA:59,0
DA:60,0
DA:61,0
DA:91,0
DA:123,0
DA:130,0
LF:33
LH:0
BRDA:21,0,0,0
BRDA:21,0,1,0
BRDA:31,1,0,0
BRDA:31,1,1,0
BRDA:40,2,0,0
BRDA:40,2,1,0
BRDA:43,3,0,0
BRDA:43,3,1,0
BRDA:46,4,0,0
BRDA:46,4,1,0
BRDA:83,5,0,0
BRDA:91,6,0,0
BRDA:91,6,1,0
BRDA:96,7,0,0
BRDA:96,7,1,0
BRDA:97,8,0,0
BRDA:129,9,0,0
BRF:17
BRH:0
end_of_record
TN:
SF:components/workflow-manager.tsx
FN:33,WorkflowManager
FN:48,(anonymous_2)
FN:69,(anonymous_3)
FN:76,(anonymous_4)
FN:77,(anonymous_5)
FN:98,(anonymous_6)
FN:108,(anonymous_7)
FN:116,(anonymous_8)
FN:121,(anonymous_9)
FN:137,(anonymous_10)
FN:138,(anonymous_11)
FN:151,(anonymous_12)
FN:152,(anonymous_13)
FN:174,(anonymous_14)
FNF:14
FNH:0
FNDA:0,WorkflowManager
FNDA:0,(anonymous_2)
FNDA:0,(anonymous_3)
FNDA:0,(anonymous_4)
FNDA:0,(anonymous_5)
FNDA:0,(anonymous_6)
FNDA:0,(anonymous_7)
FNDA:0,(anonymous_8)
FNDA:0,(anonymous_9)
FNDA:0,(anonymous_10)
FNDA:0,(anonymous_11)
FNDA:0,(anonymous_12)
FNDA:0,(anonymous_13)
FNDA:0,(anonymous_14)
DA:3,0
DA:11,0
DA:12,0
DA:13,0
DA:14,0
DA:15,0
DA:16,0
DA:17,0
DA:18,0
DA:19,0
DA:31,0
DA:33,0
DA:41,0
DA:42,0
DA:43,0
DA:44,0
DA:45,0
DA:46,0
DA:48,0
DA:49,0
DA:64,0
DA:65,0
DA:66,0
DA:69,0
DA:70,0
DA:71,0
DA:72,0
DA:76,0
DA:77,0
DA:98,0
DA:108,0
DA:117,0
DA:121,0
DA:137,0
DA:139,0
DA:140,0
DA:141,0
DA:152,0
DA:174,0
LF:39
LH:0
BRDA:41,0,0,0
BRDA:41,0,1,0
BRDA:42,1,0,0
BRDA:42,1,1,0
BRDA:43,2,0,0
BRDA:43,2,1,0
BRDA:44,3,0,0
BRDA:44,3,1,0
BRDA:46,4,0,0
BRDA:46,4,1,0
BRDA:50,5,0,0
BRDA:50,5,1,0
BRDA:53,6,0,0
BRDA:53,6,1,0
BRDA:54,7,0,0
BRDA:54,7,1,0
BRDA:70,8,0,0
BRDA:70,8,1,0
BRDA:70,9,0,0
BRDA:70,9,1,0
BRDA:119,10,0,0
BRDA:119,10,1,0
BRDA:139,11,0,0
BRDA:139,11,1,0
BRDA:149,12,0,0
BRDA:164,13,0,0
BRF:26
BRH:0
end_of_record
TN:
SF:components/advanced-editors/conditional-builder.tsx
FN:37,ConditionalBuilder
FN:45,(anonymous_2)
FN:49,(anonymous_3)
FN:50,(anonymous_4)
FN:80,(anonymous_5)
FN:84,(anonymous_6)
FN:85,(anonymous_7)
FN:88,(anonymous_8)
FN:89,(anonymous_9)
FN:92,(anonymous_10)
FN:97,(anonymous_11)
FN:110,(anonymous_12)
FN:118,(anonymous_13)
FN:129,(anonymous_14)
FN:138,(anonymous_15)
FN:144,(anonymous_16)
FN:157,(anonymous_17)
FN:168,(anonymous_18)
FN:177,(anonymous_19)
FN:178,(anonymous_20)
FN:208,(anonymous_21)
FN:229,(anonymous_22)
FNF:22
FNH:0
FNDA:0,ConditionalBuilder
FNDA:0,(anonymous_2)
FNDA:0,(anonymous_3)
FNDA:0,(anonymous_4)
FNDA:0,(anonymous_5)
FNDA:0,(anonymous_6)
FNDA:0,(anonymous_7)
FNDA:0,(anonymous_8)
FNDA:0,(anonymous_9)
FNDA:0,(anonymous_10)
FNDA:0,(anonymous_11)
FNDA:0,(anonymous_12)
FNDA:0,(anonymous_13)
FNDA:0,(anonymous_14)
FNDA:0,(anonymous_15)
FNDA:0,(anonymous_16)
FNDA:0,(anonymous_17)
FNDA:0,(anonymous_18)
FNDA:0,(anonymous_19)
FNDA:0,(anonymous_20)
FNDA:0,(anonymous_21)
FNDA:0,(anonymous_22)
DA:3,0
DA:4,0
DA:5,0
DA:6,0
DA:7,0
DA:8,0
DA:9,0
DA:10,0
DA:11,0
DA:25,0
DA:37,0
DA:38,0
DA:39,0
DA:42,0
DA:43,0
DA:45,0
DA:46,0
DA:48,0
DA:50,0
DA:51,0
DA:53,0
DA:55,0
DA:57,0
DA:59,0
DA:61,0
DA:63,0
DA:65,0
DA:67,0
DA:69,0
DA:71,0
DA:73,0
DA:80,0
DA:81,0
DA:84,0
DA:85,0
DA:88,0
DA:89,0
DA:92,0
DA:93,0
DA:94,0
DA:97,0
DA:98,0
DA:99,0
DA:100,0
DA:101,0
DA:102,0
DA:104,0
DA:110,0
DA:119,0
DA:129,0
DA:138,0
DA:145,0
DA:157,0
DA:168,0
DA:178,0
DA:179,0
DA:181,0
DA:182,0
DA:184,0
DA:208,0
DA:229,0
LF:61
LH:0
BRDA:46,0,0,0
BRDA:46,0,1,0
BRDA:51,1,0,0
BRDA:51,1,1,0
BRDA:53,2,0,0
BRDA:53,2,1,0
BRDA:53,2,2,0
BRDA:53,2,3,0
BRDA:53,2,4,0
BRDA:53,2,5,0
BRDA:53,2,6,0
BRDA:53,2,7,0
BRDA:53,2,8,0
BRDA:53,2,9,0
BRDA:89,3,0,0
BRDA:89,3,1,0
BRDA:93,4,0,0
BRDA:93,4,1,0
BRDA:99,5,0,0
BRDA:99,5,1,0
BRDA:122,6,0,0
BRDA:153,7,0,0
BRDA:179,8,0,0
BRDA:179,8,1,0
BRDA:181,9,0,0
BRDA:181,9,1,0
BRDA:238,10,0,0
BRDA:240,11,0,0
BRDA:240,11,1,0
BRDA:242,12,0,0
BRDA:242,12,1,0
BRF:31
BRH:0
end_of_record
TN:
SF:components/advanced-editors/http-request-editor.tsx
FN:32,HttpRequestEditor
FN:35,(anonymous_2)
FN:38,(anonymous_3)
FN:55,(anonymous_4)
FN:59,(anonymous_5)
FN:60,(anonymous_6)
FN:63,(anonymous_7)
FN:64,(anonymous_8)
FN:67,(anonymous_9)
FN:71,(anonymous_10)
FN:73,(anonymous_11)
FN:88,(anonymous_12)
FN:90,(anonymous_13)
FN:91,(anonymous_14)
FN:100,(anonymous_15)
FN:108,(anonymous_16)
FN:113,(anonymous_17)
FN:126,(anonymous_18)
FN:146,(anonymous_19)
FN:150,(anonymous_20)
FN:154,(anonymous_21)
FN:162,(anonymous_22)
FN:166,(anonymous_23)
FN:172,(anonymous_24)
FN:176,(anonymous_25)
FN:199,(anonymous_26)
FNF:26
FNH:0
FNDA:0,HttpRequestEditor
FNDA:0,(anonymous_2)
FNDA:0,(anonymous_3)
FNDA:0,(anonymous_4)
FNDA:0,(anonymous_5)
FNDA:0,(anonymous_6)
FNDA:0,(anonymous_7)
FNDA:0,(anonymous_8)
FNDA:0,(anonymous_9)
FNDA:0,(anonymous_10)
FNDA:0,(anonymous_11)
FNDA:0,(anonymous_12)
FNDA:0,(anonymous_13)
FNDA:0,(anonymous_14)
FNDA:0,(anonymous_15)
FNDA:0,(anonymous_16)
FNDA:0,(anonymous_17)
FNDA:0,(anonymous_18)
FNDA:0,(anonymous_19)
FNDA:0,(anonymous_20)
FNDA:0,(anonymous_21)
FNDA:0,(anonymous_22)
FNDA:0,(anonymous_23)
FNDA:0,(anonymous_24)
FNDA:0,(anonymous_25)
FNDA:0,(anonymous_26)
DA:3,0
DA:4,0
DA:5,0
DA:6,0
DA:7,0
DA:8,0
DA:9,0
DA:10,0
DA:11,0
DA:24,0
DA:32,0
DA:33,0
DA:34,0
DA:35,0
DA:36,0
DA:37,0
DA:38,0
DA:44,0
DA:47,0
DA:48,0
DA:50,0
DA:55,0
DA:56,0
DA:59,0
DA:60,0
DA:63,0
DA:64,0
DA:67,0
DA:68,0
DA:71,0
DA:72,0
DA:74,0
DA:75,0
DA:80,0
DA:88,0
DA:89,0
DA:90,0
DA:91,0
DA:94,0
DA:95,0
DA:96,0
DA:98,0
DA:99,0
DA:100,0
DA:109,0
DA:113,0
DA:126,0
DA:146,0
DA:150,0
DA:154,0
DA:163,0
DA:166,0
DA:172,0
DA:176,0
DA:199,0
LF:55
LH:0
BRDA:33,0,0,0
BRDA:33,0,1,0
BRDA:34,1,0,0
BRDA:34,1,1,0
BRDA:37,2,0,0
BRDA:37,2,1,0
BRDA:47,3,0,0
BRDA:47,3,1,0
BRDA:64,4,0,0
BRDA:64,4,1,0
BRDA:74,5,0,0
BRDA:74,5,1,0
BRDA:95,6,0,0
BRDA:95,6,1,0
BRDA:96,7,0,0
BRDA:96,7,1,0
BRDA:96,8,0,0
BRDA:96,8,1,0
BRDA:111,9,0,0
BRDA:111,9,1,0
BRDA:114,10,0,0
BRDA:114,10,1,0
BRDA:130,11,0,0
BRDA:191,12,0,0
BRDA:240,13,0,0
BRF:25
BRH:0
end_of_record
TN:
SF:components/advanced-editors/prompt-editor.tsx
FN:29,PromptEditor
FN:34,(anonymous_2)
FN:36,(anonymous_3)
FN:39,(anonymous_4)
FN:42,(anonymous_5)
FN:46,(anonymous_6)
FN:76,(anonymous_7)
FN:84,(anonymous_8)
FN:102,(anonymous_9)
FN:106,(anonymous_10)
FN:110,(anonymous_11)
FNF:11
FNH:0
FNDA:0,PromptEditor
FNDA:0,(anonymous_2)
FNDA:0,(anonymous_3)
FNDA:0,(anonymous_4)
FNDA:0,(anonymous_5)
FNDA:0,(anonymous_6)
FNDA:0,(anonymous_7)
FNDA:0,(anonymous_8)
FNDA:0,(anonymous_9)
FNDA:0,(anonymous_10)
FNDA:0,(anonymous_11)
DA:3,0
DA:4,0
DA:5,0
DA:6,0
DA:7,0
DA:8,0
DA:9,0
DA:10,0
DA:11,0
DA:19,0
DA:29,0
DA:30,0
DA:31,0
DA:32,0
DA:34,0
DA:36,0
DA:37,0
DA:38,0
DA:39,0
DA:42,0
DA:43,0
DA:46,0
DA:47,0
DA:48,0
DA:49,0
DA:52,0
DA:53,0
DA:76,0
DA:85,0
DA:102,0
DA:106,0
DA:110,0
LF:32
LH:0
BRDA:29,0,0,0
BRDA:34,1,0,0
BRDA:34,1,1,0
BRDA:48,2,0,0
BRDA:48,2,1,0
BRDA:93,3,0,0
BRDA:94,4,0,0
BRDA:94,4,1,0
BRF:8
BRH:0
end_of_record
TN:
SF:components/advanced-editors/schema-builder.tsx
FN:60,SchemaBuilder
FN:65,(anonymous_2)
FN:69,(anonymous_3)
FN:113,(anonymous_4)
FN:125,(anonymous_5)
FN:126,(anonymous_6)
FN:129,(anonymous_7)
FN:130,(anonymous_8)
FN:133,(anonymous_9)
FN:138,(anonymous_10)
FN:142,(anonymous_11)
FN:145,(anonymous_12)
FN:161,(anonymous_13)
FN:168,(anonymous_14)
FN:175,(anonymous_15)
FN:180,(anonymous_16)
FN:192,(anonymous_17)
FN:201,(anonymous_18)
FN:211,(anonymous_19)
FN:232,(anonymous_20)
FN:240,(anonymous_21)
FN:248,(anonymous_22)
FN:276,(anonymous_23)
FNF:23
FNH:0
FNDA:0,SchemaBuilder
FNDA:0,(anonymous_2)
FNDA:0,(anonymous_3)
FNDA:0,(anonymous_4)
FNDA:0,(anonymous_5)
FNDA:0,(anonymous_6)
FNDA:0,(anonymous_7)
FNDA:0,(anonymous_8)
FNDA:0,(anonymous_9)
FNDA:0,(anonymous_10)
FNDA:0,(anonymous_11)
FNDA:0,(anonymous_12)
FNDA:0,(anonymous_13)
FNDA:0,(anonymous_14)
FNDA:0,(anonymous_15)
FNDA:0,(anonymous_16)
FNDA:0,(anonymous_17)
FNDA:0,(anonymous_18)
FNDA:0,(anonymous_19)
FNDA:0,(anonymous_20)
FNDA:0,(anonymous_21)
FNDA:0,(anonymous_22)
FNDA:0,(anonymous_23)
DA:3,0
DA:4,0
DA:5,0
DA:6,0
DA:7,0
DA:8,0
DA:9,0
DA:10,0
DA:11,0
DA:28,0
DA:30,0
DA:60,0
DA:61,0
DA:62,0
DA:63,0
DA:65,0
DA:66,0
DA:67,0
DA:69,0
DA:70,0
DA:72,0
DA:74,0
DA:76,0
DA:77,0
DA:79,0
DA:80,0
DA:82,0
DA:83,0
DA:85,0
DA:86,0
DA:88,0
DA:89,0
DA:91,0
DA:92,0
DA:95,0
DA:96,0
DA:99,0
DA:101,0
DA:102,0
DA:106,0
DA:113,0
DA:114,0
DA:125,0
DA:126,0
DA:129,0
DA:130,0
DA:133,0
DA:134,0
DA:135,0
DA:138,0
DA:139,0
DA:140,0
DA:141,0
DA:142,0
DA:145,0
DA:146,0
DA:147,0
DA:162,0
DA:168,0
DA:175,0
DA:181,0
DA:192,0
DA:201,0
DA:211,0
DA:232,0
DA:240,0
DA:248,0
DA:277,0
DA:278,0
DA:280,0
DA:281,0
DA:283,0
DA:284,0
DA:286,0
DA:287,0
DA:289,0
DA:291,0
LF:77
LH:0
BRDA:70,0,0,0
BRDA:70,0,1,0
BRDA:74,1,0,0
BRDA:74,1,1,0
BRDA:74,1,2,0
BRDA:74,1,3,0
BRDA:74,1,4,0
BRDA:74,1,5,0
BRDA:95,2,0,0
BRDA:95,2,1,0
BRDA:101,3,0,0
BRDA:101,3,1,0
BRDA:109,4,0,0
BRDA:109,4,1,0
BRDA:130,5,0,0
BRDA:130,5,1,0
BRDA:162,6,0,0
BRDA:162,6,1,0
BRDA:210,7,0,0
BRDA:210,7,1,0
BRDA:263,8,0,0
BRDA:264,9,0,0
BRDA:264,9,1,0
BRDA:277,10,0,0
BRDA:277,10,1,0
BRDA:278,11,0,0
BRDA:278,11,1,0
BRDA:278,11,2,0
BRDA:278,11,3,0
BRF:29
BRH:0
end_of_record
TN:
SF:components/docs/docs-breadcrumb.tsx
FN:8,DocsBreadcrumb
FN:14,(anonymous_3)
FN:19,(anonymous_4)
FN:31,(anonymous_5)
FNF:4
FNH:0
FNDA:0,DocsBreadcrumb
FNDA:0,(anonymous_3)
FNDA:0,(anonymous_4)
FNDA:0,(anonymous_5)
DA:3,0
DA:4,0
DA:5,0
DA:6,0
DA:8,0
DA:9,0
DA:12,0
DA:14,0
DA:15,0
DA:17,0
DA:19,0
DA:22,0
DA:32,0
LF:13
LH:0
BRDA:35,0,0,0
BRF:1
BRH:0
end_of_record
TN:
SF:components/docs/docs-footer.tsx
FN:16,DocsFooter
FNF:1
FNH:0
FNDA:0,DocsFooter
DA:1,0
DA:2,0
DA:3,0
DA:16,0
DA:17,0
LF:5
LH:0
BRDA:17,0,0,0
BRDA:17,0,1,0
BRDA:17,1,0,0
BRDA:17,1,1,0
BRDA:22,2,0,0
BRDA:36,3,0,0
BRF:6
BRH:0
end_of_record
TN:
SF:components/docs/docs-nav.tsx
FN:12,DocsNav
FN:17,(anonymous_3)
FN:82,(anonymous_4)
FN:104,(anonymous_5)
FN:124,(anonymous_6)
FN:135,(anonymous_7)
FN:146,(anonymous_8)
FN:158,(anonymous_9)
FN:163,(anonymous_10)
FNF:9
FNH:0
FNDA:0,DocsNav
FNDA:0,(anonymous_3)
FNDA:0,(anonymous_4)
FNDA:0,(anonymous_5)
FNDA:0,(anonymous_6)
FNDA:0,(anonymous_7)
FNDA:0,(anonymous_8)
FNDA:0,(anonymous_9)
FNDA:0,(anonymous_10)
DA:3,0
DA:5,0
DA:6,0
DA:7,0
DA:8,0
DA:9,0
DA:10,0
DA:12,0
DA:13,0
DA:14,0
DA:15,0
DA:17,0
DA:18,0
DA:19,0
DA:20,0
DA:21,0
DA:82,0
DA:105,0
DA:106,0
DA:124,0
DA:135,0
DA:146,0
DA:158,0
DA:163,0
LF:24
LH:0
BRDA:18,0,0,0
BRDA:18,0,1,0
BRDA:19,1,0,0
BRDA:19,1,1,0
BRDA:20,2,0,0
BRDA:20,2,1,0
BRDA:47,3,0,0
BRDA:47,3,1,0
BRDA:57,4,0,0
BRDA:57,4,1,0
BRDA:67,5,0,0
BRDA:67,5,1,0
BRDA:126,6,0,0
BRDA:126,6,1,0
BRDA:137,7,0,0
BRDA:137,7,1,0
BRDA:148,8,0,0
BRDA:148,8,1,0
BRF:18
BRH:0
end_of_record
TN:
SF:components/docs/docs-search.tsx
FN:12,DocsSearch
FN:18,(anonymous_2)
FN:19,(anonymous_3)
FN:22,(anonymous_4)
FN:27,(anonymous_5)
FN:31,(anonymous_6)
FN:36,(anonymous_7)
FN:49,(anonymous_8)
FN:67,(anonymous_9)
FN:70,(anonymous_10)
FN:97,(anonymous_11)
FN:100,(anonymous_12)
FNF:12
FNH:0
FNDA:0,DocsSearch
FNDA:0,(anonymous_2)
FNDA:0,(anonymous_3)
FNDA:0,(anonymous_4)
FNDA:0,(anonymous_5)
FNDA:0,(anonymous_6)
FNDA:0,(anonymous_7)
FNDA:0,(anonymous_8)
FNDA:0,(anonymous_9)
FNDA:0,(anonymous_10)
FNDA:0,(anonymous_11)
FNDA:0,(anonymous_12)
DA:3,0
DA:4,0
DA:5,0
DA:6,0
DA:7,0
DA:8,0
DA:9,0
DA:12,0
DA:13,0
DA:14,0
DA:15,0
DA:18,0
DA:19,0
DA:20,0
DA:21,0
DA:22,0
DA:26,0
DA:27,0
DA:31,0
DA:32,0
DA:36,0
DA:37,0
DA:38,0
DA:39,0
DA:49,0
DA:68,0
DA:70,0
DA:98,0
DA:100,0
LF:29
LH:0
BRDA:20,0,0,0
BRDA:20,0,1,0
BRDA:20,1,0,0
BRDA:20,1,1,0
BRDA:20,1,2,0
BRDA:32,2,0,0
BRDA:32,2,1,0
BRDA:61,3,0,0
BRDA:61,3,1,0
BRDA:65,4,0,0
BRDA:65,4,1,0
BRDA:79,5,0,0
BRDA:93,6,0,0
BRF:13
BRH:0
end_of_record
TN:
SF:components/docs/docs-sidebar-with-tabs.tsx
FN:30,DocsSidebarWithTabs
FN:32,(anonymous_3)
FN:34,(anonymous_4)
FN:48,(anonymous_5)
FN:67,(anonymous_6)
FN:73,(anonymous_7)
FN:82,(anonymous_8)
FNF:7
FNH:0
FNDA:0,DocsSidebarWithTabs
FNDA:0,(anonymous_3)
FNDA:0,(anonymous_4)
FNDA:0,(anonymous_5)
FNDA:0,(anonymous_6)
FNDA:0,(anonymous_7)
FNDA:0,(anonymous_8)
DA:3,0
DA:4,0
DA:5,0
DA:6,0
DA:7,0
DA:9,0
DA:30,0
DA:31,0
DA:32,0
DA:34,0
DA:35,0
DA:36,0
DA:37,0
DA:39,0
DA:41,0
DA:49,0
DA:68,0
DA:70,0
DA:73,0
DA:83,0
DA:85,0
LF:21
LH:0
BRDA:36,0,0,0
BRDA:36,0,1,0
BRDA:54,1,0,0
BRDA:54,1,1,0
BRDA:76,2,0,0
BRDA:80,3,0,0
BRDA:91,4,0,0
BRDA:91,4,1,0
BRF:8
BRH:0
end_of_record
TN:
SF:components/docs/docs-sidebar.tsx
FN:23,DocsSidebar
FN:25,(anonymous_3)
FN:27,(anonymous_4)
FN:39,(anonymous_5)
FN:45,(anonymous_6)
FN:54,(anonymous_7)
FNF:6
FNH:0
FNDA:0,DocsSidebar
FNDA:0,(anonymous_3)
FNDA:0,(anonymous_4)
FNDA:0,(anonymous_5)
FNDA:0,(anonymous_6)
FNDA:0,(anonymous_7)
DA:3,0
DA:4,0
DA:5,0
DA:6,0
DA:7,0
DA:23,0
DA:24,0
DA:25,0
DA:27,0
DA:28,0
DA:29,0
DA:30,0
DA:32,0
DA:34,0
DA:40,0
DA:42,0
DA:45,0
DA:55,0
DA:57,0
LF:19
LH:0
BRDA:29,0,0,0
BRDA:29,0,1,0
BRDA:48,1,0,0
BRDA:52,2,0,0
BRDA:63,3,0,0
BRDA:63,3,1,0
BRF:6
BRH:0
end_of_record
TN:
SF:components/docs/sidebar-portal.tsx
FN:12,SidebarPortal
FN:15,(anonymous_2)
FNF:2
FNH:0
FNDA:0,SidebarPortal
FNDA:0,(anonymous_2)
DA:3,0
DA:4,0
DA:5,0
DA:12,0
DA:13,0
DA:15,0
DA:16,0
DA:17,0
DA:18,0
DA:19,0
DA:23,0
DA:24,0
DA:27,0
DA:29,0
DA:30,0
DA:33,0
LF:16
LH:0
BRDA:18,0,0,0
BRDA:18,0,1,0
BRDA:23,1,0,0
BRDA:23,1,1,0
BRDA:29,2,0,0
BRDA:29,2,1,0
BRF:6
BRH:0
end_of_record
TN:
SF:components/docs/table-of-contents.tsx
FN:16,TableOfContents
FN:19,(anonymous_2)
FN:23,(anonymous_3)
FN:29,(anonymous_4)
FN:30,(anonymous_5)
FN:44,(anonymous_6)
FN:45,(anonymous_7)
FN:47,(anonymous_8)
FN:49,(anonymous_9)
FN:65,(anonymous_10)
FN:76,(anonymous_11)
FNF:11
FNH:0
FNDA:0,TableOfContents
FNDA:0,(anonymous_2)
FNDA:0,(anonymous_3)
FNDA:0,(anonymous_4)
FNDA:0,(anonymous_5)
FNDA:0,(anonymous_6)
FNDA:0,(anonymous_7)
FNDA:0,(anonymous_8)
FNDA:0,(anonymous_9)
FNDA:0,(anonymous_10)
FNDA:0,(anonymous_11)
DA:3,0
DA:4,0
DA:16,0
DA:17,0
DA:19,0
DA:20,0
DA:22,0
DA:25,0
DA:26,0
DA:29,0
DA:30,0
DA:31,0
DA:32,0
DA:43,0
DA:44,0
DA:45,0
DA:47,0
DA:49,0
DA:50,0
DA:51,0
DA:53,0
DA:57,0
DA:58,0
DA:66,0
DA:77,0
DA:78,0
DA:79,0
DA:80,0
DA:81,0
LF:29
LH:0
BRDA:25,0,0,0
BRDA:25,0,1,0
BRDA:31,1,0,0
BRDA:31,1,1,0
BRDA:50,2,0,0
BRDA:50,2,1,0
BRDA:57,3,0,0
BRDA:57,3,1,0
BRDA:71,4,0,0
BRDA:71,4,1,0
BRDA:72,5,0,0
BRDA:72,5,1,0
BRDA:73,6,0,0
BRDA:73,6,1,0
BRDA:74,7,0,0
BRDA:74,7,1,0
BRDA:79,8,0,0
BRDA:79,8,1,0
BRF:18
BRH:0
end_of_record
TN:
SF:components/docs/toc-portal.tsx
FN:10,TOCPortal
FN:13,(anonymous_2)
FNF:2
FNH:0
FNDA:0,TOCPortal
FNDA:0,(anonymous_2)
DA:2,0
DA:3,0
DA:4,0
DA:10,0
DA:11,0
DA:13,0
DA:14,0
DA:17,0
DA:18,0
DA:21,0
DA:23,0
DA:24,0
DA:27,0
LF:13
LH:0
BRDA:17,0,0,0
BRDA:17,0,1,0
BRDA:17,1,0,0
BRDA:17,1,1,0
BRDA:23,2,0,0
BRDA:23,2,1,0
BRF:6
BRH:0
end_of_record
TN:
SF:components/nodes/audio-node.tsx
FN:17,AudioNode
FNF:1
FNH:0
FNDA:0,AudioNode
DA:3,0
DA:4,0
DA:5,0
DA:6,0
DA:7,0
DA:18,0
DA:68,0
LF:7
LH:0
BRDA:18,0,0,0
BRDA:18,0,1,0
BRDA:35,1,0,0
BRDA:35,1,1,0
BRDA:37,2,0,0
BRDA:43,3,0,0
BRDA:51,4,0,0
BRDA:56,5,0,0
BRDA:56,5,1,0
BRF:9
BRH:0
end_of_record
TN:
SF:components/nodes/conditional-node.tsx
FN:15,ConditionalNode
FNF:1
FNH:0
FNDA:0,ConditionalNode
DA:3,0
DA:4,0
DA:5,0
DA:6,0
DA:7,0
DA:16,0
DA:86,0
LF:7
LH:0
BRDA:16,0,0,0
BRDA:16,0,1,0
BRDA:36,1,0,0
BRDA:36,1,1,0
BRDA:39,2,0,0
BRDA:47,3,0,0
BRDA:52,4,0,0
BRDA:52,4,1,0
BRDA:54,5,0,0
BRDA:54,5,1,0
BRF:10
BRH:0
end_of_record
TN:
SF:components/nodes/embedding-model-node.tsx
FN:13,EmbeddingModelNode
FNF:1
FNH:0
FNDA:0,EmbeddingModelNode
DA:3,0
DA:4,0
DA:5,0
DA:6,0
DA:44,0
LF:5
LH:0
BRDA:17,0,0,0
BRDA:17,0,1,0
BRDA:26,1,0,0
BRDA:26,1,1,0
BRDA:34,2,0,0
BRDA:34,2,1,0
BRF:6
BRH:0
end_of_record
TN:
SF:components/nodes/end-node.tsx
FN:16,EndNode
FN:20,(anonymous_3)
FN:29,(anonymous_4)
FN:38,(anonymous_5)
FN:43,(anonymous_6)
FN:52,(anonymous_7)
FN:60,(anonymous_8)
FN:131,(anonymous_9)
FN:142,(anonymous_10)
FN:155,(anonymous_11)
FNF:10
FNH:0
FNDA:0,EndNode
FNDA:0,(anonymous_3)
FNDA:0,(anonymous_4)
FNDA:0,(anonymous_5)
FNDA:0,(anonymous_6)
FNDA:0,(anonymous_7)
FNDA:0,(anonymous_8)
FNDA:0,(anonymous_9)
FNDA:0,(anonymous_10)
FNDA:0,(anonymous_11)
DA:3,0
DA:4,0
DA:5,0
DA:6,0
DA:7,0
DA:8,0
DA:9,0
DA:17,0
DA:20,0
DA:21,0
DA:29,0
DA:30,0
DA:33,0
DA:34,0
DA:37,0
DA:38,0
DA:40,0
DA:43,0
DA:44,0
DA:47,0
DA:48,0
DA:51,0
DA:52,0
DA:54,0
DA:55,0
DA:57,0
DA:60,0
DA:61,0
DA:63,0
DA:65,0
DA:66,0
DA:67,0
DA:70,0
DA:71,0
DA:72,0
DA:74,0
DA:75,0
DA:78,0
DA:79,0
DA:82,0
DA:83,0
DA:84,0
DA:85,0
DA:86,0
DA:87,0
DA:88,0
DA:91,0
DA:94,0
DA:95,0
DA:96,0
DA:99,0
DA:100,0
DA:101,0
DA:102,0
DA:103,0
DA:104,0
DA:105,0
DA:108,0
DA:132,0
DA:143,0
DA:144,0
DA:155,0
DA:189,0
LF:63
LH:0
BRDA:17,0,0,0
BRDA:17,0,1,0
BRDA:22,1,0,0
BRDA:22,1,1,0
BRDA:22,1,2,0
BRDA:22,1,3,0
BRDA:30,2,0,0
BRDA:30,2,1,0
BRDA:33,3,0,0
BRDA:33,3,1,0
BRDA:33,4,0,0
BRDA:33,4,1,0
BRDA:37,5,0,0
BRDA:37,5,1,0
BRDA:38,6,0,0
BRDA:38,6,1,0
BRDA:40,7,0,0
BRDA:40,7,1,0
BRDA:44,8,0,0
BRDA:44,8,1,0
BRDA:47,9,0,0
BRDA:47,9,1,0
BRDA:47,10,0,0
BRDA:47,10,1,0
BRDA:51,11,0,0
BRDA:51,11,1,0
BRDA:52,12,0,0
BRDA:52,12,1,0
BRDA:54,13,0,0
BRDA:54,13,1,0
BRDA:54,14,0,0
BRDA:54,14,1,0
BRDA:63,15,0,0
BRDA:63,15,1,0
BRDA:66,16,0,0
BRDA:66,16,1,0
BRDA:67,17,0,0
BRDA:67,17,1,0
BRDA:91,18,0,0
BRDA:91,18,1,0
BRDA:126,19,0,0
BRDA:130,20,0,0
BRDA:134,21,0,0
BRDA:134,21,1,0
BRDA:150,22,0,0
BRDA:172,23,0,0
BRDA:172,23,1,0
BRF:47
BRH:0
end_of_record
TN:
SF:components/nodes/http-request-node.tsx
FN:18,HttpRequestNode
FNF:1
FNH:0
FNDA:0,HttpRequestNode
DA:3,0
DA:4,0
DA:5,0
DA:6,0
DA:7,0
DA:19,0
DA:79,0
LF:7
LH:0
BRDA:19,0,0,0
BRDA:19,0,1,0
BRDA:32,1,0,0
BRDA:32,1,1,0
BRDA:41,2,0,0
BRDA:41,2,1,0
BRDA:44,3,0,0
BRDA:52,4,0,0
BRDA:57,5,0,0
BRDA:57,5,1,0
BRF:10
BRH:0
end_of_record
TN:
SF:components/nodes/image-generation-node.tsx
FN:18,ImageGenerationNode
FN:21,(anonymous_2)
FN:98,(anonymous_3)
FN:104,(anonymous_4)
FN:113,(anonymous_5)
FN:136,(anonymous_6)
FNF:6
FNH:0
FNDA:0,ImageGenerationNode
FNDA:0,(anonymous_2)
FNDA:0,(anonymous_3)
FNDA:0,(anonymous_4)
FNDA:0,(anonymous_5)
FNDA:0,(anonymous_6)
DA:3,0
DA:4,0
DA:5,0
DA:6,0
DA:7,0
DA:8,0
DA:19,0
DA:21,0
DA:22,0
DA:24,0
DA:25,0
DA:26,0
DA:29,0
DA:30,0
DA:31,0
DA:33,0
DA:34,0
DA:37,0
DA:38,0
DA:41,0
DA:42,0
DA:43,0
DA:44,0
DA:45,0
DA:46,0
DA:47,0
DA:49,0
DA:99,0
DA:105,0
DA:106,0
DA:114,0
DA:115,0
DA:137,0
DA:138,0
DA:165,0
LF:35
LH:0
BRDA:19,0,0,0
BRDA:19,0,1,0
BRDA:25,1,0,0
BRDA:25,1,1,0
BRDA:26,2,0,0
BRDA:26,2,1,0
BRDA:70,3,0,0
BRDA:70,3,1,0
BRDA:72,4,0,0
BRDA:78,5,0,0
BRDA:86,6,0,0
BRDA:89,7,0,0
BRDA:96,8,0,0
BRDA:96,8,1,0
BRDA:101,9,0,0
BRDA:101,9,1,0
BRDA:125,10,0,0
BRDA:125,10,1,0
BRDA:125,10,2,0
BRF:19
BRH:0
end_of_record
TN:
SF:components/nodes/javascript-node.tsx
FN:15,JavaScriptNode
FNF:1
FNH:0
FNDA:0,JavaScriptNode
DA:3,0
DA:4,0
DA:5,0
DA:6,0
DA:7,0
DA:16,0
DA:74,0
LF:7
LH:0
BRDA:16,0,0,0
BRDA:16,0,1,0
BRDA:36,1,0,0
BRDA:36,1,1,0
BRDA:39,2,0,0
BRDA:47,3,0,0
BRDA:52,4,0,0
BRDA:52,4,1,0
BRF:8
BRH:0
end_of_record
TN:
SF:components/nodes/prompt-node.tsx
FN:15,PromptNode
FNF:1
FNH:0
FNDA:0,PromptNode
DA:3,0
DA:4,0
DA:5,0
DA:6,0
DA:7,0
DA:16,0
DA:17,0
DA:74,0
LF:8
LH:0
BRDA:17,0,0,0
BRDA:17,0,1,0
BRDA:30,1,0,0
BRDA:30,1,1,0
BRDA:37,2,0,0
BRDA:37,2,1,0
BRDA:39,3,0,0
BRDA:47,4,0,0
BRDA:52,5,0,0
BRDA:52,5,1,0
BRF:10
BRH:0
end_of_record
TN:
SF:components/nodes/start-node.tsx
FN:14,StartNode
FNF:1
FNH:0
FNDA:0,StartNode
DA:3,0
DA:4,0
DA:5,0
DA:6,0
DA:7,0
DA:15,0
DA:48,0
LF:7
LH:0
BRDA:15,0,0,0
BRDA:15,0,1,0
BRDA:31,1,0,0
BRF:3
BRH:0
end_of_record
TN:
SF:components/nodes/structured-output-node.tsx
FN:13,StructuredOutputNode
FNF:1
FNH:0
FNDA:0,StructuredOutputNode
DA:3,0
DA:4,0
DA:5,0
DA:6,0
DA:44,0
LF:5
LH:0
BRDA:17,0,0,0
BRDA:17,0,1,0
BRDA:26,1,0,0
BRDA:26,1,1,0
BRDA:34,2,0,0
BRDA:34,2,1,0
BRF:6
BRH:0
end_of_record
TN:
SF:components/nodes/text-model-node.tsx
FN:21,TextModelNode
FNF:1
FNH:0
FNDA:0,TextModelNode
DA:3,0
DA:4,0
DA:5,0
DA:6,0
DA:7,0
DA:22,0
DA:100,0
LF:7
LH:0
BRDA:22,0,0,0
BRDA:22,0,1,0
BRDA:35,1,0,0
BRDA:35,1,1,0
BRDA:45,2,0,0
BRDA:45,2,1,0
BRDA:51,3,0,0
BRDA:51,3,1,0
BRDA:51,4,0,0
BRDA:51,4,1,0
BRDA:51,5,0,0
BRDA:51,5,1,0
BRDA:55,6,0,0
BRDA:58,7,0,0
BRDA:58,7,1,0
BRDA:61,8,0,0
BRDA:69,9,0,0
BRDA:74,10,0,0
BRDA:74,10,1,0
BRDA:74,11,0,0
BRDA:74,11,1,0
BRDA:76,12,0,0
BRDA:76,12,1,0
BRF:23
BRH:0
end_of_record
TN:
SF:components/nodes/tool-node.tsx
FN:17,ToolNode
FNF:1
FNH:0
FNDA:0,ToolNode
DA:3,0
DA:4,0
DA:5,0
DA:6,0
DA:7,0
DA:18,0
DA:55,0
LF:7
LH:0
BRDA:18,0,0,0
BRDA:18,0,1,0
BRDA:28,1,0,0
BRDA:28,1,1,0
BRDA:34,2,0,0
BRDA:34,2,1,0
BRDA:35,3,0,0
BRDA:41,4,0,0
BRF:8
BRH:0
end_of_record
TN:
SF:components/reports/export-section.tsx
FN:11,ExportSection
FN:12,(anonymous_3)
FNF:2
FNH:0
FNDA:0,ExportSection
FNDA:0,(anonymous_3)
DA:3,0
DA:4,0
DA:5,0
DA:11,0
DA:12,0
DA:13,0
DA:14,0
LF:7
LH:0
BRDA:13,0,0,0
BRDA:13,0,1,0
BRF:2
BRH:0
end_of_record
TN:
SF:components/reports/threat-visualization.tsx
FN:9,ThreatVisualization
FNF:1
FNH:0
FNDA:0,ThreatVisualization
DA:1,0
DA:2,0
DA:9,0
LF:3
LH:0
BRDA:10,0,0,0
BRDA:11,1,0,0
BRDA:16,2,0,0
BRDA:36,3,0,0
BRF:4
BRH:0
end_of_record
TN:
SF:components/security/demo-result-banner.tsx
FN:15,DemoResultBanner
FNF:1
FNH:0
FNDA:0,DemoResultBanner
DA:3,0
DA:4,0
DA:5,0
DA:6,0
DA:7,0
DA:15,0
LF:6
LH:0
BRDA:24,0,0,0
BRDA:33,1,0,0
BRF:2
BRH:0
end_of_record
TN:
SF:components/security/security-badge.tsx
FN:40,SecurityBadge
FNF:1
FNH:0
FNDA:0,SecurityBadge
DA:1,0
DA:2,0
DA:3,0
DA:4,0
DA:13,0
DA:40,0
DA:41,0
DA:42,0
LF:8
LH:0
BRF:0
BRH:0
end_of_record
TN:
SF:components/security/security-indicator.tsx
FN:14,getScoreConfig
FN:42,SecurityIndicator
FNF:2
FNH:0
FNDA:0,getScoreConfig
FNDA:0,SecurityIndicator
DA:3,0
DA:4,0
DA:5,0
DA:6,0
DA:15,0
DA:16,0
DA:24,0
DA:25,0
DA:33,0
DA:42,0
DA:43,0
DA:44,0
LF:12
LH:0
BRDA:15,0,0,0
BRDA:15,0,1,0
BRDA:24,1,0,0
BRDA:24,1,1,0
BRF:4
BRH:0
end_of_record
TN:
SF:components/security/security-validation-panel.tsx
FN:73,SecurityValidationPanel
FN:82,(anonymous_2)
FN:89,(anonymous_3)
FN:95,(anonymous_4)
FN:102,(anonymous_5)
FN:108,(anonymous_6)
FN:127,(anonymous_7)
FN:131,(anonymous_8)
FN:157,(anonymous_9)
FN:163,(anonymous_10)
FN:255,(anonymous_11)
FN:271,(anonymous_12)
FN:280,(anonymous_13)
FNF:13
FNH:0
FNDA:0,SecurityValidationPanel
FNDA:0,(anonymous_2)
FNDA:0,(anonymous_3)
FNDA:0,(anonymous_4)
FNDA:0,(anonymous_5)
FNDA:0,(anonymous_6)
FNDA:0,(anonymous_7)
FNDA:0,(anonymous_8)
FNDA:0,(anonymous_9)
FNDA:0,(anonymous_10)
FNDA:0,(anonymous_11)
FNDA:0,(anonymous_12)
FNDA:0,(anonymous_13)
DA:3,0
DA:4,0
DA:5,0
DA:6,0
DA:7,0
DA:8,0
DA:9,0
DA:10,0
DA:11,0
DA:12,0
DA:42,0
DA:73,0
DA:82,0
DA:83,0
DA:89,0
DA:90,0
DA:92,0
DA:95,0
DA:96,0
DA:102,0
DA:103,0
DA:105,0
DA:108,0
DA:109,0
DA:111,0
DA:112,0
DA:114,0
DA:128,0
DA:131,0
DA:157,0
DA:158,0
DA:159,0
DA:160,0
DA:163,0
DA:164,0
DA:165,0
DA:166,0
DA:256,0
DA:272,0
DA:281,0
LF:40
LH:0
BRDA:109,0,0,0
BRDA:109,0,1,0
BRDA:138,1,0,0
BRDA:142,2,0,0
BRDA:158,3,0,0
BRDA:158,3,1,0
BRDA:159,4,0,0
BRDA:159,4,1,0
BRDA:164,5,0,0
BRDA:164,5,1,0
BRDA:165,6,0,0
BRDA:165,6,1,0
BRDA:176,7,0,0
BRDA:189,8,0,0
BRDA:189,8,1,0
BRDA:191,9,0,0
BRDA:191,9,1,0
BRDA:218,10,0,0
BRDA:226,11,0,0
BRDA:248,12,0,0
BRDA:264,13,0,0
BRDA:285,14,0,0
BRDA:285,14,1,0
BRDA:293,15,0,0
BRDA:293,15,1,0
BRDA:297,16,0,0
BRDA:309,17,0,0
BRDA:309,17,1,0
BRDA:310,18,0,0
BRDA:310,18,1,0
BRDA:311,19,0,0
BRDA:311,19,1,0
BRF:32
BRH:0
end_of_record
TN:
SF:components/ui/accordion.tsx
FN:9,Accordion
FN:15,AccordionItem
FN:28,AccordionTrigger
FN:50,AccordionContent
FNF:4
FNH:0
FNDA:0,Accordion
FNDA:0,AccordionItem
FNDA:0,AccordionTrigger
FNDA:0,AccordionContent
DA:3,0
DA:4,0
DA:5,0
DA:7,0
DA:66,0
LF:5
LH:0
BRF:0
BRH:0
end_of_record
TN:
SF:components/ui/alert-dialog.tsx
FN:9,AlertDialog
FN:15,AlertDialogTrigger
FN:23,AlertDialogPortal
FN:31,AlertDialogOverlay
FN:47,AlertDialogContent
FN:66,AlertDialogHeader
FN:79,AlertDialogFooter
FN:95,AlertDialogTitle
FN:108,AlertDialogDescription
FN:121,AlertDialogAction
FN:133,AlertDialogCancel
FNF:11
FNH:0
FNDA:0,AlertDialog
FNDA:0,AlertDialogTrigger
FNDA:0,AlertDialogPortal
FNDA:0,AlertDialogOverlay
FNDA:0,AlertDialogContent
FNDA:0,AlertDialogHeader
FNDA:0,AlertDialogFooter
FNDA:0,AlertDialogTitle
FNDA:0,AlertDialogDescription
FNDA:0,AlertDialogAction
FNDA:0,AlertDialogCancel
DA:3,0
DA:4,0
DA:6,0
DA:7,0
DA:146,0
DA:147,0
DA:148,0
DA:149,0
DA:150,0
DA:151,0
DA:152,0
DA:153,0
DA:154,0
DA:155,0
DA:156,0
LF:15
LH:0
BRF:0
BRH:0
end_of_record
TN:
SF:components/ui/alert.tsx
FN:22,Alert
FN:37,AlertTitle
FN:50,AlertDescription
FNF:3
FNH:0
FNDA:0,Alert
FNDA:0,AlertTitle
FNDA:0,AlertDescription
DA:1,0
DA:2,0
DA:4,0
DA:6,0
DA:66,0
LF:5
LH:0
BRF:0
BRH:0
end_of_record
TN:
SF:components/ui/aspect-ratio.tsx
FN:5,AspectRatio
FNF:1
FNH:0
FNDA:0,AspectRatio
DA:3,0
DA:11,0
LF:2
LH:0
BRF:0
BRH:0
end_of_record
TN:
SF:components/ui/avatar.tsx
FN:8,Avatar
FN:24,AvatarImage
FN:37,AvatarFallback
FNF:3
FNH:0
FNDA:0,Avatar
FNDA:0,AvatarImage
FNDA:0,AvatarFallback
DA:3,0
DA:4,0
DA:6,0
DA:53,0
LF:4
LH:0
BRF:0
BRH:0
end_of_record
TN:
SF:components/ui/badge.tsx
FN:28,Badge
FNF:1
FNH:0
FNDA:0,Badge
DA:1,0
DA:2,0
DA:3,0
DA:5,0
DA:7,0
DA:35,0
DA:46,0
LF:7
LH:0
BRDA:31,0,0,0
BRDA:35,1,0,0
BRDA:35,1,1,0
BRF:3
BRH:0
end_of_record
TN:
SF:components/ui/breadcrumb.tsx
FN:7,Breadcrumb
FN:11,BreadcrumbList
FN:24,BreadcrumbItem
FN:34,BreadcrumbLink
FN:52,BreadcrumbPage
FN:65,BreadcrumbSeparator
FN:83,BreadcrumbEllipsis
FNF:7
FNH:0
FNDA:0,Breadcrumb
FNDA:0,BreadcrumbList
FNDA:0,BreadcrumbItem
FNDA:0,BreadcrumbLink
FNDA:0,BreadcrumbPage
FNDA:0,BreadcrumbSeparator
FNDA:0,BreadcrumbEllipsis
DA:1,0
DA:2,0
DA:3,0
DA:5,0
DA:41,0
DA:102,0
DA:103,0
DA:104,0
DA:105,0
DA:106,0
DA:107,0
DA:108,0
LF:12
LH:0
BRDA:41,0,0,0
BRDA:41,0,1,0
BRDA:78,1,0,0
BRDA:78,1,1,0
BRF:4
BRH:0
end_of_record
TN:
SF:components/ui/button-group.tsx
FN:24,ButtonGroup
FN:40,ButtonGroupText
FN:60,ButtonGroupSeparator
FNF:3
FNH:0
FNDA:0,ButtonGroup
FNDA:0,ButtonGroupText
FNDA:0,ButtonGroupSeparator
DA:1,0
DA:2,0
DA:4,0
DA:5,0
DA:7,0
DA:47,0
DA:79,0
DA:80,0
DA:81,0
DA:82,0
LF:10
LH:0
BRDA:42,0,0,0
BRDA:47,1,0,0
BRDA:47,1,1,0
BRDA:62,2,0,0
BRF:4
BRH:0
end_of_record
TN:
SF:components/ui/button.tsx
FN:39,Button
FNF:1
FNH:0
FNDA:0,Button
DA:1,0
DA:2,0
DA:3,0
DA:5,0
DA:7,0
DA:49,0
DA:60,0
LF:7
LH:0
BRDA:43,0,0,0
BRDA:49,1,0,0
BRDA:49,1,1,0
BRF:3
BRH:0
end_of_record
TN:
SF:components/ui/calendar.tsx
FN:14,Calendar
FN:39,(anonymous_7)
FN:128,(anonymous_8)
FN:138,(anonymous_9)
FN:159,(anonymous_10)
FN:175,CalendarDayButton
FN:184,(anonymous_12)
FNF:7
FNH:0
FNDA:0,Calendar
FNDA:0,(anonymous_7)
FNDA:0,(anonymous_8)
FNDA:0,(anonymous_9)
FNDA:0,(anonymous_10)
FNDA:0,CalendarDayButton
FNDA:0,(anonymous_12)
DA:3,0
DA:8,0
DA:9,0
DA:11,0
DA:12,0
DA:26,0
DA:40,0
DA:139,0
DA:145,0
DA:181,0
DA:183,0
DA:184,0
DA:185,0
DA:213,0
LF:14
LH:0
BRDA:17,0,0,0
BRDA:18,1,0,0
BRDA:19,2,0,0
BRDA:82,3,0,0
BRDA:82,3,1,0
BRDA:139,4,0,0
BRDA:139,4,1,0
BRDA:145,5,0,0
BRDA:145,5,1,0
BRDA:185,6,0,0
BRDA:185,6,1,0
BRDA:195,7,0,0
BRDA:195,7,1,0
BRDA:195,7,2,0
BRDA:195,7,3,0
BRF:15
BRH:0
end_of_record
TN:
SF:components/ui/card.tsx
FN:5,Card
FN:18,CardHeader
FN:31,CardTitle
FN:41,CardDescription
FN:51,CardAction
FN:64,CardContent
FN:74,CardFooter
FNF:7
FNH:0
FNDA:0,Card
FNDA:0,CardHeader
FNDA:0,CardTitle
FNDA:0,CardDescription
FNDA:0,CardAction
FNDA:0,CardContent
FNDA:0,CardFooter
DA:1,0
DA:3,0
DA:85,0
DA:86,0
DA:87,0
DA:88,0
DA:89,0
DA:90,0
DA:91,0
LF:9
LH:0
BRF:0
BRH:0
end_of_record
TN:
SF:components/ui/carousel.tsx
FN:35,useCarousel
FN:45,Carousel
FN:64,(anonymous_12)
FN:70,(anonymous_13)
FN:74,(anonymous_14)
FN:79,(anonymous_15)
FN:91,(anonymous_16)
FN:96,(anonymous_17)
FN:102,(anonymous_18)
FN:135,CarouselContent
FN:156,CarouselItem
FN:174,CarouselPrevious
FN:204,CarouselNext
FNF:13
FNH:0
FNDA:0,useCarousel
FNDA:0,Carousel
FNDA:0,(anonymous_12)
FNDA:0,(anonymous_13)
FNDA:0,(anonymous_14)
FNDA:0,(anonymous_15)
FNDA:0,(anonymous_16)
FNDA:0,(anonymous_17)
FNDA:0,(anonymous_18)
FNDA:0,CarouselContent
FNDA:0,CarouselItem
FNDA:0,CarouselPrevious
FNDA:0,CarouselNext
DA:3,0
DA:6,0
DA:7,0
DA:9,0
DA:10,0
DA:33,0
DA:36,0
DA:38,0
DA:39,0
DA:42,0
DA:54,0
DA:61,0
DA:62,0
DA:64,0
DA:65,0
DA:66,0
DA:67,0
DA:70,0
DA:71,0
DA:74,0
DA:75,0
DA:78,0
DA:80,0
DA:81,0
DA:82,0
DA:83,0
DA:84,0
DA:85,0
DA:91,0
DA:92,0
DA:93,0
DA:96,0
DA:97,0
DA:98,0
DA:99,0
DA:100,0
DA:102,0
DA:103,0
DA:136,0
DA:157,0
DA:180,0
DA:210,0
DA:236,0
DA:237,0
DA:238,0
DA:239,0
DA:240,0
LF:47
LH:0
BRDA:38,0,0,0
BRDA:38,0,1,0
BRDA:46,1,0,0
BRDA:57,2,0,0
BRDA:57,2,1,0
BRDA:65,3,0,0
BRDA:65,3,1,0
BRDA:80,4,0,0
BRDA:80,4,1,0
BRDA:83,5,0,0
BRDA:83,5,1,0
BRDA:92,6,0,0
BRDA:92,6,1,0
BRDA:92,7,0,0
BRDA:92,7,1,0
BRDA:97,8,0,0
BRDA:97,8,1,0
BRDA:114,9,0,0
BRDA:114,9,1,0
BRDA:114,10,0,0
BRDA:114,10,1,0
BRDA:147,11,0,0
BRDA:147,11,1,0
BRDA:166,12,0,0
BRDA:166,12,1,0
BRDA:176,13,0,0
BRDA:177,14,0,0
BRDA:189,15,0,0
BRDA:189,15,1,0
BRDA:206,16,0,0
BRDA:207,17,0,0
BRDA:219,18,0,0
BRDA:219,18,1,0
BRF:33
BRH:0
end_of_record
TN:
SF:components/ui/chart.tsx
FN:27,useChart
FN:37,ChartContainer
FN:72,(anonymous_12)
FN:74,(anonymous_13)
FN:86,(anonymous_14)
FN:89,(anonymous_15)
FN:107,ChartTooltipContent
FN:131,(anonymous_17)
FN:182,(anonymous_18)
FN:253,ChartLegendContent
FN:278,(anonymous_20)
FN:308,getPayloadConfigFromPayload
FNF:12
FNH:0
FNDA:0,useChart
FNDA:0,ChartContainer
FNDA:0,(anonymous_12)
FNDA:0,(anonymous_13)
FNDA:0,(anonymous_14)
FNDA:0,(anonymous_15)
FNDA:0,ChartTooltipContent
FNDA:0,(anonymous_17)
FNDA:0,(anonymous_18)
FNDA:0,ChartLegendContent
FNDA:0,(anonymous_20)
FNDA:0,getPayloadConfigFromPayload
DA:3,0
DA:4,0
DA:6,0
DA:9,0
DA:25,0
DA:28,0
DA:30,0
DA:31,0
DA:34,0
DA:49,0
DA:50,0
DA:72,0
DA:73,0
DA:74,0
DA:77,0
DA:78,0
DA:86,0
DA:91,0
DA:93,0
DA:105,0
DA:129,0
DA:131,0
DA:132,0
DA:133,0
DA:136,0
DA:137,0
DA:138,0
DA:140,0
DA:144,0
DA:152,0
DA:153,0
DA:167,0
DA:168,0
DA:171,0
DA:183,0
DA:184,0
DA:185,0
DA:187,0
DA:251,0
DA:264,0
DA:266,0
DA:267,0
DA:279,0
DA:280,0
DA:282,0
DA:313,0
DA:314,0
DA:318,0
DA:324,0
DA:326,0
DA:330,0
DA:331,0
DA:336,0
DA:341,0
DA:347,0
DA:348,0
DA:349,0
DA:350,0
DA:351,0
DA:352,0
LF:60
LH:0
BRDA:30,0,0,0
BRDA:30,0,1,0
BRDA:50,1,0,0
BRDA:50,1,1,0
BRDA:74,2,0,0
BRDA:74,2,1,0
BRDA:77,3,0,0
BRDA:77,3,1,0
BRDA:91,4,0,0
BRDA:91,4,1,0
BRDA:93,5,0,0
BRDA:93,5,1,0
BRDA:111,6,0,0
BRDA:112,7,0,0
BRDA:113,8,0,0
BRDA:132,9,0,0
BRDA:132,9,1,0
BRDA:132,10,0,0
BRDA:132,10,1,0
BRDA:137,11,0,0
BRDA:137,11,1,0
BRDA:137,11,2,0
BRDA:137,11,3,0
BRDA:140,12,0,0
BRDA:140,12,1,0
BRDA:140,13,0,0
BRDA:140,13,1,0
BRDA:141,14,0,0
BRDA:141,14,1,0
BRDA:144,15,0,0
BRDA:144,15,1,0
BRDA:152,16,0,0
BRDA:152,16,1,0
BRDA:167,17,0,0
BRDA:167,17,1,0
BRDA:167,18,0,0
BRDA:167,18,1,0
BRDA:171,19,0,0
BRDA:171,19,1,0
BRDA:180,20,0,0
BRDA:180,20,1,0
BRDA:183,21,0,0
BRDA:183,21,1,0
BRDA:183,21,2,0
BRDA:183,21,3,0
BRDA:185,22,0,0
BRDA:185,22,1,0
BRDA:185,22,2,0
BRDA:192,23,0,0
BRDA:192,23,1,0
BRDA:196,24,0,0
BRDA:195,25,0,0
BRDA:195,25,1,0
BRDA:195,25,2,0
BRDA:200,26,0,0
BRDA:202,27,0,0
BRDA:211,28,0,0
BRDA:211,28,1,0
BRDA:226,29,0,0
BRDA:226,29,1,0
BRDA:230,30,0,0
BRDA:230,30,1,0
BRDA:232,31,0,0
BRDA:232,31,1,0
BRDA:235,32,0,0
BRDA:255,33,0,0
BRDA:257,34,0,0
BRDA:266,35,0,0
BRDA:266,35,1,0
BRDA:274,36,0,0
BRDA:274,36,1,0
BRDA:279,37,0,0
BRDA:279,37,1,0
BRDA:279,37,2,0
BRDA:290,38,0,0
BRDA:289,39,0,0
BRDA:289,39,1,0
BRDA:313,40,0,0
BRDA:313,40,1,0
BRDA:313,41,0,0
BRDA:313,41,1,0
BRDA:318,42,0,0
BRDA:318,42,1,0
BRDA:318,43,0,0
BRDA:318,43,1,0
BRDA:318,43,2,0
BRDA:326,44,0,0
BRDA:326,44,1,0
BRDA:327,45,0,0
BRDA:327,45,1,0
BRDA:331,46,0,0
BRDA:331,46,1,0
BRDA:332,47,0,0
BRDA:332,47,1,0
BRDA:332,47,2,0
BRDA:341,48,0,0
BRDA:341,48,1,0
BRF:97
BRH:0
end_of_record
TN:
SF:components/ui/checkbox.tsx
FN:9,Checkbox
FNF:1
FNH:0
FNDA:0,Checkbox
DA:3,0
DA:4,0
DA:5,0
DA:7,0
DA:32,0
LF:5
LH:0
BRF:0
BRH:0
end_of_record
TN:
SF:components/ui/collapsible.tsx
FN:5,Collapsible
FN:11,CollapsibleTrigger
FN:22,CollapsibleContent
FNF:3
FNH:0
FNDA:0,Collapsible
FNDA:0,CollapsibleTrigger
FNDA:0,CollapsibleContent
DA:3,0
DA:33,0
LF:2
LH:0
BRF:0
BRH:0
end_of_record
TN:
SF:components/ui/command.tsx
FN:16,Command
FN:32,CommandDialog
FN:63,CommandInput
FN:85,CommandList
FN:101,CommandEmpty
FN:113,CommandGroup
FN:129,CommandSeparator
FN:142,CommandItem
FN:158,CommandShortcut
FNF:9
FNH:0
FNDA:0,Command
FNDA:0,CommandDialog
FNDA:0,CommandInput
FNDA:0,CommandList
FNDA:0,CommandEmpty
FNDA:0,CommandGroup
FNDA:0,CommandSeparator
FNDA:0,CommandItem
FNDA:0,CommandShortcut
DA:3,0
DA:4,0
DA:5,0
DA:7,0
DA:14,0
DA:175,0
DA:176,0
DA:177,0
DA:178,0
DA:179,0
DA:180,0
DA:181,0
DA:182,0
DA:183,0
LF:14
LH:0
BRDA:33,0,0,0
BRDA:34,1,0,0
BRDA:37,2,0,0
BRF:3
BRH:0
end_of_record
TN:
SF:components/ui/context-menu.tsx
FN:9,ContextMenu
FN:15,ContextMenuTrigger
FN:23,ContextMenuGroup
FN:31,ContextMenuPortal
FN:39,ContextMenuSub
FN:45,ContextMenuRadioGroup
FN:56,ContextMenuSubTrigger
FN:80,ContextMenuSubContent
FN:96,ContextMenuContent
FN:114,ContextMenuItem
FN:137,ContextMenuCheckboxItem
FN:163,ContextMenuRadioItem
FN:187,ContextMenuLabel
FN:207,ContextMenuSeparator
FN:220,ContextMenuShortcut
FNF:15
FNH:0
FNDA:0,ContextMenu
FNDA:0,ContextMenuTrigger
FNDA:0,ContextMenuGroup
FNDA:0,ContextMenuPortal
FNDA:0,ContextMenuSub
FNDA:0,ContextMenuRadioGroup
FNDA:0,ContextMenuSubTrigger
FNDA:0,ContextMenuSubContent
FNDA:0,ContextMenuContent
FNDA:0,ContextMenuItem
FNDA:0,ContextMenuCheckboxItem
FNDA:0,ContextMenuRadioItem
FNDA:0,ContextMenuLabel
FNDA:0,ContextMenuSeparator
FNDA:0,ContextMenuShortcut
DA:3,0
DA:4,0
DA:5,0
DA:7,0
DA:237,0
DA:238,0
DA:239,0
DA:240,0
DA:241,0
DA:242,0
DA:243,0
DA:244,0
DA:245,0
DA:246,0
DA:247,0
DA:248,0
DA:249,0
DA:250,0
DA:251,0
LF:19
LH:0
BRDA:117,0,0,0
BRF:1
BRH:0
end_of_record
TN:
SF:components/ui/dialog.tsx
FN:9,Dialog
FN:15,DialogTrigger
FN:21,DialogPortal
FN:27,DialogClose
FN:33,DialogOverlay
FN:49,DialogContent
FN:84,DialogHeader
FN:94,DialogFooter
FN:107,DialogTitle
FN:120,DialogDescription
FNF:10
FNH:0
FNDA:0,Dialog
FNDA:0,DialogTrigger
FNDA:0,DialogPortal
FNDA:0,DialogClose
FNDA:0,DialogOverlay
FNDA:0,DialogContent
FNDA:0,DialogHeader
[...]
FNDA:0,(anonymous_2)
FNDA:0,(anonymous_3)
FNDA:0,(anonymous_4)
DA:3,0
DA:4,0
DA:6,0
DA:7,0
DA:8,0
DA:9,0
DA:11,0
DA:13,0
DA:14,0
LF:9
LH:0
BRF:0
BRH:0
end_of_record
TN:
SF:lib/demo-mode.ts
FN:39,shouldUseDemoMode
FN:65,getDemoModeConfig
FN:121,getRequiredApiKeys
FN:175,hasRequiredApiKeys
FN:180,(anonymous_11)
FN:191,getDemoModeMessage
FN:218,getDemoModeCTA
FNF:7
FNH:0
FNDA:0,shouldUseDemoMode
FNDA:0,getDemoModeConfig
FNDA:0,getRequiredApiKeys
FNDA:0,hasRequiredApiKeys
FNDA:0,(anonymous_11)
FNDA:0,getDemoModeMessage
FNDA:0,getDemoModeCTA
DA:39,0
DA:45,0
DA:46,0
DA:49,0
DA:54,0
DA:55,0
DA:59,0
DA:65,0
DA:71,0
DA:76,0
DA:77,0
DA:85,0
DA:86,0
DA:94,0
DA:95,0
DA:96,0
DA:103,0
DA:111,0
DA:121,0
DA:124,0
DA:126,0
DA:127,0
DA:130,0
DA:131,0
DA:132,0
DA:133,0
DA:134,0
DA:135,0
DA:136,0
DA:137,0
DA:138,0
DA:139,0
DA:144,0
DA:145,0
DA:146,0
DA:147,0
DA:148,0
DA:149,0
DA:154,0
DA:155,0
DA:156,0
DA:157,0
DA:158,0
DA:159,0
DA:164,0
DA:165,0
DA:169,0
DA:175,0
DA:179,0
DA:180,0
DA:182,0
DA:191,0
DA:192,0
DA:193,0
DA:195,0
DA:197,0
DA:199,0
DA:201,0
DA:204,0
DA:206,0
DA:208,0
DA:210,0
DA:218,0
DA:222,0
DA:223,0
DA:229,0
DA:230,0
DA:236,0
LF:68
LH:0
BRDA:42,0,0,0
BRDA:45,1,0,0
BRDA:45,1,1,0
BRDA:46,2,0,0
BRDA:46,2,1,0
BRDA:50,3,0,0
BRDA:50,3,1,0
BRDA:50,3,2,0
BRDA:50,3,3,0
BRDA:54,4,0,0
BRDA:54,4,1,0
BRDA:68,5,0,0
BRDA:69,6,0,0
BRDA:72,7,0,0
BRDA:72,7,1,0
BRDA:72,7,2,0
BRDA:72,7,3,0
BRDA:76,8,0,0
BRDA:76,8,1,0
BRDA:85,9,0,0
BRDA:85,9,1,0
BRDA:94,10,0,0
BRDA:94,10,1,0
BRDA:95,11,0,0
BRDA:95,11,1,0
BRDA:130,12,0,0
BRDA:130,12,1,0
BRDA:131,13,0,0
BRDA:131,13,1,0
BRDA:132,14,0,0
BRDA:132,14,1,0
BRDA:132,15,0,0
BRDA:132,15,1,0
BRDA:134,16,0,0
BRDA:134,16,1,0
BRDA:136,17,0,0
BRDA:136,17,1,0
BRDA:136,18,0,0
BRDA:136,18,1,0
BRDA:138,19,0,0
BRDA:138,19,1,0
BRDA:144,20,0,0
BRDA:144,20,1,0
BRDA:145,21,0,0
BRDA:145,21,1,0
BRDA:146,22,0,0
BRDA:146,22,1,0
BRDA:148,23,0,0
BRDA:148,23,1,0
BRDA:148,24,0,0
BRDA:148,24,1,0
BRDA:154,25,0,0
BRDA:154,25,1,0
BRDA:155,26,0,0
BRDA:155,26,1,0
BRDA:156,27,0,0
BRDA:156,27,1,0
BRDA:156,28,0,0
BRDA:156,28,1,0
BRDA:158,29,0,0
BRDA:158,29,1,0
BRDA:164,30,0,0
BRDA:164,30,1,0
BRDA:192,31,0,0
BRDA:192,31,1,0
BRDA:193,32,0,0
BRDA:193,32,1,0
BRDA:193,32,2,0
BRDA:193,32,3,0
BRDA:204,33,0,0
BRDA:204,33,1,0
BRDA:204,33,2,0
BRDA:222,34,0,0
BRDA:222,34,1,0
BRDA:222,35,0,0
BRDA:222,35,1,0
BRDA:229,36,0,0
BRDA:229,36,1,0
BRDA:229,37,0,0
BRDA:229,37,1,0
BRF:80
BRH:0
end_of_record
TN:
SF:lib/demo-results.ts
FN:717,getDemoResults
FN:718,(anonymous_5)
FN:724,hasDemoResults
FN:725,(anonymous_7)
FNF:4
FNH:0
FNDA:0,getDemoResults
FNDA:0,(anonymous_5)
FNDA:0,hasDemoResults
FNDA:0,(anonymous_7)
DA:13,0
DA:717,0
DA:718,0
DA:724,0
DA:725,0
LF:5
LH:0
BRF:0
BRH:0
end_of_record
TN:
SF:lib/security-templates.ts
FN:8,getSecurityTemplates
FNF:1
FNH:0
FNDA:0,getSecurityTemplates
DA:8,0
DA:9,0
DA:12,0
LF:3
LH:0
BRF:0
BRH:0
end_of_record
TN:
SF:lib/storage.ts
FN:39,(anonymous_1)
FN:41,(anonymous_2)
FN:52,(anonymous_3)
FN:54,(anonymous_4)
FN:57,(anonymous_5)
FN:65,(anonymous_6)
FN:67,(anonymous_7)
FN:72,(anonymous_8)
FN:76,(anonymous_9)
FN:82,(anonymous_10)
FN:84,(anonymous_11)
FN:84,(anonymous_12)
FN:87,(anonymous_13)
FN:95,(anonymous_14)
FN:97,(anonymous_15)
FN:102,(anonymous_16)
FN:104,(anonymous_17)
FN:108,getDefaultTemplates
FNF:18
FNH:18
FNDA:12,(anonymous_1)
FNDA:3,(anonymous_2)
FNDA:2,(anonymous_3)
FNDA:1,(anonymous_4)
FNDA:29,(anonymous_5)
FNDA:3,(anonymous_6)
FNDA:2,(anonymous_7)
FNDA:1,(anonymous_8)
FNDA:12,(anonymous_9)
FNDA:6,(anonymous_10)
FNDA:6,(anonymous_11)
FNDA:4,(anonymous_12)
FNDA:28,(anonymous_13)
FNDA:3,(anonymous_14)
FNDA:4,(anonymous_15)
FNDA:3,(anonymous_16)
FNDA:2,(anonymous_17)
FNDA:3,getDefaultTemplates
DA:3,1
DA:37,53
DA:40,12
DA:41,12
DA:43,12
DA:44,1
DA:46,11
DA:49,12
DA:53,2
DA:54,2
DA:58,29
DA:59,0
DA:61,29
DA:62,29
DA:66,3
DA:67,3
DA:68,3
DA:71,3
DA:72,3
DA:77,12
DA:78,12
DA:79,12
DA:83,6
DA:84,6
DA:88,28
DA:89,0
DA:91,28
DA:92,28
DA:96,3
DA:97,4
DA:98,3
DA:104,3
DA:109,3
LF:33
LH:31
BRDA:43,0,0,1
BRDA:43,0,1,11
BRDA:54,1,0,2
BRDA:54,1,1,1
BRDA:58,2,0,0
BRDA:58,2,1,29
BRDA:62,3,0,15
BRDA:62,3,1,14
BRDA:88,4,0,0
BRDA:88,4,1,28
BRDA:92,5,0,18
BRDA:92,5,1,10
BRF:12
BRH:10
end_of_record
TN:
SF:lib/topflow-execution-engine.ts
FN:19,(anonymous_1)
FN:55,(anonymous_2)
FN:64,(anonymous_3)
FN:80,(anonymous_4)
FN:92,(anonymous_5)
FN:118,(anonymous_6)
FN:138,(anonymous_7)
FN:138,(anonymous_8)
FN:143,(anonymous_9)
FN:174,(anonymous_10)
FN:192,(anonymous_11)
FN:216,(anonymous_12)
FN:232,(anonymous_13)
FNF:13
FNH:0
FNDA:0,(anonymous_1)
FNDA:0,(anonymous_2)
FNDA:0,(anonymous_3)
FNDA:0,(anonymous_4)
FNDA:0,(anonymous_5)
FNDA:0,(anonymous_6)
FNDA:0,(anonymous_7)
FNDA:0,(anonymous_8)
FNDA:0,(anonymous_9)
FNDA:0,(anonymous_10)
FNDA:0,(anonymous_11)
FNDA:0,(anonymous_12)
FNDA:0,(anonymous_13)
DA:1,0
DA:4,0
DA:5,0
DA:6,0
DA:7,0
DA:8,0
DA:9,0
DA:15,0
DA:24,0
DA:27,0
DA:29,0
DA:32,0
DA:35,0
DA:38,0
DA:41,0
DA:44,0
DA:47,0
DA:51,0
DA:56,0
DA:57,0
DA:58,0
DA:59,0
DA:60,0
DA:63,0
DA:64,0
DA:65,0
DA:66,0
DA:69,0
DA:77,0
DA:79,0
DA:80,0
DA:81,0
DA:82,0
DA:84,0
DA:87,0
DA:88,0
DA:89,0
DA:97,0
DA:98,0
DA:99,0
DA:100,0
DA:103,0
DA:106,0
DA:108,0
DA:115,0
DA:123,0
DA:124,0
DA:127,0
DA:129,0
DA:131,0
DA:138,0
DA:140,0
DA:148,0
DA:149,0
DA:150,0
DA:151,0
DA:153,0
DA:156,0
DA:170,0
DA:171,0
DA:179,0
DA:180,0
DA:182,0
DA:184,0
DA:189,0
DA:197,0
DA:198,0
DA:199,0
DA:201,0
DA:202,0
DA:205,0
DA:207,0
DA:213,0
DA:217,0
DA:218,0
DA:221,0
DA:222,0
DA:223,0
DA:225,0
DA:233,0
DA:235,0
DA:237,0
DA:238,0
DA:241,0
DA:242,0
DA:245,0
DA:246,0
DA:249,0
DA:250,0
DA:253,0
LF:90
LH:0
BRDA:27,0,0,0
BRDA:27,0,1,0
BRDA:27,0,2,0
BRDA:27,0,3,0
BRDA:27,0,4,0
BRDA:27,0,5,0
BRDA:27,0,6,0
BRDA:27,0,7,0
BRDA:57,1,0,0
BRDA:57,1,1,0
BRDA:58,2,0,0
BRDA:58,2,1,0
BRDA:59,3,0,0
BRDA:59,3,1,0
BRDA:60,4,0,0
BRDA:60,4,1,0
BRDA:77,5,0,0
BRDA:77,5,1,0
BRDA:77,6,0,0
BRDA:77,6,1,0
BRDA:98,7,0,0
BRDA:98,7,1,0
BRDA:99,8,0,0
BRDA:99,8,1,0
BRDA:100,9,0,0
BRDA:100,9,1,0
BRDA:106,10,0,0
BRDA:106,10,1,0
BRDA:124,11,0,0
BRDA:124,11,1,0
BRDA:129,12,0,0
BRDA:129,12,1,0
BRDA:138,13,0,0
BRDA:138,13,1,0
BRDA:149,14,0,0
BRDA:149,14,1,0
BRDA:150,15,0,0
BRDA:150,15,1,0
BRDA:151,16,0,0
BRDA:151,16,1,0
BRDA:153,17,0,0
BRDA:153,17,1,0
BRDA:180,18,0,0
BRDA:180,18,1,0
BRDA:182,19,0,0
BRDA:182,19,1,0
BRDA:198,20,0,0
BRDA:198,20,1,0
BRDA:199,21,0,0
BRDA:199,21,1,0
BRDA:202,22,0,0
BRDA:202,22,1,0
BRDA:218,23,0,0
BRDA:218,23,1,0
BRDA:235,24,0,0
BRDA:235,24,1,0
BRDA:235,24,2,0
BRDA:235,24,3,0
BRDA:235,24,4,0
BRDA:237,25,0,0
BRDA:237,25,1,0
BRDA:241,26,0,0
BRDA:241,26,1,0
BRDA:245,27,0,0
BRDA:245,27,1,0
BRDA:249,28,0,0
BRDA:249,28,1,0
BRF:67
BRH:0
end_of_record
TN:
SF:lib/utils.ts
FN:4,cn
FNF:1
FNH:1
FNDA:6,cn
DA:1,1
DA:2,1
DA:4,6
DA:5,6
LF:4
LH:4
BRF:0
BRH:0
end_of_record
TN:
SF:lib/workflow-store.ts
FN:35,(anonymous_1)
FN:43,(anonymous_2)
FN:44,(anonymous_3)
FN:46,(anonymous_4)
FN:73,(anonymous_5)
FN:91,(anonymous_6)
FN:109,(anonymous_7)
FN:114,(anonymous_8)
FN:119,(anonymous_9)
FN:121,(anonymous_10)
FN:123,(anonymous_11)
FN:125,(anonymous_12)
FNF:12
FNH:12
FNDA:1,(anonymous_1)
FNDA:4,(anonymous_2)
FNDA:2,(anonymous_3)
FNDA:82,(anonymous_4)
FNDA:8,(anonymous_5)
FNDA:3,(anonymous_6)
FNDA:11,(anonymous_7)
FNDA:6,(anonymous_8)
FNDA:2,(anonymous_9)
FNDA:3,(anonymous_10)
FNDA:2,(anonymous_11)
FNDA:2,(anonymous_12)
DA:1,1
DA:33,1
DA:35,173
DA:43,4
DA:44,2
DA:47,82
DA:48,82
DA:56,82
DA:57,82
DA:60,82
DA:61,5
DA:64,82
DA:74,8
DA:75,8
DA:77,6
DA:78,6
DA:80,6
DA:81,6
DA:86,6
DA:88,0
DA:92,3
DA:93,3
DA:95,1
DA:96,1
DA:98,1
DA:99,1
DA:104,1
DA:106,0
DA:110,11
DA:111,11
DA:115,6
DA:116,6
DA:119,2
DA:121,3
DA:123,2
DA:125,2
LF:36
LH:34
BRDA:60,0,0,5
BRDA:60,0,1,77
BRDA:75,1,0,2
BRDA:75,1,1,6
BRDA:80,2,0,6
BRDA:80,2,1,0
BRDA:93,3,0,2
BRDA:93,3,1,1
BRDA:98,4,0,1
BRDA:98,4,1,0
BRF:10
BRH:8
end_of_record
TN:
SF:lib/demo-data/default-workflow.ts
FN:706,getDefaultWorkflowDemo
FNF:1
FNH:0
FNDA:0,getDefaultWorkflowDemo
DA:22,0
DA:422,0
DA:706,0
DA:709,0
LF:4
LH:0
BRF:0
BRH:0
end_of_record
TN:
SF:lib/demo-data/index.ts
FN:36,(anonymous_12)
FN:39,(anonymous_13)
FN:40,(anonymous_14)
FN:41,(anonymous_15)
FN:42,(anonymous_16)
FN:43,(anonymous_17)
FN:44,(anonymous_18)
FN:45,(anonymous_19)
FN:46,(anonymous_20)
FN:52,hasDemoData
FN:61,getDemoWorkflowResult
FN:76,getDemoNodeResult
FN:98,getDemoNodeIds
FN:108,getDemoMetadata
FN:123,getAvailableDemoWorkflows
FN:130,getDemoStats
FN:132,(anonymous_28)
FN:140,(anonymous_29)
FNF:18
FNH:0
FNDA:0,(anonymous_12)
FNDA:0,(anonymous_13)
FNDA:0,(anonymous_14)
FNDA:0,(anonymous_15)
FNDA:0,(anonymous_16)
FNDA:0,(anonymous_17)
FNDA:0,(anonymous_18)
FNDA:0,(anonymous_19)
FNDA:0,(anonymous_20)
FNDA:0,hasDemoData
FNDA:0,getDemoWorkflowResult
FNDA:0,getDemoNodeResult
FNDA:0,getDemoNodeIds
FNDA:0,getDemoMetadata
FNDA:0,getAvailableDemoWorkflows
FNDA:0,getDemoStats
FNDA:0,(anonymous_28)
FNDA:0,(anonymous_29)
DA:12,0
DA:13,0
DA:14,0
DA:15,0
DA:23,0
DA:28,0
DA:36,0
DA:40,0
DA:42,0
DA:44,0
DA:46,0
DA:52,0
DA:53,0
DA:54,0
DA:61,0
DA:64,0
DA:66,0
DA:67,0
DA:69,0
DA:76,0
DA:84,0
DA:85,0
DA:86,0
DA:87,0
DA:92,0
DA:98,0
DA:99,0
DA:101,0
DA:102,0
DA:108,0
DA:109,0
DA:111,0
DA:112,0
DA:118,0
DA:123,0
DA:124,0
DA:130,0
DA:131,0
DA:132,0
DA:133,0
DA:134,0
DA:137,0
DA:141,0
DA:142,0
LF:44
LH:0
BRDA:53,0,0,0
BRDA:53,0,1,0
BRDA:64,1,0,0
BRDA:64,1,1,0
BRDA:67,2,0,0
BRDA:67,2,1,0
BRDA:81,3,0,0
BRDA:84,4,0,0
BRDA:84,4,1,0
BRDA:86,5,0,0
BRDA:86,5,1,0
BRDA:99,6,0,0
BRDA:99,6,1,0
BRDA:102,7,0,0
BRDA:102,7,1,0
BRDA:109,8,0,0
BRDA:109,8,1,0
BRDA:134,9,0,0
BRDA:134,9,1,0
BRDA:145,10,0,0
BRDA:145,10,1,0
BRF:21
BRH:0
end_of_record
TN:
SF:lib/demo-data/node-mocks.ts
FN:17,getSimulatedDuration
FN:38,generateMockTextOutput
FN:114,getMockImageOutput
FN:147,generateMockHttpResponse
FN:264,generateMockStructuredOutput
FN:370,generateMockEmbedding
FN:392,generateMockAudioOutput
FN:406,generateMockPromptOutput
FN:414,(anonymous_20)
FN:429,generateMockJavaScriptOutput
FN:463,generateMockConditionalOutput
FN:483,getMockNodeOutput
FNF:12
FNH:0
FNDA:0,getSimulatedDuration
FNDA:0,generateMockTextOutput
FNDA:0,getMockImageOutput
FNDA:0,generateMockHttpResponse
FNDA:0,generateMockStructuredOutput
FNDA:0,generateMockEmbedding
FNDA:0,generateMockAudioOutput
FNDA:0,generateMockPromptOutput
FNDA:0,(anonymous_20)
FNDA:0,generateMockJavaScriptOutput
FNDA:0,generateMockConditionalOutput
FNDA:0,getMockNodeOutput
DA:17,0
DA:18,0
DA:32,0
DA:38,0
DA:39,0
DA:40,0
DA:42,0
DA:45,0
DA:46,0
DA:60,0
DA:61,0
DA:66,0
DA:67,0
DA:80,0
DA:81,0
DA:94,0
DA:105,0
DA:114,0
DA:117,0
DA:118,0
DA:121,0
DA:129,0
DA:136,0
DA:147,0
DA:148,0
DA:149,0
DA:152,0
DA:153,0
DA:175,0
DA:176,0
DA:196,0
DA:197,0
DA:214,0
DA:215,0
DA:246,0
DA:264,0
DA:267,0
DA:270,0
DA:273,0
DA:274,0
DA:302,0
DA:303,0
DA:322,0
DA:323,0
DA:344,0
DA:360,0
DA:370,0
DA:371,0
DA:372,0
DA:379,0
DA:380,0
DA:382,0
DA:383,0
DA:386,0
DA:392,0
DA:393,0
DA:395,0
DA:406,0
DA:410,0
DA:413,0
DA:414,0
DA:415,0
DA:416,0
DA:417,0
DA:423,0
DA:429,0
DA:430,0
DA:433,0
DA:435,0
DA:443,0
DA:445,0
DA:448,0
DA:449,0
DA:453,0
DA:463,0
DA:464,0
DA:467,0
DA:473,0
DA:477,0
DA:483,0
DA:488,0
DA:490,0
DA:493,0
DA:496,0
DA:499,0
DA:502,0
DA:505,0
DA:508,0
DA:511,0
DA:514,0
DA:517,0
DA:520,0
DA:528,0
DA:529,0
DA:532,0
LF:95
LH:0
BRDA:32,0,0,0
BRDA:32,0,1,0
BRDA:39,1,0,0
BRDA:39,1,1,0
BRDA:40,2,0,0
BRDA:40,2,1,0
BRDA:45,3,0,0
BRDA:45,3,1,0
BRDA:60,4,0,0
BRDA:60,4,1,0
BRDA:60,5,0,0
BRDA:60,5,1,0
BRDA:66,6,0,0
BRDA:66,6,1,0
BRDA:80,7,0,0
BRDA:80,7,1,0
BRDA:117,8,0,0
BRDA:117,8,1,0
BRDA:118,9,0,0
BRDA:118,9,1,0
BRDA:138,10,0,0
BRDA:138,10,1,0
BRDA:140,11,0,0
BRDA:140,11,1,0
BRDA:148,12,0,0
BRDA:148,12,1,0
BRDA:149,13,0,0
BRDA:149,13,1,0
BRDA:152,14,0,0
BRDA:152,14,1,0
BRDA:152,15,0,0
BRDA:152,15,1,0
BRDA:175,16,0,0
BRDA:175,16,1,0
BRDA:196,17,0,0
BRDA:196,17,1,0
BRDA:196,18,0,0
BRDA:196,18,1,0
BRDA:214,19,0,0
BRDA:214,19,1,0
BRDA:214,20,0,0
BRDA:214,20,1,0
BRDA:267,21,0,0
BRDA:267,21,1,0
BRDA:273,22,0,0
BRDA:273,22,1,0
BRDA:273,23,0,0
BRDA:273,23,1,0
BRDA:302,24,0,0
BRDA:302,24,1,0
BRDA:302,25,0,0
BRDA:302,25,1,0
BRDA:322,26,0,0
BRDA:322,26,1,0
BRDA:322,27,0,0
BRDA:322,27,1,0
BRDA:371,28,0,0
BRDA:371,28,1,0
BRDA:372,29,0,0
BRDA:372,29,1,0
BRDA:374,30,0,0
BRDA:374,30,1,0
BRDA:393,31,0,0
BRDA:393,31,1,0
BRDA:410,32,0,0
BRDA:410,32,1,0
BRDA:410,32,2,0
BRDA:413,33,0,0
BRDA:413,33,1,0
BRDA:416,34,0,0
BRDA:416,34,1,0
BRDA:419,35,0,0
BRDA:419,35,1,0
BRDA:423,36,0,0
BRDA:423,36,1,0
BRDA:430,37,0,0
BRDA:430,37,1,0
BRDA:433,38,0,0
BRDA:433,38,1,0
BRDA:433,39,0,0
BRDA:433,39,1,0
BRDA:443,40,0,0
BRDA:443,40,1,0
BRDA:443,41,0,0
BRDA:443,41,1,0
BRDA:448,42,0,0
BRDA:448,42,1,0
BRDA:448,43,0,0
BRDA:448,43,1,0
BRDA:464,44,0,0
BRDA:464,44,1,0
BRDA:467,45,0,0
BRDA:467,45,1,0
BRDA:468,46,0,0
BRDA:468,46,1,0
BRDA:468,46,2,0
BRDA:486,47,0,0
BRDA:488,48,0,0
BRDA:488,48,1,0
BRDA:488,48,2,0
BRDA:488,48,3,0
BRDA:488,48,4,0
BRDA:488,48,5,0
BRDA:488,48,6,0
BRDA:488,48,7,0
BRDA:488,48,8,0
BRDA:488,48,9,0
BRDA:488,48,10,0
BRDA:488,48,11,0
BRDA:488,48,12,0
BRDA:490,49,0,0
BRDA:490,49,1,0
BRDA:521,50,0,0
BRDA:521,50,1,0
BRDA:529,51,0,0
BRDA:529,51,1,0
BRF:116
BRH:0
end_of_record
TN:
SF:lib/demo-data/ot-workflow.ts
FNF:0
FNH:0
DA:24,0
LF:1
LH:0
BRF:0
BRH:0
end_of_record
TN:
SF:lib/docs/generate-search-index.ts
FN:20,getSectionFromHref
FN:30,extractFromNavSection
FN:43,(anonymous_6)
FN:59,extractFromSidebar
FN:61,(anonymous_8)
FN:62,(anonymous_9)
FN:73,generateSearchIndex
FN:77,(anonymous_11)
FN:82,(anonymous_12)
FN:86,(anonymous_13)
FN:92,(anonymous_14)
FN:98,(anonymous_15)
FN:104,(anonymous_16)
FN:108,(anonymous_17)
FN:130,searchDocs
FN:139,(anonymous_19)
FN:173,(anonymous_20)
FN:188,(anonymous_21)
FN:189,(anonymous_22)
FN:190,(anonymous_23)
FNF:20
FNH:0
FNDA:0,getSectionFromHref
FNDA:0,extractFromNavSection
FNDA:0,(anonymous_6)
FNDA:0,extractFromSidebar
FNDA:0,(anonymous_8)
FNDA:0,(anonymous_9)
FNDA:0,generateSearchIndex
FNDA:0,(anonymous_11)
FNDA:0,(anonymous_12)
FNDA:0,(anonymous_13)
FNDA:0,(anonymous_14)
FNDA:0,(anonymous_15)
FNDA:0,(anonymous_16)
FNDA:0,(anonymous_17)
FNDA:0,searchDocs
FNDA:0,(anonymous_19)
FNDA:0,(anonymous_20)
FNDA:0,(anonymous_21)
FNDA:0,(anonymous_22)
FNDA:0,(anonymous_23)
DA:8,0
DA:21,0
DA:22,0
DA:23,0
DA:24,0
DA:31,0
DA:34,0
DA:42,0
DA:43,0
DA:44,0
DA:53,0
DA:60,0
DA:61,0
DA:62,0
DA:73,0
DA:74,0
DA:77,0
DA:78,0
DA:82,0
DA:85,0
DA:86,0
DA:88,0
DA:91,0
DA:92,0
DA:94,0
DA:97,0
DA:98,0
DA:100,0
DA:103,0
DA:104,0
DA:108,0
DA:109,0
DA:110,0
DA:113,0
DA:114,0
DA:117,0
DA:124,0
DA:130,0
DA:131,0
DA:132,0
DA:135,0
DA:136,0
DA:139,0
DA:140,0
DA:141,0
DA:142,0
DA:144,0
DA:147,0
DA:148,0
DA:152,0
DA:153,0
DA:157,0
DA:158,0
DA:162,0
DA:163,0
DA:167,0
DA:168,0
DA:172,0
DA:174,0
DA:179,0
DA:180,0
DA:183,0
DA:188,0
DA:189,0
DA:190,0
LF:65
LH:0
BRDA:21,0,0,0
BRDA:21,0,1,0
BRDA:22,1,0,0
BRDA:22,1,1,0
BRDA:23,2,0,0
BRDA:23,2,1,0
BRDA:42,3,0,0
BRDA:42,3,1,0
BRDA:47,4,0,0
BRDA:47,4,1,0
BRDA:65,5,0,0
BRDA:65,5,1,0
BRDA:109,6,0,0
BRDA:109,6,1,0
BRDA:131,7,0,0
BRDA:131,7,1,0
BRDA:131,8,0,0
BRDA:131,8,1,0
BRDA:141,9,0,0
BRDA:141,9,1,0
BRDA:147,10,0,0
BRDA:147,10,1,0
BRDA:152,11,0,0
BRDA:152,11,1,0
BRDA:157,12,0,0
BRDA:157,12,1,0
BRDA:162,13,0,0
BRDA:162,13,1,0
BRDA:167,14,0,0
BRDA:167,14,1,0
BRDA:174,15,0,0
BRDA:174,15,1,0
BRDA:174,15,2,0
BRDA:179,16,0,0
BRDA:179,16,1,0
BRDA:179,17,0,0
BRDA:179,17,1,0
BRF:37
BRH:0
end_of_record
TN:
SF:lib/docs/navigation-data.ts
FNF:0
FNH:0
DA:13,0
DA:95,0
DA:105,0
DA:120,0
LF:4
LH:0
BRF:0
BRH:0
end_of_record
TN:
SF:lib/docs/sidebar-data.ts
FNF:0
FNH:0
DA:3,0
DA:31,0
DA:59,0
LF:3
LH:0
BRF:0
BRH:0
end_of_record
TN:
SF:lib/security/encryption.ts
FN:5,getEncryptionKey
FN:17,encryptValue
FN:41,decryptValue
FN:50,(anonymous_10)
FN:68,encryptApiKeys
FN:81,decryptApiKeys
FN:100,isEncrypted
FN:105,migrateApiKeys
FNF:8
FNH:0
FNDA:0,getEncryptionKey
FNDA:0,encryptValue
FNDA:0,decryptValue
FNDA:0,(anonymous_10)
FNDA:0,encryptApiKeys
FNDA:0,decryptApiKeys
FNDA:0,isEncrypted
FNDA:0,migrateApiKeys
DA:1,0
DA:2,0
DA:10,0
DA:11,0
DA:13,0
DA:17,0
DA:18,0
DA:19,0
DA:20,0
DA:21,0
DA:22,0
DA:24,0
DA:27,0
DA:28,0
DA:29,0
DA:32,0
DA:33,0
DA:35,0
DA:36,0
DA:41,0
DA:42,0
DA:44,0
DA:46,0
DA:49,0
DA:50,0
DA:53,0
DA:54,0
DA:56,0
DA:57,0
DA:59,0
DA:60,0
DA:62,0
DA:63,0
DA:68,0
DA:69,0
DA:71,0
DA:72,0
DA:73,0
DA:77,0
DA:81,0
DA:82,0
DA:84,0
DA:85,0
DA:86,0
DA:87,0
DA:89,0
DA:91,0
DA:96,0
DA:100,0
DA:101,0
DA:105,0
DA:106,0
DA:108,0
DA:109,0
DA:110,0
DA:112,0
DA:113,0
DA:116,0
DA:117,0
DA:118,0
DA:119,0
DA:123,0
DA:124,0
DA:125,0
DA:126,0
DA:127,0
DA:130,0
LF:67
LH:0
BRDA:44,0,0,0
BRDA:44,0,1,0
BRDA:72,1,0,0
BRDA:72,1,1,0
BRDA:85,2,0,0
BRDA:85,2,1,0
BRDA:106,3,0,0
BRDA:106,3,1,0
BRDA:110,4,0,0
BRDA:110,4,1,0
BRDA:117,5,0,0
BRDA:117,5,1,0
BRDA:117,6,0,0
BRDA:117,6,1,0
BRDA:117,6,2,0
BRDA:123,7,0,0
BRDA:123,7,1,0
BRF:17
BRH:0
end_of_record
TN:
SF:lib/security/validation-engine.ts
FN:77,checkSSRF
FN:83,(anonymous_4)
FN:95,(anonymous_5)
FN:132,checkPII
FN:153,validateWorkflow
FN:159,(anonymous_8)
FN:181,(anonymous_9)
FN:195,(anonymous_10)
FN:200,(anonymous_11)
FN:232,(anonymous_12)
FN:253,(anonymous_13)
FN:308,(anonymous_14)
FN:314,(anonymous_15)
FN:330,detectCycles
FN:334,(anonymous_17)
FN:335,(anonymous_18)
FN:344,dfs
FN:371,validateApiKeys
FN:375,(anonymous_21)
FN:381,(anonymous_22)
FN:384,(anonymous_23)
FNF:21
FNH:0
FNDA:0,checkSSRF
FNDA:0,(anonymous_4)
FNDA:0,(anonymous_5)
FNDA:0,checkPII
FNDA:0,validateWorkflow
FNDA:0,(anonymous_8)
FNDA:0,(anonymous_9)
FNDA:0,(anonymous_10)
FNDA:0,(anonymous_11)
FNDA:0,(anonymous_12)
FNDA:0,(anonymous_13)
FNDA:0,(anonymous_14)
FNDA:0,(anonymous_15)
FNDA:0,detectCycles
FNDA:0,(anonymous_17)
FNDA:0,(anonymous_18)
FNDA:0,dfs
FNDA:0,validateApiKeys
FNDA:0,(anonymous_21)
FNDA:0,(anonymous_22)
FNDA:0,(anonymous_23)
DA:32,0
DA:40,0
DA:53,0
DA:78,0
DA:79,0
DA:80,0
DA:83,0
DA:84,0
DA:95,0
DA:96,0
DA:107,0
DA:108,0
DA:118,0
DA:120,0
DA:133,0
DA:135,0
DA:136,0
DA:137,0
DA:138,0
DA:149,0
DA:153,0
DA:154,0
DA:155,0
DA:156,0
DA:159,0
DA:160,0
DA:161,0
DA:169,0
DA:170,0
DA:181,0
DA:182,0
DA:183,0
DA:194,0
DA:195,0
DA:196,0
DA:197,0
DA:200,0
DA:201,0
DA:202,0
DA:216,0
DA:217,0
DA:218,0
DA:229,0
DA:230,0
DA:232,0
DA:233,0
DA:234,0
DA:235,0
DA:236,0
DA:237,0
DA:238,0
DA:239,0
DA:240,0
DA:241,0
DA:243,0
DA:249,0
DA:250,0
DA:251,0
DA:252,0
DA:253,0
DA:254,0
DA:255,0
DA:256,0
DA:258,0
DA:263,0
DA:264,0
DA:265,0
DA:266,0
DA:281,0
DA:289,0
DA:297,0
DA:305,0
DA:308,0
DA:314,0
DA:315,0
DA:316,0
DA:317,0
DA:318,0
DA:320,0
DA:331,0
DA:334,0
DA:335,0
DA:336,0
DA:337,0
DA:338,0
DA:341,0
DA:342,0
DA:345,0
DA:346,0
DA:348,0
DA:349,0
DA:350,0
DA:351,0
DA:352,0
DA:357,0
DA:358,0
DA:361,0
DA:362,0
DA:363,0
DA:367,0
DA:371,0
DA:372,0
DA:374,0
DA:376,0
DA:381,0
DA:383,0
DA:385,0
DA:389,0
DA:390,0
DA:400,0
DA:401,0
DA:411,0
DA:412,0
DA:422,0
LF:114
LH:0
BRDA:83,0,0,0
BRDA:83,0,1,0
BRDA:83,1,0,0
BRDA:83,1,1,0
BRDA:95,2,0,0
BRDA:95,2,1,0
BRDA:107,3,0,0
BRDA:107,3,1,0
BRDA:137,4,0,0
BRDA:137,4,1,0
BRDA:137,5,0,0
BRDA:137,5,1,0
BRDA:160,6,0,0
BRDA:160,6,1,0
BRDA:169,7,0,0
BRDA:169,7,1,0
BRDA:182,8,0,0
BRDA:182,8,1,0
BRDA:201,9,0,0
BRDA:201,9,1,0
BRDA:201,10,0,0
BRDA:201,10,1,0
BRDA:207,11,0,0
BRDA:207,11,1,0
BRDA:207,11,2,0
BRDA:209,12,0,0
BRDA:209,12,1,0
BRDA:217,13,0,0
BRDA:217,13,1,0
BRDA:233,14,0,0
BRDA:233,14,1,0
BRDA:234,15,0,0
BRDA:234,15,1,0
BRDA:236,16,0,0
BRDA:236,16,1,0
BRDA:239,17,0,0
BRDA:239,17,1,0
BRDA:249,18,0,0
BRDA:249,18,1,0
BRDA:249,19,0,0
BRDA:249,19,1,0
BRDA:250,20,0,0
BRDA:250,20,1,0
BRDA:250,20,2,0
BRDA:252,21,0,0
BRDA:252,21,1,0
BRDA:263,22,0,0
BRDA:263,22,1,0
BRDA:264,23,0,0
BRDA:264,23,1,0
BRDA:265,24,0,0
BRDA:265,24,1,0
BRDA:336,25,0,0
BRDA:336,25,1,0
BRDA:348,26,0,0
BRDA:348,26,1,0
BRDA:350,27,0,0
BRDA:350,27,1,0
BRDA:351,28,0,0
BRDA:351,28,1,0
BRDA:352,29,0,0
BRDA:352,29,1,0
BRDA:362,30,0,0
BRDA:362,30,1,0
BRDA:363,31,0,0
BRDA:363,31,1,0
BRDA:376,32,0,0
BRDA:376,32,1,0
BRDA:376,32,2,0
BRDA:376,32,3,0
BRDA:376,32,4,0
BRDA:376,32,5,0
BRDA:381,33,0,0
BRDA:381,33,1,0
BRDA:385,34,0,0
BRDA:385,34,1,0
BRDA:385,34,2,0
BRDA:385,34,3,0
BRDA:389,35,0,0
BRDA:389,35,1,0
BRDA:389,36,0,0
BRDA:389,36,1,0
BRDA:400,37,0,0
BRDA:400,37,1,0
BRDA:400,38,0,0
BRDA:400,38,1,0
BRDA:411,39,0,0
BRDA:411,39,1,0
BRDA:411,40,0,0
BRDA:411,40,1,0
BRF:90
BRH:0
end_of_record
